{"C:\\Users\\zineb\\Documents\\M2-YNOV\\Projet-Master\\recycle-app\\firebaseConfig.tsx": {"path":"C:\\Users\\zineb\\Documents\\M2-YNOV\\Projet-Master\\recycle-app\\firebaseConfig.tsx","statementMap":{"0":{"start":{"line":2,"column":0},"end":{"line":2,"column":45}},"1":{"start":{"line":3,"column":0},"end":{"line":3,"column":61}},"2":{"start":{"line":4,"column":0},"end":{"line":4,"column":76}},"3":{"start":{"line":5,"column":0},"end":{"line":5,"column":46}},"4":{"start":{"line":8,"column":23},"end":{"line":15,"column":2}},"5":{"start":{"line":18,"column":12},"end":{"line":18,"column":41}},"6":{"start":{"line":32,"column":9},"end":{"line":32,"column":12}},"7":{"start":{"line":21,"column":13},"end":{"line":21,"column":22}},"8":{"start":{"line":32,"column":14},"end":{"line":32,"column":18}},"9":{"start":{"line":22,"column":11},"end":{"line":22,"column":25}},"10":{"start":{"line":32,"column":20},"end":{"line":32,"column":22}},"11":{"start":{"line":23,"column":16},"end":{"line":23,"column":28}},"12":{"start":{"line":32,"column":24},"end":{"line":32,"column":31}},"13":{"start":{"line":26,"column":0},"end":{"line":30,"column":1}}},"fnMap":{},"branchMap":{"0":{"loc":{"start":{"line":26,"column":0},"end":{"line":30,"column":1}},"type":"if","locations":[{"start":{"line":26,"column":0},"end":{"line":30,"column":1}}]}},"s":{"0":2,"1":2,"2":2,"3":2,"4":2,"5":2,"6":2,"7":2,"8":2,"9":2,"10":2,"11":2,"12":2,"13":2},"f":{},"b":{"0":[0]}}
,"C:\\Users\\zineb\\Documents\\M2-YNOV\\Projet-Master\\recycle-app\\src\\components\\MapComponent.tsx": {"path":"C:\\Users\\zineb\\Documents\\M2-YNOV\\Projet-Master\\recycle-app\\src\\components\\MapComponent.tsx","statementMap":{"0":{"start":{"line":1,"column":0},"end":{"line":1,"column":51}},"1":{"start":{"line":2,"column":0},"end":{"line":2,"column":101}},"2":{"start":{"line":3,"column":0},"end":{"line":3,"column":60}},"3":{"start":{"line":4,"column":0},"end":{"line":4,"column":42}},"4":{"start":{"line":5,"column":0},"end":{"line":5,"column":48}},"5":{"start":{"line":8,"column":19},"end":{"line":8,"column":23}},"6":{"start":{"line":9,"column":18},"end":{"line":9,"column":22}},"7":{"start":{"line":10,"column":27},"end":{"line":10,"column":31}},"8":{"start":{"line":12,"column":0},"end":{"line":17,"column":1}},"9":{"start":{"line":13,"column":15},"end":{"line":13,"column":43}},"10":{"start":{"line":14,"column":2},"end":{"line":14,"column":25}},"11":{"start":{"line":15,"column":2},"end":{"line":15,"column":23}},"12":{"start":{"line":16,"column":2},"end":{"line":16,"column":41}},"13":{"start":{"line":19,"column":21},"end":{"line":367,"column":1}},"14":{"start":{"line":24,"column":48},"end":{"line":24,"column":67}},"15":{"start":{"line":25,"column":44},"end":{"line":25,"column":63}},"16":{"start":{"line":26,"column":32},"end":{"line":26,"column":44}},"17":{"start":{"line":27,"column":46},"end":{"line":27,"column":61}},"18":{"start":{"line":30,"column":31},"end":{"line":105,"column":3}},"19":{"start":{"line":31,"column":4},"end":{"line":31,"column":26}},"20":{"start":{"line":31,"column":19},"end":{"line":31,"column":26}},"21":{"start":{"line":33,"column":36},"end":{"line":33,"column":44}},"22":{"start":{"line":34,"column":18},"end":{"line":34,"column":22}},"23":{"start":{"line":35,"column":22},"end":{"line":35,"column":67}},"24":{"start":{"line":37,"column":26},"end":{"line":41,"column":6}},"25":{"start":{"line":43,"column":4},"end":{"line":104,"column":5}},"26":{"start":{"line":44,"column":23},"end":{"line":51,"column":8}},"27":{"start":{"line":54,"column":6},"end":{"line":57,"column":7}},"28":{"start":{"line":55,"column":8},"end":{"line":55,"column":56}},"29":{"start":{"line":56,"column":8},"end":{"line":56,"column":15}},"30":{"start":{"line":59,"column":19},"end":{"line":59,"column":40}},"31":{"start":{"line":62,"column":6},"end":{"line":65,"column":7}},"32":{"start":{"line":63,"column":8},"end":{"line":63,"column":62}},"33":{"start":{"line":64,"column":8},"end":{"line":64,"column":15}},"34":{"start":{"line":67,"column":19},"end":{"line":67,"column":35}},"35":{"start":{"line":69,"column":6},"end":{"line":76,"column":7}},"36":{"start":{"line":70,"column":8},"end":{"line":75,"column":13}},"37":{"start":{"line":70,"column":59},"end":{"line":75,"column":10}},"38":{"start":{"line":78,"column":6},"end":{"line":78,"column":56}},"39":{"start":{"line":80,"column":6},"end":{"line":103,"column":7}},"40":{"start":{"line":81,"column":25},"end":{"line":88,"column":10}},"41":{"start":{"line":90,"column":8},"end":{"line":100,"column":9}},"42":{"start":{"line":91,"column":23},"end":{"line":91,"column":44}},"43":{"start":{"line":92,"column":10},"end":{"line":99,"column":11}},"44":{"start":{"line":93,"column":12},"end":{"line":98,"column":17}},"45":{"start":{"line":93,"column":63},"end":{"line":98,"column":14}},"46":{"start":{"line":102,"column":8},"end":{"line":102,"column":58}},"47":{"start":{"line":108,"column":24},"end":{"line":113,"column":3}},"48":{"start":{"line":109,"column":4},"end":{"line":109,"column":61}},"49":{"start":{"line":109,"column":32},"end":{"line":109,"column":61}},"50":{"start":{"line":111,"column":57},"end":{"line":111,"column":69}},"51":{"start":{"line":112,"column":4},"end":{"line":112,"column":109}},"52":{"start":{"line":116,"column":38},"end":{"line":130,"column":3}},"53":{"start":{"line":117,"column":4},"end":{"line":117,"column":28}},"54":{"start":{"line":118,"column":4},"end":{"line":128,"column":5}},"55":{"start":{"line":119,"column":18},"end":{"line":119,"column":133}},"56":{"start":{"line":120,"column":23},"end":{"line":122,"column":8}},"57":{"start":{"line":123,"column":19},"end":{"line":123,"column":40}},"58":{"start":{"line":125,"column":6},"end":{"line":125,"column":38}},"59":{"start":{"line":127,"column":6},"end":{"line":127,"column":40}},"60":{"start":{"line":129,"column":4},"end":{"line":129,"column":29}},"61":{"start":{"line":133,"column":28},"end":{"line":143,"column":3}},"62":{"start":{"line":134,"column":4},"end":{"line":134,"column":28}},"63":{"start":{"line":135,"column":4},"end":{"line":135,"column":65}},"64":{"start":{"line":137,"column":4},"end":{"line":142,"column":7}},"65":{"start":{"line":146,"column":2},"end":{"line":153,"column":25}},"66":{"start":{"line":148,"column":22},"end":{"line":150,"column":11}},"67":{"start":{"line":149,"column":6},"end":{"line":149,"column":29}},"68":{"start":{"line":152,"column":4},"end":{"line":152,"column":41}},"69":{"start":{"line":152,"column":17},"end":{"line":152,"column":40}},"70":{"start":{"line":156,"column":2},"end":{"line":165,"column":17}},"71":{"start":{"line":157,"column":4},"end":{"line":164,"column":5}},"72":{"start":{"line":158,"column":6},"end":{"line":163,"column":9}},"73":{"start":{"line":169,"column":33},"end":{"line":234,"column":3}},"74":{"start":{"line":170,"column":52},"end":{"line":231,"column":6}},"75":{"start":{"line":233,"column":4},"end":{"line":233,"column":81}},"76":{"start":{"line":237,"column":2},"end":{"line":291,"column":3}},"77":{"start":{"line":238,"column":4},"end":{"line":290,"column":6}},"78":{"start":{"line":259,"column":16},"end":{"line":265,"column":null}},"79":{"start":{"line":262,"column":33},"end":{"line":262,"column":57}},"80":{"start":{"line":278,"column":33},"end":{"line":278,"column":61}},"81":{"start":{"line":279,"column":30},"end":{"line":279,"column":57}},"82":{"start":{"line":284,"column":45},"end":{"line":284,"column":67}},"83":{"start":{"line":294,"column":2},"end":{"line":366,"column":4}},"84":{"start":{"line":316,"column":10},"end":{"line":318,"column":11}},"85":{"start":{"line":317,"column":12},"end":{"line":317,"column":24}},"86":{"start":{"line":321,"column":28},"end":{"line":321,"column":42}},"87":{"start":{"line":323,"column":10},"end":{"line":334,"column":11}},"88":{"start":{"line":324,"column":60},"end":{"line":332,"column":14}},"89":{"start":{"line":333,"column":12},"end":{"line":333,"column":65}},"90":{"start":{"line":336,"column":10},"end":{"line":344,"column":12}},"91":{"start":{"line":341,"column":29},"end":{"line":341,"column":53}},"92":{"start":{"line":354,"column":31},"end":{"line":354,"column":59}},"93":{"start":{"line":355,"column":28},"end":{"line":355,"column":55}},"94":{"start":{"line":360,"column":43},"end":{"line":360,"column":65}},"95":{"start":{"line":369,"column":15},"end":{"line":440,"column":2}},"96":{"start":{"line":442,"column":0},"end":{"line":442,"column":28}}},"fnMap":{"0":{"name":"(anonymous_9)","decl":{"start":{"line":19,"column":21},"end":{"line":19,"column":22}},"loc":{"start":{"line":23,"column":5},"end":{"line":367,"column":1}}},"1":{"name":"(anonymous_10)","decl":{"start":{"line":30,"column":31},"end":{"line":30,"column":36}},"loc":{"start":{"line":30,"column":42},"end":{"line":105,"column":3}}},"2":{"name":"(anonymous_11)","decl":{"start":{"line":70,"column":45},"end":{"line":70,"column":46}},"loc":{"start":{"line":70,"column":59},"end":{"line":75,"column":10}}},"3":{"name":"(anonymous_12)","decl":{"start":{"line":93,"column":49},"end":{"line":93,"column":50}},"loc":{"start":{"line":93,"column":63},"end":{"line":98,"column":14}}},"4":{"name":"(anonymous_13)","decl":{"start":{"line":108,"column":24},"end":{"line":108,"column":25}},"loc":{"start":{"line":108,"column":38},"end":{"line":113,"column":3}}},"5":{"name":"(anonymous_14)","decl":{"start":{"line":116,"column":38},"end":{"line":116,"column":43}},"loc":{"start":{"line":116,"column":84},"end":{"line":130,"column":3}}},"6":{"name":"(anonymous_15)","decl":{"start":{"line":133,"column":28},"end":{"line":133,"column":29}},"loc":{"start":{"line":133,"column":43},"end":{"line":143,"column":3}}},"7":{"name":"(anonymous_16)","decl":{"start":{"line":146,"column":12},"end":{"line":146,"column":15}},"loc":{"start":{"line":146,"column":17},"end":{"line":153,"column":3}}},"8":{"name":"(anonymous_17)","decl":{"start":{"line":148,"column":33},"end":{"line":148,"column":36}},"loc":{"start":{"line":148,"column":38},"end":{"line":150,"column":5}}},"9":{"name":"(anonymous_18)","decl":{"start":{"line":152,"column":11},"end":{"line":152,"column":14}},"loc":{"start":{"line":152,"column":17},"end":{"line":152,"column":40}}},"10":{"name":"(anonymous_19)","decl":{"start":{"line":156,"column":12},"end":{"line":156,"column":15}},"loc":{"start":{"line":156,"column":17},"end":{"line":165,"column":3}}},"11":{"name":"(anonymous_20)","decl":{"start":{"line":169,"column":33},"end":{"line":169,"column":34}},"loc":{"start":{"line":169,"column":57},"end":{"line":234,"column":3}}},"12":{"name":"(anonymous_21)","decl":{"start":{"line":258,"column":47},"end":{"line":258,"column":48}},"loc":{"start":{"line":259,"column":16},"end":{"line":265,"column":null}}},"13":{"name":"(anonymous_22)","decl":{"start":{"line":262,"column":27},"end":{"line":262,"column":30}},"loc":{"start":{"line":262,"column":33},"end":{"line":262,"column":57}}},"14":{"name":"(anonymous_23)","decl":{"start":{"line":278,"column":26},"end":{"line":278,"column":29}},"loc":{"start":{"line":278,"column":33},"end":{"line":278,"column":61}}},"15":{"name":"(anonymous_24)","decl":{"start":{"line":279,"column":23},"end":{"line":279,"column":26}},"loc":{"start":{"line":279,"column":30},"end":{"line":279,"column":57}}},"16":{"name":"(anonymous_25)","decl":{"start":{"line":284,"column":39},"end":{"line":284,"column":42}},"loc":{"start":{"line":284,"column":45},"end":{"line":284,"column":67}}},"17":{"name":"(anonymous_26)","decl":{"start":{"line":314,"column":29},"end":{"line":314,"column":34}},"loc":{"start":{"line":314,"column":37},"end":{"line":345,"column":9}}},"18":{"name":"(anonymous_27)","decl":{"start":{"line":341,"column":23},"end":{"line":341,"column":26}},"loc":{"start":{"line":341,"column":29},"end":{"line":341,"column":53}}},"19":{"name":"(anonymous_28)","decl":{"start":{"line":354,"column":24},"end":{"line":354,"column":27}},"loc":{"start":{"line":354,"column":31},"end":{"line":354,"column":59}}},"20":{"name":"(anonymous_29)","decl":{"start":{"line":355,"column":21},"end":{"line":355,"column":24}},"loc":{"start":{"line":355,"column":28},"end":{"line":355,"column":55}}},"21":{"name":"(anonymous_30)","decl":{"start":{"line":360,"column":37},"end":{"line":360,"column":40}},"loc":{"start":{"line":360,"column":43},"end":{"line":360,"column":65}}}},"branchMap":{"0":{"loc":{"start":{"line":12,"column":0},"end":{"line":17,"column":1}},"type":"if","locations":[{"start":{"line":12,"column":0},"end":{"line":17,"column":1}}]},"1":{"loc":{"start":{"line":31,"column":4},"end":{"line":31,"column":26}},"type":"if","locations":[{"start":{"line":31,"column":4},"end":{"line":31,"column":26}}]},"2":{"loc":{"start":{"line":35,"column":22},"end":{"line":35,"column":67}},"type":"cond-expr","locations":[{"start":{"line":35,"column":31},"end":{"line":35,"column":62}},{"start":{"line":35,"column":65},"end":{"line":35,"column":67}}]},"3":{"loc":{"start":{"line":54,"column":6},"end":{"line":57,"column":7}},"type":"if","locations":[{"start":{"line":54,"column":6},"end":{"line":57,"column":7}}]},"4":{"loc":{"start":{"line":62,"column":6},"end":{"line":65,"column":7}},"type":"if","locations":[{"start":{"line":62,"column":6},"end":{"line":65,"column":7}}]},"5":{"loc":{"start":{"line":69,"column":6},"end":{"line":76,"column":7}},"type":"if","locations":[{"start":{"line":69,"column":6},"end":{"line":76,"column":7}}]},"6":{"loc":{"start":{"line":90,"column":8},"end":{"line":100,"column":9}},"type":"if","locations":[{"start":{"line":90,"column":8},"end":{"line":100,"column":9}}]},"7":{"loc":{"start":{"line":92,"column":10},"end":{"line":99,"column":11}},"type":"if","locations":[{"start":{"line":92,"column":10},"end":{"line":99,"column":11}}]},"8":{"loc":{"start":{"line":109,"column":4},"end":{"line":109,"column":61}},"type":"if","locations":[{"start":{"line":109,"column":4},"end":{"line":109,"column":61}}]},"9":{"loc":{"start":{"line":109,"column":8},"end":{"line":109,"column":30}},"type":"binary-expr","locations":[{"start":{"line":109,"column":8},"end":{"line":109,"column":13}},{"start":{"line":109,"column":17},"end":{"line":109,"column":30}}]},"10":{"loc":{"start":{"line":112,"column":14},"end":{"line":112,"column":52}},"type":"cond-expr","locations":[{"start":{"line":112,"column":29},"end":{"line":112,"column":47}},{"start":{"line":112,"column":50},"end":{"line":112,"column":52}}]},"11":{"loc":{"start":{"line":112,"column":55},"end":{"line":112,"column":65}},"type":"binary-expr","locations":[{"start":{"line":112,"column":55},"end":{"line":112,"column":59}},{"start":{"line":112,"column":63},"end":{"line":112,"column":65}}]},"12":{"loc":{"start":{"line":112,"column":70},"end":{"line":112,"column":84}},"type":"binary-expr","locations":[{"start":{"line":112,"column":70},"end":{"line":112,"column":78}},{"start":{"line":112,"column":82},"end":{"line":112,"column":84}}]},"13":{"loc":{"start":{"line":112,"column":88},"end":{"line":112,"column":106}},"type":"binary-expr","locations":[{"start":{"line":112,"column":88},"end":{"line":112,"column":92}},{"start":{"line":112,"column":96},"end":{"line":112,"column":100}},{"start":{"line":112,"column":104},"end":{"line":112,"column":106}}]},"14":{"loc":{"start":{"line":157,"column":4},"end":{"line":164,"column":5}},"type":"if","locations":[{"start":{"line":157,"column":4},"end":{"line":164,"column":5}}]},"15":{"loc":{"start":{"line":157,"column":8},"end":{"line":157,"column":34}},"type":"binary-expr","locations":[{"start":{"line":157,"column":8},"end":{"line":157,"column":16}},{"start":{"line":157,"column":20},"end":{"line":157,"column":34}}]},"16":{"loc":{"start":{"line":233,"column":11},"end":{"line":233,"column":80}},"type":"binary-expr","locations":[{"start":{"line":233,"column":11},"end":{"line":233,"column":28}},{"start":{"line":233,"column":32},"end":{"line":233,"column":80}}]},"17":{"loc":{"start":{"line":237,"column":2},"end":{"line":291,"column":3}},"type":"if","locations":[{"start":{"line":237,"column":2},"end":{"line":291,"column":3}}]},"18":{"loc":{"start":{"line":247,"column":11},"end":{"line":252,"column":null}},"type":"binary-expr","locations":[{"start":{"line":247,"column":11},"end":{"line":247,"column":19}},{"start":{"line":248,"column":12},"end":{"line":251,"column":null}}]},"19":{"loc":{"start":{"line":255,"column":11},"end":{"line":268,"column":null}},"type":"binary-expr","locations":[{"start":{"line":255,"column":11},"end":{"line":255,"column":37}},{"start":{"line":256,"column":12},"end":{"line":267,"column":null}}]},"20":{"loc":{"start":{"line":272,"column":9},"end":{"line":287,"column":null}},"type":"binary-expr","locations":[{"start":{"line":272,"column":9},"end":{"line":272,"column":22}},{"start":{"line":273,"column":10},"end":{"line":286,"column":null}}]},"21":{"loc":{"start":{"line":282,"column":55},"end":{"line":282,"column":116}},"type":"cond-expr","locations":[{"start":{"line":282,"column":72},"end":{"line":282,"column":106}},{"start":{"line":282,"column":109},"end":{"line":282,"column":116}}]},"22":{"loc":{"start":{"line":302,"column":20},"end":{"line":302,"column":49}},"type":"binary-expr","locations":[{"start":{"line":302,"column":20},"end":{"line":302,"column":38}},{"start":{"line":302,"column":42},"end":{"line":302,"column":49}}]},"23":{"loc":{"start":{"line":303,"column":21},"end":{"line":303,"column":50}},"type":"binary-expr","locations":[{"start":{"line":303,"column":21},"end":{"line":303,"column":40}},{"start":{"line":303,"column":44},"end":{"line":303,"column":50}}]},"24":{"loc":{"start":{"line":307,"column":9},"end":{"line":312,"column":null}},"type":"binary-expr","locations":[{"start":{"line":307,"column":9},"end":{"line":307,"column":17}},{"start":{"line":308,"column":10},"end":{"line":311,"column":null}}]},"25":{"loc":{"start":{"line":316,"column":10},"end":{"line":318,"column":11}},"type":"if","locations":[{"start":{"line":316,"column":10},"end":{"line":318,"column":11}}]},"26":{"loc":{"start":{"line":316,"column":14},"end":{"line":316,"column":59}},"type":"binary-expr","locations":[{"start":{"line":316,"column":14},"end":{"line":316,"column":20}},{"start":{"line":316,"column":24},"end":{"line":316,"column":39}},{"start":{"line":316,"column":43},"end":{"line":316,"column":59}}]},"27":{"loc":{"start":{"line":323,"column":10},"end":{"line":334,"column":11}},"type":"if","locations":[{"start":{"line":323,"column":10},"end":{"line":334,"column":11}}]},"28":{"loc":{"start":{"line":333,"column":26},"end":{"line":333,"column":64}},"type":"binary-expr","locations":[{"start":{"line":333,"column":26},"end":{"line":333,"column":46}},{"start":{"line":333,"column":50},"end":{"line":333,"column":64}}]},"29":{"loc":{"start":{"line":348,"column":7},"end":{"line":363,"column":null}},"type":"binary-expr","locations":[{"start":{"line":348,"column":7},"end":{"line":348,"column":20}},{"start":{"line":349,"column":8},"end":{"line":362,"column":null}}]},"30":{"loc":{"start":{"line":358,"column":53},"end":{"line":358,"column":114}},"type":"cond-expr","locations":[{"start":{"line":358,"column":70},"end":{"line":358,"column":104}},{"start":{"line":358,"column":107},"end":{"line":358,"column":114}}]}},"s":{"0":1,"1":1,"2":1,"3":1,"4":1,"5":1,"6":1,"7":1,"8":1,"9":0,"10":0,"11":0,"12":0,"13":1,"14":15,"15":15,"16":15,"17":15,"18":15,"19":0,"20":0,"21":0,"22":0,"23":0,"24":0,"25":0,"26":0,"27":0,"28":0,"29":0,"30":0,"31":0,"32":0,"33":0,"34":0,"35":0,"36":0,"37":0,"38":0,"39":0,"40":0,"41":0,"42":0,"43":0,"44":0,"45":0,"46":0,"47":15,"48":0,"49":0,"50":0,"51":0,"52":15,"53":0,"54":0,"55":0,"56":0,"57":0,"58":0,"59":0,"60":0,"61":15,"62":0,"63":0,"64":0,"65":15,"66":15,"67":0,"68":15,"69":15,"70":15,"71":15,"72":0,"73":15,"74":0,"75":0,"76":15,"77":15,"78":0,"79":0,"80":0,"81":0,"82":0,"83":0,"84":0,"85":0,"86":0,"87":0,"88":0,"89":0,"90":0,"91":0,"92":0,"93":0,"94":0,"95":1,"96":1},"f":{"0":15,"1":0,"2":0,"3":0,"4":0,"5":0,"6":0,"7":15,"8":0,"9":15,"10":15,"11":0,"12":0,"13":0,"14":0,"15":0,"16":0,"17":0,"18":0,"19":0,"20":0,"21":0},"b":{"0":[0],"1":[0],"2":[0,0],"3":[0],"4":[0],"5":[0],"6":[0],"7":[0],"8":[0],"9":[0,0],"10":[0,0],"11":[0,0],"12":[0,0],"13":[0,0,0],"14":[0],"15":[15,14],"16":[0,0],"17":[15],"18":[15,14],"19":[15,0],"20":[15,0],"21":[0,0],"22":[0,0],"23":[0,0],"24":[0,0],"25":[0],"26":[0,0,0],"27":[0],"28":[0,0],"29":[0,0],"30":[0,0]}}
,"C:\\Users\\zineb\\Documents\\M2-YNOV\\Projet-Master\\recycle-app\\src\\hooks\\useLocation.ts": {"path":"C:\\Users\\zineb\\Documents\\M2-YNOV\\Projet-Master\\recycle-app\\src\\hooks\\useLocation.ts","statementMap":{"0":{"start":{"line":1,"column":0},"end":{"line":1,"column":44}},"1":{"start":{"line":2,"column":0},"end":{"line":2,"column":42}},"2":{"start":{"line":4,"column":27},"end":{"line":31,"column":1}},"3":{"start":{"line":5,"column":34},"end":{"line":8,"column":4}},"4":{"start":{"line":9,"column":28},"end":{"line":9,"column":57}},"5":{"start":{"line":11,"column":29},"end":{"line":24,"column":3}},"6":{"start":{"line":12,"column":4},"end":{"line":23,"column":5}},"7":{"start":{"line":13,"column":23},"end":{"line":13,"column":73}},"8":{"start":{"line":14,"column":6},"end":{"line":17,"column":7}},"9":{"start":{"line":15,"column":8},"end":{"line":15,"column":55}},"10":{"start":{"line":16,"column":8},"end":{"line":16,"column":15}},"11":{"start":{"line":18,"column":16},"end":{"line":18,"column":58}},"12":{"start":{"line":19,"column":6},"end":{"line":19,"column":86}},"13":{"start":{"line":20,"column":6},"end":{"line":20,"column":21}},"14":{"start":{"line":22,"column":6},"end":{"line":22,"column":44}},"15":{"start":{"line":26,"column":2},"end":{"line":28,"column":9}},"16":{"start":{"line":27,"column":4},"end":{"line":27,"column":25}},"17":{"start":{"line":30,"column":2},"end":{"line":30,"column":49}},"18":{"start":{"line":4,"column":13},"end":{"line":4,"column":27}}},"fnMap":{"0":{"name":"(anonymous_9)","decl":{"start":{"line":4,"column":27},"end":{"line":4,"column":30}},"loc":{"start":{"line":4,"column":32},"end":{"line":31,"column":1}}},"1":{"name":"(anonymous_10)","decl":{"start":{"line":11,"column":29},"end":{"line":11,"column":34}},"loc":{"start":{"line":11,"column":40},"end":{"line":24,"column":3}}},"2":{"name":"(anonymous_11)","decl":{"start":{"line":26,"column":12},"end":{"line":26,"column":15}},"loc":{"start":{"line":26,"column":17},"end":{"line":28,"column":3}}}},"branchMap":{"0":{"loc":{"start":{"line":14,"column":6},"end":{"line":17,"column":7}},"type":"if","locations":[{"start":{"line":14,"column":6},"end":{"line":17,"column":7}}]}},"s":{"0":1,"1":1,"2":1,"3":10,"4":10,"5":10,"6":9,"7":9,"8":8,"9":2,"10":2,"11":6,"12":4,"13":2,"14":5,"15":10,"16":5,"17":10,"18":1},"f":{"0":10,"1":9,"2":5},"b":{"0":[2]}}
,"C:\\Users\\zineb\\Documents\\M2-YNOV\\Projet-Master\\recycle-app\\src\\services\\adviceService.ts": {"path":"C:\\Users\\zineb\\Documents\\M2-YNOV\\Projet-Master\\recycle-app\\src\\services\\adviceService.ts","statementMap":{"0":{"start":{"line":1,"column":0},"end":{"line":1,"column":null}},"1":{"start":{"line":16,"column":0},"end":{"line":16,"column":48}},"2":{"start":{"line":17,"column":0},"end":{"line":17,"column":69}},"3":{"start":{"line":57,"column":13},"end":{"line":114,"column":2}},"4":{"start":{"line":117,"column":13},"end":{"line":302,"column":2}},"5":{"start":{"line":305,"column":37},"end":{"line":305,"column":45}},"6":{"start":{"line":311,"column":4},"end":{"line":332,"column":5}},"7":{"start":{"line":312,"column":16},"end":{"line":315,"column":null}},"8":{"start":{"line":318,"column":28},"end":{"line":318,"column":44}},"9":{"start":{"line":319,"column":31},"end":{"line":319,"column":33}},"10":{"start":{"line":321,"column":6},"end":{"line":326,"column":9}},"11":{"start":{"line":322,"column":8},"end":{"line":325,"column":21}},"12":{"start":{"line":328,"column":6},"end":{"line":328,"column":20}},"13":{"start":{"line":330,"column":6},"end":{"line":330,"column":75}},"14":{"start":{"line":331,"column":6},"end":{"line":331,"column":62}},"15":{"start":{"line":339,"column":4},"end":{"line":361,"column":5}},"16":{"start":{"line":340,"column":16},"end":{"line":344,"column":null}},"17":{"start":{"line":347,"column":28},"end":{"line":347,"column":44}},"18":{"start":{"line":348,"column":31},"end":{"line":348,"column":33}},"19":{"start":{"line":350,"column":6},"end":{"line":355,"column":9}},"20":{"start":{"line":351,"column":8},"end":{"line":354,"column":21}},"21":{"start":{"line":357,"column":6},"end":{"line":357,"column":20}},"22":{"start":{"line":359,"column":6},"end":{"line":359,"column":89}},"23":{"start":{"line":360,"column":6},"end":{"line":360,"column":62}},"24":{"start":{"line":368,"column":4},"end":{"line":383,"column":5}},"25":{"start":{"line":369,"column":21},"end":{"line":369,"column":54}},"26":{"start":{"line":370,"column":22},"end":{"line":370,"column":42}},"27":{"start":{"line":372,"column":6},"end":{"line":379,"column":7}},"28":{"start":{"line":373,"column":8},"end":{"line":376,"column":20}},"29":{"start":{"line":378,"column":8},"end":{"line":378,"column":20}},"30":{"start":{"line":381,"column":6},"end":{"line":381,"column":73}},"31":{"start":{"line":382,"column":6},"end":{"line":382,"column":60}},"32":{"start":{"line":390,"column":4},"end":{"line":412,"column":5}},"33":{"start":{"line":391,"column":16},"end":{"line":395,"column":null}},"34":{"start":{"line":398,"column":28},"end":{"line":398,"column":44}},"35":{"start":{"line":399,"column":31},"end":{"line":399,"column":33}},"36":{"start":{"line":401,"column":6},"end":{"line":406,"column":9}},"37":{"start":{"line":402,"column":8},"end":{"line":405,"column":21}},"38":{"start":{"line":408,"column":6},"end":{"line":408,"column":20}},"39":{"start":{"line":410,"column":6},"end":{"line":410,"column":86}},"40":{"start":{"line":411,"column":6},"end":{"line":411,"column":73}},"41":{"start":{"line":419,"column":4},"end":{"line":452,"column":5}},"42":{"start":{"line":423,"column":16},"end":{"line":426,"column":null}},"43":{"start":{"line":429,"column":28},"end":{"line":429,"column":44}},"44":{"start":{"line":430,"column":31},"end":{"line":430,"column":33}},"45":{"start":{"line":432,"column":6},"end":{"line":446,"column":9}},"46":{"start":{"line":433,"column":21},"end":{"line":433,"column":41}},"47":{"start":{"line":434,"column":28},"end":{"line":434,"column":52}},"48":{"start":{"line":436,"column":8},"end":{"line":445,"column":9}},"49":{"start":{"line":439,"column":32},"end":{"line":439,"column":71}},"50":{"start":{"line":441,"column":10},"end":{"line":444,"column":13}},"51":{"start":{"line":448,"column":6},"end":{"line":448,"column":20}},"52":{"start":{"line":450,"column":6},"end":{"line":450,"column":71}},"53":{"start":{"line":451,"column":6},"end":{"line":451,"column":63}},"54":{"start":{"line":459,"column":4},"end":{"line":481,"column":5}},"55":{"start":{"line":460,"column":21},"end":{"line":460,"column":42}},"56":{"start":{"line":461,"column":6},"end":{"line":463,"column":7}},"57":{"start":{"line":462,"column":8},"end":{"line":462,"column":55}},"58":{"start":{"line":465,"column":24},"end":{"line":474,"column":8}},"59":{"start":{"line":476,"column":21},"end":{"line":476,"column":82}},"60":{"start":{"line":477,"column":6},"end":{"line":477,"column":23}},"61":{"start":{"line":479,"column":6},"end":{"line":479,"column":66}},"62":{"start":{"line":480,"column":6},"end":{"line":480,"column":58}},"63":{"start":{"line":488,"column":4},"end":{"line":515,"column":5}},"64":{"start":{"line":489,"column":21},"end":{"line":489,"column":42}},"65":{"start":{"line":490,"column":6},"end":{"line":492,"column":7}},"66":{"start":{"line":491,"column":8},"end":{"line":491,"column":55}},"67":{"start":{"line":494,"column":21},"end":{"line":494,"column":54}},"68":{"start":{"line":495,"column":22},"end":{"line":495,"column":42}},"69":{"start":{"line":497,"column":6},"end":{"line":499,"column":7}},"70":{"start":{"line":498,"column":8},"end":{"line":498,"column":46}},"71":{"start":{"line":501,"column":21},"end":{"line":501,"column":45}},"72":{"start":{"line":504,"column":6},"end":{"line":506,"column":7}},"73":{"start":{"line":505,"column":8},"end":{"line":505,"column":62}},"74":{"start":{"line":508,"column":6},"end":{"line":511,"column":9}},"75":{"start":{"line":513,"column":6},"end":{"line":513,"column":72}},"76":{"start":{"line":514,"column":6},"end":{"line":514,"column":64}},"77":{"start":{"line":522,"column":4},"end":{"line":546,"column":5}},"78":{"start":{"line":523,"column":21},"end":{"line":523,"column":42}},"79":{"start":{"line":524,"column":6},"end":{"line":526,"column":7}},"80":{"start":{"line":525,"column":8},"end":{"line":525,"column":55}},"81":{"start":{"line":528,"column":21},"end":{"line":528,"column":54}},"82":{"start":{"line":529,"column":22},"end":{"line":529,"column":42}},"83":{"start":{"line":531,"column":6},"end":{"line":533,"column":7}},"84":{"start":{"line":532,"column":8},"end":{"line":532,"column":46}},"85":{"start":{"line":535,"column":21},"end":{"line":535,"column":45}},"86":{"start":{"line":538,"column":6},"end":{"line":540,"column":7}},"87":{"start":{"line":539,"column":8},"end":{"line":539,"column":63}},"88":{"start":{"line":542,"column":6},"end":{"line":542,"column":30}},"89":{"start":{"line":544,"column":6},"end":{"line":544,"column":72}},"90":{"start":{"line":545,"column":6},"end":{"line":545,"column":60}},"91":{"start":{"line":553,"column":4},"end":{"line":565,"column":5}},"92":{"start":{"line":554,"column":21},"end":{"line":554,"column":54}},"93":{"start":{"line":555,"column":22},"end":{"line":555,"column":42}},"94":{"start":{"line":557,"column":6},"end":{"line":562,"column":7}},"95":{"start":{"line":558,"column":29},"end":{"line":558,"column":54}},"96":{"start":{"line":559,"column":8},"end":{"line":561,"column":11}},"97":{"start":{"line":564,"column":6},"end":{"line":564,"column":73}},"98":{"start":{"line":572,"column":4},"end":{"line":592,"column":5}},"99":{"start":{"line":573,"column":21},"end":{"line":573,"column":42}},"100":{"start":{"line":574,"column":6},"end":{"line":576,"column":7}},"101":{"start":{"line":575,"column":8},"end":{"line":575,"column":55}},"102":{"start":{"line":578,"column":21},"end":{"line":578,"column":54}},"103":{"start":{"line":579,"column":22},"end":{"line":579,"column":42}},"104":{"start":{"line":581,"column":6},"end":{"line":588,"column":7}},"105":{"start":{"line":582,"column":29},"end":{"line":582,"column":54}},"106":{"start":{"line":585,"column":8},"end":{"line":587,"column":11}},"107":{"start":{"line":590,"column":6},"end":{"line":590,"column":51}},"108":{"start":{"line":591,"column":6},"end":{"line":591,"column":56}},"109":{"start":{"line":599,"column":4},"end":{"line":625,"column":5}},"110":{"start":{"line":600,"column":21},"end":{"line":600,"column":42}},"111":{"start":{"line":601,"column":6},"end":{"line":603,"column":7}},"112":{"start":{"line":602,"column":8},"end":{"line":602,"column":55}},"113":{"start":{"line":605,"column":16},"end":{"line":608,"column":null}},"114":{"start":{"line":611,"column":28},"end":{"line":611,"column":44}},"115":{"start":{"line":612,"column":31},"end":{"line":612,"column":33}},"116":{"start":{"line":614,"column":6},"end":{"line":619,"column":9}},"117":{"start":{"line":615,"column":8},"end":{"line":618,"column":21}},"118":{"start":{"line":621,"column":6},"end":{"line":621,"column":20}},"119":{"start":{"line":623,"column":6},"end":{"line":623,"column":87}},"120":{"start":{"line":624,"column":6},"end":{"line":624,"column":62}},"121":{"start":{"line":632,"column":4},"end":{"line":632,"column":29}},"122":{"start":{"line":639,"column":55},"end":{"line":639,"column":57}},"123":{"start":{"line":641,"column":4},"end":{"line":652,"column":7}},"124":{"start":{"line":642,"column":6},"end":{"line":651,"column":10}},"125":{"start":{"line":642,"column":87},"end":{"line":651,"column":8}},"126":{"start":{"line":654,"column":4},"end":{"line":654,"column":28}},"127":{"start":{"line":661,"column":29},"end":{"line":661,"column":55}},"128":{"start":{"line":662,"column":4},"end":{"line":662,"column":44}},"129":{"start":{"line":671,"column":18},"end":{"line":671,"column":28}},"130":{"start":{"line":672,"column":4},"end":{"line":672,"column":45}},"131":{"start":{"line":679,"column":18},"end":{"line":679,"column":43}},"132":{"start":{"line":680,"column":22},"end":{"line":680,"column":49}},"133":{"start":{"line":683,"column":27},"end":{"line":683,"column":73}},"134":{"start":{"line":684,"column":24},"end":{"line":684,"column":57}},"135":{"start":{"line":685,"column":27},"end":{"line":685,"column":49}},"136":{"start":{"line":687,"column":4},"end":{"line":691,"column":6}},"137":{"start":{"line":698,"column":29},"end":{"line":698,"column":55}},"138":{"start":{"line":699,"column":32},"end":{"line":699,"column":34}},"139":{"start":{"line":701,"column":4},"end":{"line":703,"column":7}},"140":{"start":{"line":702,"column":6},"end":{"line":702,"column":40}},"141":{"start":{"line":705,"column":4},"end":{"line":705,"column":21}},"142":{"start":{"line":712,"column":16},"end":{"line":712,"column":26}},"143":{"start":{"line":713,"column":24},"end":{"line":713,"column":38}},"144":{"start":{"line":714,"column":4},"end":{"line":714,"column":29}},"145":{"start":{"line":721,"column":16},"end":{"line":721,"column":26}},"146":{"start":{"line":722,"column":24},"end":{"line":722,"column":38}},"147":{"start":{"line":723,"column":26},"end":{"line":723,"column":42}},"148":{"start":{"line":725,"column":4},"end":{"line":732,"column":5}},"149":{"start":{"line":727,"column":6},"end":{"line":727,"column":53}},"150":{"start":{"line":730,"column":35},"end":{"line":730,"column":74}},"151":{"start":{"line":731,"column":6},"end":{"line":731,"column":46}},"152":{"start":{"line":741,"column":4},"end":{"line":767,"column":5}},"153":{"start":{"line":742,"column":21},"end":{"line":742,"column":42}},"154":{"start":{"line":743,"column":6},"end":{"line":745,"column":7}},"155":{"start":{"line":744,"column":8},"end":{"line":744,"column":52}},"156":{"start":{"line":747,"column":24},"end":{"line":747,"column":49}},"157":{"start":{"line":748,"column":32},"end":{"line":748,"column":81}},"158":{"start":{"line":748,"column":54},"end":{"line":748,"column":80}},"159":{"start":{"line":750,"column":6},"end":{"line":752,"column":7}},"160":{"start":{"line":751,"column":8},"end":{"line":751,"column":64}},"161":{"start":{"line":754,"column":42},"end":{"line":758,"column":8}},"162":{"start":{"line":760,"column":6},"end":{"line":760,"column":34}},"163":{"start":{"line":761,"column":6},"end":{"line":761,"column":83}},"164":{"start":{"line":763,"column":6},"end":{"line":763,"column":64}},"165":{"start":{"line":765,"column":6},"end":{"line":765,"column":67}},"166":{"start":{"line":766,"column":6},"end":{"line":766,"column":18}},"167":{"start":{"line":774,"column":4},"end":{"line":789,"column":5}},"168":{"start":{"line":775,"column":21},"end":{"line":775,"column":42}},"169":{"start":{"line":776,"column":6},"end":{"line":778,"column":7}},"170":{"start":{"line":777,"column":8},"end":{"line":777,"column":52}},"171":{"start":{"line":780,"column":24},"end":{"line":780,"column":49}},"172":{"start":{"line":781,"column":31},"end":{"line":781,"column":81}},"173":{"start":{"line":781,"column":55},"end":{"line":781,"column":80}},"174":{"start":{"line":783,"column":6},"end":{"line":783,"column":90}},"175":{"start":{"line":785,"column":6},"end":{"line":785,"column":62}},"176":{"start":{"line":787,"column":6},"end":{"line":787,"column":73}},"177":{"start":{"line":788,"column":6},"end":{"line":788,"column":18}},"178":{"start":{"line":796,"column":4},"end":{"line":816,"column":5}},"179":{"start":{"line":797,"column":21},"end":{"line":797,"column":42}},"180":{"start":{"line":798,"column":6},"end":{"line":800,"column":7}},"181":{"start":{"line":799,"column":8},"end":{"line":799,"column":18}},"182":{"start":{"line":802,"column":28},"end":{"line":802,"column":77}},"183":{"start":{"line":803,"column":6},"end":{"line":805,"column":7}},"184":{"start":{"line":804,"column":8},"end":{"line":804,"column":18}},"185":{"start":{"line":807,"column":24},"end":{"line":807,"column":49}},"186":{"start":{"line":809,"column":6},"end":{"line":812,"column":10}},"187":{"start":{"line":809,"column":42},"end":{"line":812,"column":8}},"188":{"start":{"line":814,"column":6},"end":{"line":814,"column":74}},"189":{"start":{"line":815,"column":6},"end":{"line":815,"column":16}},"190":{"start":{"line":823,"column":4},"end":{"line":829,"column":5}},"191":{"start":{"line":824,"column":24},"end":{"line":824,"column":49}},"192":{"start":{"line":825,"column":6},"end":{"line":825,"column":62}},"193":{"start":{"line":825,"column":35},"end":{"line":825,"column":60}},"194":{"start":{"line":827,"column":6},"end":{"line":827,"column":74}},"195":{"start":{"line":828,"column":6},"end":{"line":828,"column":19}},"196":{"start":{"line":304,"column":0},"end":{"line":304,"column":13}},"197":{"start":{"line":833,"column":13},"end":{"line":833,"column":49}},"198":{"start":{"line":834,"column":0},"end":{"line":834,"column":29}}},"fnMap":{"0":{"name":"(anonymous_1)","decl":{"start":{"line":310,"column":2},"end":{"line":310,"column":7}},"loc":{"start":{"line":310,"column":20},"end":{"line":333,"column":3}}},"1":{"name":"(anonymous_2)","decl":{"start":{"line":321,"column":28},"end":{"line":321,"column":29}},"loc":{"start":{"line":321,"column":36},"end":{"line":326,"column":7}}},"2":{"name":"(anonymous_3)","decl":{"start":{"line":338,"column":2},"end":{"line":338,"column":7}},"loc":{"start":{"line":338,"column":44},"end":{"line":362,"column":3}}},"3":{"name":"(anonymous_4)","decl":{"start":{"line":350,"column":28},"end":{"line":350,"column":29}},"loc":{"start":{"line":350,"column":36},"end":{"line":355,"column":7}}},"4":{"name":"(anonymous_5)","decl":{"start":{"line":367,"column":2},"end":{"line":367,"column":7}},"loc":{"start":{"line":367,"column":32},"end":{"line":384,"column":3}}},"5":{"name":"(anonymous_6)","decl":{"start":{"line":389,"column":2},"end":{"line":389,"column":7}},"loc":{"start":{"line":389,"column":47},"end":{"line":413,"column":3}}},"6":{"name":"(anonymous_7)","decl":{"start":{"line":401,"column":28},"end":{"line":401,"column":29}},"loc":{"start":{"line":401,"column":36},"end":{"line":406,"column":7}}},"7":{"name":"(anonymous_8)","decl":{"start":{"line":418,"column":2},"end":{"line":418,"column":7}},"loc":{"start":{"line":418,"column":39},"end":{"line":453,"column":3}}},"8":{"name":"(anonymous_9)","decl":{"start":{"line":432,"column":28},"end":{"line":432,"column":29}},"loc":{"start":{"line":432,"column":36},"end":{"line":446,"column":7}}},"9":{"name":"(anonymous_10)","decl":{"start":{"line":439,"column":25},"end":{"line":439,"column":28}},"loc":{"start":{"line":439,"column":32},"end":{"line":439,"column":71}}},"10":{"name":"(anonymous_11)","decl":{"start":{"line":458,"column":2},"end":{"line":458,"column":7}},"loc":{"start":{"line":458,"column":96},"end":{"line":482,"column":3}}},"11":{"name":"(anonymous_12)","decl":{"start":{"line":487,"column":2},"end":{"line":487,"column":7}},"loc":{"start":{"line":487,"column":57},"end":{"line":516,"column":3}}},"12":{"name":"(anonymous_13)","decl":{"start":{"line":521,"column":2},"end":{"line":521,"column":7}},"loc":{"start":{"line":521,"column":31},"end":{"line":547,"column":3}}},"13":{"name":"(anonymous_14)","decl":{"start":{"line":552,"column":2},"end":{"line":552,"column":7}},"loc":{"start":{"line":552,"column":33},"end":{"line":566,"column":3}}},"14":{"name":"(anonymous_15)","decl":{"start":{"line":571,"column":2},"end":{"line":571,"column":7}},"loc":{"start":{"line":571,"column":29},"end":{"line":593,"column":3}}},"15":{"name":"(anonymous_16)","decl":{"start":{"line":598,"column":2},"end":{"line":598,"column":7}},"loc":{"start":{"line":598,"column":21},"end":{"line":626,"column":3}}},"16":{"name":"(anonymous_17)","decl":{"start":{"line":614,"column":28},"end":{"line":614,"column":29}},"loc":{"start":{"line":614,"column":36},"end":{"line":619,"column":7}}},"17":{"name":"(anonymous_18)","decl":{"start":{"line":631,"column":2},"end":{"line":631,"column":15}},"loc":{"start":{"line":631,"column":15},"end":{"line":633,"column":3}}},"18":{"name":"(anonymous_19)","decl":{"start":{"line":638,"column":2},"end":{"line":638,"column":21}},"loc":{"start":{"line":638,"column":21},"end":{"line":655,"column":3}}},"19":{"name":"(anonymous_20)","decl":{"start":{"line":641,"column":43},"end":{"line":641,"column":51}},"loc":{"start":{"line":641,"column":54},"end":{"line":652,"column":5}}},"20":{"name":"(anonymous_21)","decl":{"start":{"line":642,"column":67},"end":{"line":642,"column":68}},"loc":{"start":{"line":642,"column":87},"end":{"line":651,"column":8}}},"21":{"name":"(anonymous_22)","decl":{"start":{"line":660,"column":2},"end":{"line":660,"column":31}},"loc":{"start":{"line":660,"column":48},"end":{"line":663,"column":3}}},"22":{"name":"(anonymous_23)","decl":{"start":{"line":670,"column":10},"end":{"line":670,"column":28}},"loc":{"start":{"line":670,"column":28},"end":{"line":673,"column":3}}},"23":{"name":"(anonymous_24)","decl":{"start":{"line":678,"column":2},"end":{"line":678,"column":16}},"loc":{"start":{"line":678,"column":16},"end":{"line":692,"column":3}}},"24":{"name":"(anonymous_25)","decl":{"start":{"line":697,"column":10},"end":{"line":697,"column":30}},"loc":{"start":{"line":697,"column":30},"end":{"line":706,"column":3}}},"25":{"name":"(anonymous_26)","decl":{"start":{"line":701,"column":44},"end":{"line":701,"column":58}},"loc":{"start":{"line":701,"column":61},"end":{"line":703,"column":5}}},"26":{"name":"(anonymous_27)","decl":{"start":{"line":711,"column":2},"end":{"line":711,"column":19}},"loc":{"start":{"line":711,"column":19},"end":{"line":715,"column":3}}},"27":{"name":"(anonymous_28)","decl":{"start":{"line":720,"column":2},"end":{"line":720,"column":24}},"loc":{"start":{"line":720,"column":24},"end":{"line":733,"column":3}}},"28":{"name":"(anonymous_29)","decl":{"start":{"line":740,"column":2},"end":{"line":740,"column":7}},"loc":{"start":{"line":740,"column":37},"end":{"line":768,"column":3}}},"29":{"name":"(anonymous_30)","decl":{"start":{"line":748,"column":47},"end":{"line":748,"column":50}},"loc":{"start":{"line":748,"column":54},"end":{"line":748,"column":80}}},"30":{"name":"(anonymous_31)","decl":{"start":{"line":773,"column":2},"end":{"line":773,"column":7}},"loc":{"start":{"line":773,"column":44},"end":{"line":790,"column":3}}},"31":{"name":"(anonymous_32)","decl":{"start":{"line":781,"column":48},"end":{"line":781,"column":51}},"loc":{"start":{"line":781,"column":55},"end":{"line":781,"column":80}}},"32":{"name":"(anonymous_33)","decl":{"start":{"line":795,"column":2},"end":{"line":795,"column":7}},"loc":{"start":{"line":795,"column":20},"end":{"line":817,"column":3}}},"33":{"name":"(anonymous_34)","decl":{"start":{"line":809,"column":27},"end":{"line":809,"column":28}},"loc":{"start":{"line":809,"column":42},"end":{"line":812,"column":8}}},"34":{"name":"(anonymous_35)","decl":{"start":{"line":822,"column":2},"end":{"line":822,"column":7}},"loc":{"start":{"line":822,"column":35},"end":{"line":830,"column":3}}},"35":{"name":"(anonymous_36)","decl":{"start":{"line":825,"column":28},"end":{"line":825,"column":31}},"loc":{"start":{"line":825,"column":35},"end":{"line":825,"column":60}}}},"branchMap":{"0":{"loc":{"start":{"line":372,"column":6},"end":{"line":379,"column":7}},"type":"if","locations":[{"start":{"line":372,"column":6},"end":{"line":379,"column":7}},{"start":{"line":377,"column":13},"end":{"line":379,"column":7}}]},"1":{"loc":{"start":{"line":389,"column":25},"end":{"line":389,"column":47}},"type":"default-arg","locations":[{"start":{"line":389,"column":46},"end":{"line":389,"column":47}}]},"2":{"loc":{"start":{"line":436,"column":8},"end":{"line":445,"column":9}},"type":"if","locations":[{"start":{"line":436,"column":8},"end":{"line":445,"column":9}}]},"3":{"loc":{"start":{"line":437,"column":10},"end":{"line":439,"column":72}},"type":"binary-expr","locations":[{"start":{"line":437,"column":10},"end":{"line":437,"column":56}},{"start":{"line":438,"column":10},"end":{"line":438,"column":58}},{"start":{"line":439,"column":10},"end":{"line":439,"column":72}}]},"4":{"loc":{"start":{"line":461,"column":6},"end":{"line":463,"column":7}},"type":"if","locations":[{"start":{"line":461,"column":6},"end":{"line":463,"column":7}}]},"5":{"loc":{"start":{"line":468,"column":20},"end":{"line":468,"column":74}},"type":"binary-expr","locations":[{"start":{"line":468,"column":20},"end":{"line":468,"column":49}},{"start":{"line":468,"column":53},"end":{"line":468,"column":74}}]},"6":{"loc":{"start":{"line":490,"column":6},"end":{"line":492,"column":7}},"type":"if","locations":[{"start":{"line":490,"column":6},"end":{"line":492,"column":7}}]},"7":{"loc":{"start":{"line":497,"column":6},"end":{"line":499,"column":7}},"type":"if","locations":[{"start":{"line":497,"column":6},"end":{"line":499,"column":7}}]},"8":{"loc":{"start":{"line":504,"column":6},"end":{"line":506,"column":7}},"type":"if","locations":[{"start":{"line":504,"column":6},"end":{"line":506,"column":7}}]},"9":{"loc":{"start":{"line":524,"column":6},"end":{"line":526,"column":7}},"type":"if","locations":[{"start":{"line":524,"column":6},"end":{"line":526,"column":7}}]},"10":{"loc":{"start":{"line":531,"column":6},"end":{"line":533,"column":7}},"type":"if","locations":[{"start":{"line":531,"column":6},"end":{"line":533,"column":7}}]},"11":{"loc":{"start":{"line":538,"column":6},"end":{"line":540,"column":7}},"type":"if","locations":[{"start":{"line":538,"column":6},"end":{"line":540,"column":7}}]},"12":{"loc":{"start":{"line":557,"column":6},"end":{"line":562,"column":7}},"type":"if","locations":[{"start":{"line":557,"column":6},"end":{"line":562,"column":7}}]},"13":{"loc":{"start":{"line":558,"column":29},"end":{"line":558,"column":54}},"type":"binary-expr","locations":[{"start":{"line":558,"column":29},"end":{"line":558,"column":49}},{"start":{"line":558,"column":53},"end":{"line":558,"column":54}}]},"14":{"loc":{"start":{"line":574,"column":6},"end":{"line":576,"column":7}},"type":"if","locations":[{"start":{"line":574,"column":6},"end":{"line":576,"column":7}}]},"15":{"loc":{"start":{"line":581,"column":6},"end":{"line":588,"column":7}},"type":"if","locations":[{"start":{"line":581,"column":6},"end":{"line":588,"column":7}}]},"16":{"loc":{"start":{"line":582,"column":29},"end":{"line":582,"column":54}},"type":"binary-expr","locations":[{"start":{"line":582,"column":29},"end":{"line":582,"column":49}},{"start":{"line":582,"column":53},"end":{"line":582,"column":54}}]},"17":{"loc":{"start":{"line":601,"column":6},"end":{"line":603,"column":7}},"type":"if","locations":[{"start":{"line":601,"column":6},"end":{"line":603,"column":7}}]},"18":{"loc":{"start":{"line":662,"column":11},"end":{"line":662,"column":43}},"type":"binary-expr","locations":[{"start":{"line":662,"column":11},"end":{"line":662,"column":37}},{"start":{"line":662,"column":41},"end":{"line":662,"column":43}}]},"19":{"loc":{"start":{"line":725,"column":4},"end":{"line":732,"column":5}},"type":"if","locations":[{"start":{"line":725,"column":4},"end":{"line":732,"column":5}},{"start":{"line":728,"column":11},"end":{"line":732,"column":5}}]},"20":{"loc":{"start":{"line":743,"column":6},"end":{"line":745,"column":7}},"type":"if","locations":[{"start":{"line":743,"column":6},"end":{"line":745,"column":7}}]},"21":{"loc":{"start":{"line":750,"column":6},"end":{"line":752,"column":7}},"type":"if","locations":[{"start":{"line":750,"column":6},"end":{"line":752,"column":7}}]},"22":{"loc":{"start":{"line":755,"column":18},"end":{"line":755,"column":33}},"type":"binary-expr","locations":[{"start":{"line":755,"column":18},"end":{"line":755,"column":27}},{"start":{"line":755,"column":31},"end":{"line":755,"column":33}}]},"23":{"loc":{"start":{"line":776,"column":6},"end":{"line":778,"column":7}},"type":"if","locations":[{"start":{"line":776,"column":6},"end":{"line":778,"column":7}}]},"24":{"loc":{"start":{"line":798,"column":6},"end":{"line":800,"column":7}},"type":"if","locations":[{"start":{"line":798,"column":6},"end":{"line":800,"column":7}}]},"25":{"loc":{"start":{"line":803,"column":6},"end":{"line":805,"column":7}},"type":"if","locations":[{"start":{"line":803,"column":6},"end":{"line":805,"column":7}}]}},"s":{"0":1,"1":1,"2":1,"3":1,"4":1,"5":2,"6":1,"7":1,"8":1,"9":1,"10":1,"11":2,"12":1,"13":0,"14":0,"15":1,"16":1,"17":1,"18":1,"19":1,"20":2,"21":1,"22":0,"23":0,"24":3,"25":3,"26":3,"27":2,"28":1,"29":1,"30":1,"31":1,"32":1,"33":1,"34":1,"35":1,"36":1,"37":2,"38":1,"39":0,"40":0,"41":1,"42":1,"43":1,"44":1,"45":1,"46":2,"47":2,"48":2,"49":1,"50":1,"51":1,"52":0,"53":0,"54":1,"55":1,"56":1,"57":0,"58":1,"59":1,"60":1,"61":0,"62":0,"63":1,"64":1,"65":1,"66":0,"67":1,"68":1,"69":1,"70":0,"71":1,"72":1,"73":0,"74":1,"75":0,"76":0,"77":1,"78":1,"79":1,"80":0,"81":1,"82":1,"83":1,"84":0,"85":1,"86":1,"87":0,"88":1,"89":0,"90":0,"91":1,"92":1,"93":1,"94":1,"95":1,"96":1,"97":0,"98":1,"99":1,"100":1,"101":0,"102":1,"103":1,"104":1,"105":1,"106":1,"107":0,"108":0,"109":1,"110":1,"111":1,"112":0,"113":1,"114":1,"115":1,"116":1,"117":1,"118":1,"119":0,"120":0,"121":1,"122":0,"123":0,"124":0,"125":0,"126":0,"127":0,"128":0,"129":0,"130":0,"131":0,"132":0,"133":0,"134":0,"135":0,"136":0,"137":0,"138":0,"139":0,"140":0,"141":0,"142":0,"143":0,"144":0,"145":0,"146":0,"147":0,"148":0,"149":0,"150":0,"151":0,"152":2,"153":2,"154":2,"155":0,"156":2,"157":2,"158":2,"159":2,"160":1,"161":1,"162":1,"163":1,"164":1,"165":1,"166":1,"167":1,"168":1,"169":1,"170":0,"171":1,"172":1,"173":3,"174":1,"175":1,"176":0,"177":0,"178":7,"179":7,"180":7,"181":0,"182":7,"183":7,"184":1,"185":6,"186":6,"187":11,"188":0,"189":0,"190":2,"191":2,"192":2,"193":3,"194":0,"195":0,"196":1,"197":1,"198":1},"f":{"0":1,"1":2,"2":1,"3":2,"4":3,"5":1,"6":2,"7":1,"8":2,"9":1,"10":1,"11":1,"12":1,"13":1,"14":1,"15":1,"16":1,"17":1,"18":0,"19":0,"20":0,"21":0,"22":0,"23":0,"24":0,"25":0,"26":0,"27":0,"28":2,"29":2,"30":1,"31":3,"32":7,"33":11,"34":2,"35":3},"b":{"0":[1,1],"1":[0],"2":[1],"3":[2,1,1],"4":[0],"5":[1,0],"6":[0],"7":[0],"8":[0],"9":[0],"10":[0],"11":[0],"12":[1],"13":[1,0],"14":[0],"15":[1],"16":[1,0],"17":[0],"18":[0,0],"19":[0,0],"20":[0],"21":[1],"22":[1,0],"23":[0],"24":[0],"25":[1]}}
,"C:\\Users\\zineb\\Documents\\M2-YNOV\\Projet-Master\\recycle-app\\src\\services\\apiService.ts": {"path":"C:\\Users\\zineb\\Documents\\M2-YNOV\\Projet-Master\\recycle-app\\src\\services\\apiService.ts","statementMap":{"0":{"start":{"line":23,"column":20},"end":{"line":23,"column":121}},"1":{"start":{"line":24,"column":65},"end":{"line":24,"column":74}},"2":{"start":{"line":25,"column":24},"end":{"line":25,"column":43}},"3":{"start":{"line":26,"column":26},"end":{"line":26,"column":27}},"4":{"start":{"line":27,"column":23},"end":{"line":27,"column":27}},"5":{"start":{"line":32,"column":4},"end":{"line":34,"column":5}},"6":{"start":{"line":33,"column":6},"end":{"line":33,"column":45}},"7":{"start":{"line":35,"column":4},"end":{"line":35,"column":31}},"8":{"start":{"line":40,"column":25},"end":{"line":43,"column":16}},"9":{"start":{"line":42,"column":18},"end":{"line":42,"column":41}},"10":{"start":{"line":44,"column":4},"end":{"line":44,"column":41}},"11":{"start":{"line":49,"column":19},"end":{"line":49,"column":43}},"12":{"start":{"line":50,"column":4},"end":{"line":50,"column":30}},"13":{"start":{"line":50,"column":17},"end":{"line":50,"column":30}},"14":{"start":{"line":52,"column":16},"end":{"line":52,"column":26}},"15":{"start":{"line":53,"column":4},"end":{"line":53,"column":55}},"16":{"start":{"line":58,"column":4},"end":{"line":62,"column":5}},"17":{"start":{"line":59,"column":21},"end":{"line":59,"column":45}},"18":{"start":{"line":60,"column":6},"end":{"line":60,"column":62}},"19":{"start":{"line":61,"column":6},"end":{"line":61,"column":31}},"20":{"start":{"line":63,"column":4},"end":{"line":63,"column":16}},"21":{"start":{"line":68,"column":4},"end":{"line":71,"column":7}},"22":{"start":{"line":72,"column":4},"end":{"line":72,"column":55}},"23":{"start":{"line":77,"column":4},"end":{"line":77,"column":59}},"24":{"start":{"line":77,"column":34},"end":{"line":77,"column":57}},"25":{"start":{"line":82,"column":34},"end":{"line":82,"column":38}},"26":{"start":{"line":84,"column":4},"end":{"line":115,"column":5}},"27":{"start":{"line":84,"column":23},"end":{"line":84,"column":24}},"28":{"start":{"line":85,"column":6},"end":{"line":114,"column":7}},"29":{"start":{"line":86,"column":8},"end":{"line":86,"column":78}},"30":{"start":{"line":88,"column":25},"end":{"line":95,"column":10}},"31":{"start":{"line":97,"column":8},"end":{"line":99,"column":9}},"32":{"start":{"line":98,"column":10},"end":{"line":98,"column":26}},"33":{"start":{"line":102,"column":8},"end":{"line":104,"column":9}},"34":{"start":{"line":103,"column":10},"end":{"line":103,"column":86}},"35":{"start":{"line":106,"column":8},"end":{"line":106,"column":85}},"36":{"start":{"line":108,"column":8},"end":{"line":108,"column":35}},"37":{"start":{"line":109,"column":8},"end":{"line":109,"column":61}},"38":{"start":{"line":111,"column":8},"end":{"line":113,"column":9}},"39":{"start":{"line":112,"column":10},"end":{"line":112,"column":54}},"40":{"start":{"line":117,"column":4},"end":{"line":117,"column":69}},"41":{"start":{"line":127,"column":64},"end":{"line":127,"column":70}},"42":{"start":{"line":130,"column":16},"end":{"line":130,"column":37}},"43":{"start":{"line":131,"column":4},"end":{"line":131,"column":52}},"44":{"start":{"line":132,"column":4},"end":{"line":132,"column":54}},"45":{"start":{"line":134,"column":4},"end":{"line":136,"column":5}},"46":{"start":{"line":135,"column":6},"end":{"line":135,"column":61}},"47":{"start":{"line":138,"column":21},"end":{"line":138,"column":94}},"48":{"start":{"line":141,"column":4},"end":{"line":146,"column":5}},"49":{"start":{"line":142,"column":21},"end":{"line":142,"column":69}},"50":{"start":{"line":143,"column":6},"end":{"line":145,"column":7}},"51":{"start":{"line":144,"column":8},"end":{"line":144,"column":22}},"52":{"start":{"line":148,"column":4},"end":{"line":165,"column":5}},"53":{"start":{"line":149,"column":6},"end":{"line":149,"column":78}},"54":{"start":{"line":151,"column":23},"end":{"line":151,"column":64}},"55":{"start":{"line":152,"column":32},"end":{"line":152,"column":53}},"56":{"start":{"line":154,"column":6},"end":{"line":154,"column":78}},"57":{"start":{"line":157,"column":6},"end":{"line":159,"column":7}},"58":{"start":{"line":158,"column":8},"end":{"line":158,"column":46}},"59":{"start":{"line":161,"column":6},"end":{"line":161,"column":26}},"60":{"start":{"line":163,"column":6},"end":{"line":163,"column":78}},"61":{"start":{"line":164,"column":6},"end":{"line":164,"column":48}},"62":{"start":{"line":170,"column":21},"end":{"line":170,"column":33}},"63":{"start":{"line":172,"column":4},"end":{"line":177,"column":5}},"64":{"start":{"line":173,"column":21},"end":{"line":173,"column":58}},"65":{"start":{"line":174,"column":6},"end":{"line":176,"column":7}},"66":{"start":{"line":175,"column":8},"end":{"line":175,"column":22}},"67":{"start":{"line":179,"column":4},"end":{"line":191,"column":5}},"68":{"start":{"line":180,"column":19},"end":{"line":180,"column":68}},"69":{"start":{"line":181,"column":21},"end":{"line":181,"column":69}},"70":{"start":{"line":181,"column":50},"end":{"line":181,"column":59}},"71":{"start":{"line":183,"column":6},"end":{"line":185,"column":7}},"72":{"start":{"line":184,"column":8},"end":{"line":184,"column":40}},"73":{"start":{"line":187,"column":6},"end":{"line":187,"column":20}},"74":{"start":{"line":189,"column":6},"end":{"line":189,"column":73}},"75":{"start":{"line":190,"column":6},"end":{"line":190,"column":48}},"76":{"start":{"line":196,"column":4},"end":{"line":206,"column":5}},"77":{"start":{"line":197,"column":24},"end":{"line":197,"column":49}},"78":{"start":{"line":198,"column":31},"end":{"line":198,"column":55}},"79":{"start":{"line":200,"column":6},"end":{"line":202,"column":25}},"80":{"start":{"line":201,"column":24},"end":{"line":201,"column":69}},"81":{"start":{"line":204,"column":6},"end":{"line":204,"column":69}},"82":{"start":{"line":205,"column":6},"end":{"line":205,"column":48}},"83":{"start":{"line":211,"column":4},"end":{"line":216,"column":5}},"84":{"start":{"line":212,"column":6},"end":{"line":212,"column":62}},"85":{"start":{"line":214,"column":6},"end":{"line":214,"column":87}},"86":{"start":{"line":215,"column":6},"end":{"line":215,"column":48}},"87":{"start":{"line":221,"column":4},"end":{"line":230,"column":5}},"88":{"start":{"line":222,"column":18},"end":{"line":222,"column":39}},"89":{"start":{"line":223,"column":6},"end":{"line":223,"column":41}},"90":{"start":{"line":225,"column":23},"end":{"line":225,"column":64}},"91":{"start":{"line":226,"column":6},"end":{"line":226,"column":25}},"92":{"start":{"line":228,"column":6},"end":{"line":228,"column":58}},"93":{"start":{"line":229,"column":6},"end":{"line":229,"column":19}},"94":{"start":{"line":235,"column":4},"end":{"line":235,"column":23}},"95":{"start":{"line":236,"column":4},"end":{"line":236,"column":34}},"96":{"start":{"line":241,"column":4},"end":{"line":241,"column":32}},"97":{"start":{"line":242,"column":4},"end":{"line":242,"column":48}},"98":{"start":{"line":252,"column":17},"end":{"line":252,"column":46}},"99":{"start":{"line":253,"column":23},"end":{"line":253,"column":84}},"100":{"start":{"line":253,"column":68},"end":{"line":253,"column":83}},"101":{"start":{"line":255,"column":4},"end":{"line":260,"column":6}},"102":{"start":{"line":265,"column":4},"end":{"line":268,"column":6}},"103":{"start":{"line":278,"column":22},"end":{"line":278,"column":32}},"104":{"start":{"line":280,"column":4},"end":{"line":297,"column":5}},"105":{"start":{"line":281,"column":19},"end":{"line":281,"column":78}},"106":{"start":{"line":282,"column":27},"end":{"line":282,"column":49}},"107":{"start":{"line":284,"column":6},"end":{"line":288,"column":8}},"108":{"start":{"line":290,"column":27},"end":{"line":290,"column":49}},"109":{"start":{"line":292,"column":6},"end":{"line":296,"column":8}},"110":{"start":{"line":301,"column":0},"end":{"line":301,"column":26}}},"fnMap":{"0":{"name":"(anonymous_0)","decl":{"start":{"line":29,"column":2},"end":{"line":29,"column":25}},"loc":{"start":{"line":29,"column":2},"end":{"line":29,"column":26}}},"1":{"name":"(anonymous_1)","decl":{"start":{"line":31,"column":2},"end":{"line":31,"column":8}},"loc":{"start":{"line":31,"column":20},"end":{"line":36,"column":3}}},"2":{"name":"(anonymous_2)","decl":{"start":{"line":39,"column":10},"end":{"line":39,"column":26}},"loc":{"start":{"line":39,"column":80},"end":{"line":45,"column":3}}},"3":{"name":"(anonymous_3)","decl":{"start":{"line":42,"column":11},"end":{"line":42,"column":14}},"loc":{"start":{"line":42,"column":18},"end":{"line":42,"column":41}}},"4":{"name":"(anonymous_4)","decl":{"start":{"line":48,"column":10},"end":{"line":48,"column":22}},"loc":{"start":{"line":48,"column":39},"end":{"line":54,"column":3}}},"5":{"name":"(anonymous_5)","decl":{"start":{"line":57,"column":10},"end":{"line":57,"column":22}},"loc":{"start":{"line":57,"column":42},"end":{"line":64,"column":3}}},"6":{"name":"(anonymous_6)","decl":{"start":{"line":67,"column":10},"end":{"line":67,"column":18}},"loc":{"start":{"line":67,"column":47},"end":{"line":73,"column":3}}},"7":{"name":"(anonymous_7)","decl":{"start":{"line":76,"column":10},"end":{"line":76,"column":15}},"loc":{"start":{"line":76,"column":26},"end":{"line":78,"column":3}}},"8":{"name":"(anonymous_8)","decl":{"start":{"line":77,"column":23},"end":{"line":77,"column":30}},"loc":{"start":{"line":77,"column":34},"end":{"line":77,"column":57}}},"9":{"name":"(anonymous_9)","decl":{"start":{"line":81,"column":10},"end":{"line":81,"column":15}},"loc":{"start":{"line":81,"column":69},"end":{"line":118,"column":3}}},"10":{"name":"(anonymous_10)","decl":{"start":{"line":121,"column":2},"end":{"line":121,"column":7}},"loc":{"start":{"line":126,"column":8},"end":{"line":166,"column":3}}},"11":{"name":"(anonymous_11)","decl":{"start":{"line":169,"column":2},"end":{"line":169,"column":7}},"loc":{"start":{"line":169,"column":45},"end":{"line":192,"column":3}}},"12":{"name":"(anonymous_12)","decl":{"start":{"line":181,"column":42},"end":{"line":181,"column":46}},"loc":{"start":{"line":181,"column":50},"end":{"line":181,"column":59}}},"13":{"name":"(anonymous_13)","decl":{"start":{"line":195,"column":2},"end":{"line":195,"column":7}},"loc":{"start":{"line":195,"column":59},"end":{"line":207,"column":3}}},"14":{"name":"(anonymous_14)","decl":{"start":{"line":201,"column":16},"end":{"line":201,"column":20}},"loc":{"start":{"line":201,"column":24},"end":{"line":201,"column":69}}},"15":{"name":"(anonymous_15)","decl":{"start":{"line":210,"column":2},"end":{"line":210,"column":7}},"loc":{"start":{"line":210,"column":58},"end":{"line":217,"column":3}}},"16":{"name":"(anonymous_16)","decl":{"start":{"line":220,"column":2},"end":{"line":220,"column":7}},"loc":{"start":{"line":220,"column":25},"end":{"line":231,"column":3}}},"17":{"name":"(anonymous_17)","decl":{"start":{"line":234,"column":2},"end":{"line":234,"column":12}},"loc":{"start":{"line":234,"column":12},"end":{"line":237,"column":3}}},"18":{"name":"(anonymous_18)","decl":{"start":{"line":240,"column":2},"end":{"line":240,"column":15}},"loc":{"start":{"line":240,"column":32},"end":{"line":243,"column":3}}},"19":{"name":"(anonymous_19)","decl":{"start":{"line":246,"column":2},"end":{"line":246,"column":15}},"loc":{"start":{"line":246,"column":15},"end":{"line":261,"column":3}}},"20":{"name":"(anonymous_20)","decl":{"start":{"line":253,"column":59},"end":{"line":253,"column":64}},"loc":{"start":{"line":253,"column":68},"end":{"line":253,"column":83}}},"21":{"name":"(anonymous_21)","decl":{"start":{"line":264,"column":10},"end":{"line":264,"column":24}},"loc":{"start":{"line":264,"column":37},"end":{"line":269,"column":3}}},"22":{"name":"(anonymous_22)","decl":{"start":{"line":272,"column":2},"end":{"line":272,"column":7}},"loc":{"start":{"line":272,"column":15},"end":{"line":298,"column":3}}}},"branchMap":{"0":{"loc":{"start":{"line":32,"column":4},"end":{"line":34,"column":5}},"type":"if","locations":[{"start":{"line":32,"column":4},"end":{"line":34,"column":5}}]},"1":{"loc":{"start":{"line":39,"column":45},"end":{"line":39,"column":80}},"type":"default-arg","locations":[{"start":{"line":39,"column":78},"end":{"line":39,"column":80}}]},"2":{"loc":{"start":{"line":50,"column":4},"end":{"line":50,"column":30}},"type":"if","locations":[{"start":{"line":50,"column":4},"end":{"line":50,"column":30}}]},"3":{"loc":{"start":{"line":58,"column":4},"end":{"line":62,"column":5}},"type":"if","locations":[{"start":{"line":58,"column":4},"end":{"line":62,"column":5}}]},"4":{"loc":{"start":{"line":81,"column":44},"end":{"line":81,"column":69}},"type":"default-arg","locations":[{"start":{"line":81,"column":67},"end":{"line":81,"column":69}}]},"5":{"loc":{"start":{"line":97,"column":8},"end":{"line":99,"column":9}},"type":"if","locations":[{"start":{"line":97,"column":8},"end":{"line":99,"column":9}}]},"6":{"loc":{"start":{"line":102,"column":8},"end":{"line":104,"column":9}},"type":"if","locations":[{"start":{"line":102,"column":8},"end":{"line":104,"column":9}}]},"7":{"loc":{"start":{"line":102,"column":12},"end":{"line":102,"column":59}},"type":"binary-expr","locations":[{"start":{"line":102,"column":12},"end":{"line":102,"column":34}},{"start":{"line":102,"column":38},"end":{"line":102,"column":59}}]},"8":{"loc":{"start":{"line":111,"column":8},"end":{"line":113,"column":9}},"type":"if","locations":[{"start":{"line":111,"column":8},"end":{"line":113,"column":9}}]},"9":{"loc":{"start":{"line":117,"column":10},"end":{"line":117,"column":68}},"type":"binary-expr","locations":[{"start":{"line":117,"column":10},"end":{"line":117,"column":19}},{"start":{"line":117,"column":23},"end":{"line":117,"column":68}}]},"10":{"loc":{"start":{"line":121,"column":26},"end":{"line":126,"column":8}},"type":"default-arg","locations":[{"start":{"line":126,"column":6},"end":{"line":126,"column":8}}]},"11":{"loc":{"start":{"line":127,"column":18},"end":{"line":127,"column":30}},"type":"default-arg","locations":[{"start":{"line":127,"column":26},"end":{"line":127,"column":30}}]},"12":{"loc":{"start":{"line":127,"column":32},"end":{"line":127,"column":42}},"type":"default-arg","locations":[{"start":{"line":127,"column":41},"end":{"line":127,"column":42}}]},"13":{"loc":{"start":{"line":127,"column":44},"end":{"line":127,"column":59}},"type":"default-arg","locations":[{"start":{"line":127,"column":55},"end":{"line":127,"column":59}}]},"14":{"loc":{"start":{"line":134,"column":4},"end":{"line":136,"column":5}},"type":"if","locations":[{"start":{"line":134,"column":4},"end":{"line":136,"column":5}}]},"15":{"loc":{"start":{"line":141,"column":4},"end":{"line":146,"column":5}},"type":"if","locations":[{"start":{"line":141,"column":4},"end":{"line":146,"column":5}}]},"16":{"loc":{"start":{"line":143,"column":6},"end":{"line":145,"column":7}},"type":"if","locations":[{"start":{"line":143,"column":6},"end":{"line":145,"column":7}}]},"17":{"loc":{"start":{"line":157,"column":6},"end":{"line":159,"column":7}},"type":"if","locations":[{"start":{"line":157,"column":6},"end":{"line":159,"column":7}}]},"18":{"loc":{"start":{"line":169,"column":21},"end":{"line":169,"column":45}},"type":"default-arg","locations":[{"start":{"line":169,"column":41},"end":{"line":169,"column":45}}]},"19":{"loc":{"start":{"line":172,"column":4},"end":{"line":177,"column":5}},"type":"if","locations":[{"start":{"line":172,"column":4},"end":{"line":177,"column":5}}]},"20":{"loc":{"start":{"line":174,"column":6},"end":{"line":176,"column":7}},"type":"if","locations":[{"start":{"line":174,"column":6},"end":{"line":176,"column":7}}]},"21":{"loc":{"start":{"line":183,"column":6},"end":{"line":185,"column":7}},"type":"if","locations":[{"start":{"line":183,"column":6},"end":{"line":185,"column":7}}]},"22":{"loc":{"start":{"line":195,"column":41},"end":{"line":195,"column":59}},"type":"default-arg","locations":[{"start":{"line":195,"column":57},"end":{"line":195,"column":59}}]},"23":{"loc":{"start":{"line":210,"column":34},"end":{"line":210,"column":58}},"type":"default-arg","locations":[{"start":{"line":210,"column":54},"end":{"line":210,"column":58}}]},"24":{"loc":{"start":{"line":258,"column":19},"end":{"line":258,"column":73}},"type":"cond-expr","locations":[{"start":{"line":258,"column":43},"end":{"line":258,"column":66}},{"start":{"line":258,"column":69},"end":{"line":258,"column":73}}]},"25":{"loc":{"start":{"line":259,"column":19},"end":{"line":259,"column":73}},"type":"cond-expr","locations":[{"start":{"line":259,"column":43},"end":{"line":259,"column":66}},{"start":{"line":259,"column":69},"end":{"line":259,"column":73}}]}},"s":{"0":1,"1":1,"2":1,"3":1,"4":1,"5":16,"6":1,"7":16,"8":10,"9":20,"10":10,"11":8,"12":8,"13":7,"14":1,"15":1,"16":8,"17":1,"18":1,"19":1,"20":7,"21":6,"22":6,"23":8,"24":8,"25":11,"26":11,"27":11,"28":19,"29":19,"30":19,"31":12,"32":8,"33":4,"34":0,"35":4,"36":11,"37":11,"38":11,"39":8,"40":3,"41":10,"42":10,"43":10,"44":10,"45":10,"46":0,"47":10,"48":10,"49":5,"50":5,"51":1,"52":9,"53":9,"54":9,"55":7,"56":7,"57":7,"58":3,"59":7,"60":2,"61":2,"62":3,"63":3,"64":3,"65":3,"66":0,"67":3,"68":3,"69":3,"70":26,"71":3,"72":3,"73":3,"74":0,"75":0,"76":2,"77":2,"78":2,"79":2,"80":23,"81":0,"82":0,"83":0,"84":0,"85":0,"86":0,"87":2,"88":2,"89":2,"90":2,"91":1,"92":1,"93":1,"94":15,"95":15,"96":0,"97":0,"98":4,"99":4,"100":3,"101":4,"102":2,"103":2,"104":2,"105":2,"106":1,"107":1,"108":1,"109":1,"110":1},"f":{"0":1,"1":16,"2":10,"3":20,"4":8,"5":8,"6":6,"7":8,"8":8,"9":11,"10":10,"11":3,"12":26,"13":2,"14":23,"15":0,"16":2,"17":15,"18":0,"19":4,"20":3,"21":2,"22":2},"b":{"0":[1],"1":[0],"2":[7],"3":[1],"4":[11],"5":[8],"6":[0],"7":[4,4],"8":[8],"9":[3,0],"10":[5],"11":[8],"12":[10],"13":[5],"14":[0],"15":[5],"16":[1],"17":[3],"18":[3],"19":[3],"20":[0],"21":[3],"22":[1],"23":[0],"24":[2,2],"25":[2,2]}}
,"C:\\Users\\zineb\\Documents\\M2-YNOV\\Projet-Master\\recycle-app\\src\\services\\mlKitService.ts": {"path":"C:\\Users\\zineb\\Documents\\M2-YNOV\\Projet-Master\\recycle-app\\src\\services\\mlKitService.ts","statementMap":{"0":{"start":{"line":2,"column":0},"end":{"line":2,"column":64}},"1":{"start":{"line":3,"column":0},"end":{"line":3,"column":40}},"2":{"start":{"line":47,"column":29},"end":{"line":75,"column":2}},"3":{"start":{"line":79,"column":23},"end":{"line":107,"column":2}},"4":{"start":{"line":110,"column":26},"end":{"line":110,"column":33}},"5":{"start":{"line":116,"column":4},"end":{"line":116,"column":55}},"6":{"start":{"line":123,"column":19},"end":{"line":123,"column":43}},"7":{"start":{"line":125,"column":4},"end":{"line":128,"column":5}},"8":{"start":{"line":126,"column":6},"end":{"line":126,"column":96}},"9":{"start":{"line":127,"column":6},"end":{"line":127,"column":48}},"10":{"start":{"line":130,"column":4},"end":{"line":174,"column":5}},"11":{"start":{"line":131,"column":6},"end":{"line":131,"column":67}},"12":{"start":{"line":132,"column":6},"end":{"line":132,"column":60}},"13":{"start":{"line":135,"column":21},"end":{"line":135,"column":56}},"14":{"start":{"line":137,"column":6},"end":{"line":137,"column":58}},"15":{"start":{"line":140,"column":42},"end":{"line":145,"column":11}},"16":{"start":{"line":141,"column":25},"end":{"line":141,"column":63}},"17":{"start":{"line":142,"column":23},"end":{"line":145,"column":10}},"18":{"start":{"line":148,"column":44},"end":{"line":154,"column":11}},"19":{"start":{"line":150,"column":25},"end":{"line":150,"column":63}},"20":{"start":{"line":151,"column":23},"end":{"line":154,"column":10}},"21":{"start":{"line":157,"column":28},"end":{"line":157,"column":75}},"22":{"start":{"line":159,"column":6},"end":{"line":167,"column":8}},"23":{"start":{"line":169,"column":6},"end":{"line":169,"column":65}},"24":{"start":{"line":172,"column":6},"end":{"line":172,"column":50}},"25":{"start":{"line":173,"column":6},"end":{"line":173,"column":39}},"26":{"start":{"line":181,"column":4},"end":{"line":181,"column":64}},"27":{"start":{"line":182,"column":4},"end":{"line":182,"column":49}},"28":{"start":{"line":185,"column":4},"end":{"line":185,"column":60}},"29":{"start":{"line":185,"column":33},"end":{"line":185,"column":58}},"30":{"start":{"line":188,"column":27},"end":{"line":188,"column":56}},"31":{"start":{"line":189,"column":28},"end":{"line":189,"column":72}},"32":{"start":{"line":190,"column":21},"end":{"line":190,"column":44}},"33":{"start":{"line":191,"column":27},"end":{"line":191,"column":56}},"34":{"start":{"line":194,"column":26},"end":{"line":194,"column":85}},"35":{"start":{"line":195,"column":25},"end":{"line":195,"column":77}},"36":{"start":{"line":198,"column":4},"end":{"line":198,"column":47}},"37":{"start":{"line":199,"column":4},"end":{"line":199,"column":59}},"38":{"start":{"line":200,"column":4},"end":{"line":200,"column":61}},"39":{"start":{"line":201,"column":4},"end":{"line":201,"column":60}},"40":{"start":{"line":202,"column":4},"end":{"line":202,"column":64}},"41":{"start":{"line":203,"column":4},"end":{"line":203,"column":62}},"42":{"start":{"line":204,"column":4},"end":{"line":204,"column":82}},"43":{"start":{"line":205,"column":4},"end":{"line":205,"column":80}},"44":{"start":{"line":205,"column":56},"end":{"line":205,"column":66}},"45":{"start":{"line":207,"column":4},"end":{"line":215,"column":6}},"46":{"start":{"line":222,"column":4},"end":{"line":222,"column":60}},"47":{"start":{"line":222,"column":33},"end":{"line":222,"column":58}},"48":{"start":{"line":224,"column":28},"end":{"line":224,"column":58}},"49":{"start":{"line":225,"column":29},"end":{"line":225,"column":75}},"50":{"start":{"line":226,"column":26},"end":{"line":226,"column":79}},"51":{"start":{"line":228,"column":4},"end":{"line":232,"column":7}},"52":{"start":{"line":229,"column":39},"end":{"line":229,"column":52}},"53":{"start":{"line":234,"column":4},"end":{"line":242,"column":6}},"54":{"start":{"line":249,"column":4},"end":{"line":249,"column":80}},"55":{"start":{"line":249,"column":64},"end":{"line":249,"column":77}},"56":{"start":{"line":252,"column":25},"end":{"line":252,"column":67}},"57":{"start":{"line":255,"column":20},"end":{"line":255,"column":29}},"58":{"start":{"line":257,"column":4},"end":{"line":267,"column":5}},"59":{"start":{"line":258,"column":6},"end":{"line":258,"column":27}},"60":{"start":{"line":259,"column":11},"end":{"line":267,"column":5}},"61":{"start":{"line":260,"column":6},"end":{"line":260,"column":24}},"62":{"start":{"line":261,"column":11},"end":{"line":267,"column":5}},"63":{"start":{"line":262,"column":6},"end":{"line":262,"column":26}},"64":{"start":{"line":263,"column":11},"end":{"line":267,"column":5}},"65":{"start":{"line":264,"column":6},"end":{"line":264,"column":26}},"66":{"start":{"line":265,"column":11},"end":{"line":267,"column":5}},"67":{"start":{"line":266,"column":6},"end":{"line":266,"column":30}},"68":{"start":{"line":269,"column":22},"end":{"line":269,"column":90}},"69":{"start":{"line":271,"column":23},"end":{"line":271,"column":91}},"70":{"start":{"line":271,"column":71},"end":{"line":271,"column":83}},"71":{"start":{"line":273,"column":4},"end":{"line":273,"column":88}},"72":{"start":{"line":275,"column":4},"end":{"line":281,"column":6}},"73":{"start":{"line":288,"column":22},"end":{"line":324,"column":6}},"74":{"start":{"line":327,"column":22},"end":{"line":327,"column":77}},"75":{"start":{"line":328,"column":4},"end":{"line":328,"column":21}},"76":{"start":{"line":336,"column":4},"end":{"line":339,"column":8}},"77":{"start":{"line":336,"column":44},"end":{"line":339,"column":6}},"78":{"start":{"line":346,"column":4},"end":{"line":357,"column":6}},"79":{"start":{"line":364,"column":25},"end":{"line":373,"column":9}},"80":{"start":{"line":365,"column":28},"end":{"line":365,"column":61}},"81":{"start":{"line":367,"column":34},"end":{"line":373,"column":8}},"82":{"start":{"line":375,"column":4},"end":{"line":375,"column":24}},"83":{"start":{"line":382,"column":30},"end":{"line":428,"column":6}},"84":{"start":{"line":430,"column":22},"end":{"line":430,"column":93}},"85":{"start":{"line":431,"column":4},"end":{"line":431,"column":21}},"86":{"start":{"line":438,"column":4},"end":{"line":449,"column":8}},"87":{"start":{"line":438,"column":53},"end":{"line":449,"column":6}},"88":{"start":{"line":456,"column":24},"end":{"line":463,"column":6}},"89":{"start":{"line":465,"column":24},"end":{"line":465,"column":83}},"90":{"start":{"line":466,"column":4},"end":{"line":466,"column":23}},"91":{"start":{"line":473,"column":25},"end":{"line":492,"column":6}},"92":{"start":{"line":494,"column":4},"end":{"line":494,"column":73}},"93":{"start":{"line":501,"column":4},"end":{"line":501,"column":75}},"94":{"start":{"line":504,"column":25},"end":{"line":504,"column":67}},"95":{"start":{"line":505,"column":28},"end":{"line":505,"column":84}},"96":{"start":{"line":505,"column":56},"end":{"line":505,"column":83}},"97":{"start":{"line":507,"column":4},"end":{"line":507,"column":51}},"98":{"start":{"line":508,"column":4},"end":{"line":508,"column":57}},"99":{"start":{"line":510,"column":20},"end":{"line":510,"column":29}},"100":{"start":{"line":511,"column":21},"end":{"line":511,"column":49}},"101":{"start":{"line":514,"column":4},"end":{"line":529,"column":5}},"102":{"start":{"line":515,"column":6},"end":{"line":515,"column":27}},"103":{"start":{"line":516,"column":6},"end":{"line":516,"column":52}},"104":{"start":{"line":517,"column":11},"end":{"line":529,"column":5}},"105":{"start":{"line":518,"column":6},"end":{"line":518,"column":24}},"106":{"start":{"line":519,"column":6},"end":{"line":519,"column":53}},"107":{"start":{"line":520,"column":11},"end":{"line":529,"column":5}},"108":{"start":{"line":521,"column":6},"end":{"line":521,"column":26}},"109":{"start":{"line":522,"column":6},"end":{"line":522,"column":53}},"110":{"start":{"line":523,"column":11},"end":{"line":529,"column":5}},"111":{"start":{"line":524,"column":6},"end":{"line":524,"column":26}},"112":{"start":{"line":525,"column":6},"end":{"line":525,"column":53}},"113":{"start":{"line":526,"column":11},"end":{"line":529,"column":5}},"114":{"start":{"line":527,"column":6},"end":{"line":527,"column":30}},"115":{"start":{"line":528,"column":6},"end":{"line":528,"column":53}},"116":{"start":{"line":531,"column":22},"end":{"line":531,"column":90}},"117":{"start":{"line":533,"column":4},"end":{"line":533,"column":66}},"118":{"start":{"line":534,"column":4},"end":{"line":534,"column":75}},"119":{"start":{"line":536,"column":4},"end":{"line":542,"column":6}},"120":{"start":{"line":549,"column":25},"end":{"line":559,"column":50}},"121":{"start":{"line":550,"column":28},"end":{"line":550,"column":61}},"122":{"start":{"line":552,"column":26},"end":{"line":558,"column":8}},"123":{"start":{"line":559,"column":22},"end":{"line":559,"column":49}},"124":{"start":{"line":561,"column":4},"end":{"line":561,"column":24}},"125":{"start":{"line":566,"column":13},"end":{"line":566,"column":47}},"126":{"start":{"line":567,"column":0},"end":{"line":567,"column":28}}},"fnMap":{"0":{"name":"(anonymous_1)","decl":{"start":{"line":115,"column":10},"end":{"line":115,"column":27}},"loc":{"start":{"line":115,"column":27},"end":{"line":117,"column":3}}},"1":{"name":"(anonymous_2)","decl":{"start":{"line":122,"column":2},"end":{"line":122,"column":7}},"loc":{"start":{"line":122,"column":37},"end":{"line":175,"column":3}}},"2":{"name":"(anonymous_3)","decl":{"start":{"line":141,"column":16},"end":{"line":141,"column":21}},"loc":{"start":{"line":141,"column":25},"end":{"line":141,"column":63}}},"3":{"name":"(anonymous_4)","decl":{"start":{"line":142,"column":13},"end":{"line":142,"column":18}},"loc":{"start":{"line":142,"column":23},"end":{"line":145,"column":10}}},"4":{"name":"(anonymous_5)","decl":{"start":{"line":150,"column":16},"end":{"line":150,"column":21}},"loc":{"start":{"line":150,"column":25},"end":{"line":150,"column":63}}},"5":{"name":"(anonymous_6)","decl":{"start":{"line":151,"column":13},"end":{"line":151,"column":18}},"loc":{"start":{"line":151,"column":23},"end":{"line":154,"column":10}}},"6":{"name":"(anonymous_7)","decl":{"start":{"line":180,"column":10},"end":{"line":180,"column":15}},"loc":{"start":{"line":180,"column":52},"end":{"line":216,"column":3}}},"7":{"name":"(anonymous_8)","decl":{"start":{"line":185,"column":22},"end":{"line":185,"column":29}},"loc":{"start":{"line":185,"column":33},"end":{"line":185,"column":58}}},"8":{"name":"(anonymous_9)","decl":{"start":{"line":205,"column":51},"end":{"line":205,"column":52}},"loc":{"start":{"line":205,"column":56},"end":{"line":205,"column":66}}},"9":{"name":"(anonymous_10)","decl":{"start":{"line":221,"column":10},"end":{"line":221,"column":15}},"loc":{"start":{"line":221,"column":34},"end":{"line":243,"column":3}}},"10":{"name":"(anonymous_11)","decl":{"start":{"line":222,"column":22},"end":{"line":222,"column":29}},"loc":{"start":{"line":222,"column":33},"end":{"line":222,"column":58}}},"11":{"name":"(anonymous_12)","decl":{"start":{"line":229,"column":34},"end":{"line":229,"column":35}},"loc":{"start":{"line":229,"column":39},"end":{"line":229,"column":52}}},"12":{"name":"(anonymous_13)","decl":{"start":{"line":248,"column":10},"end":{"line":248,"column":23}},"loc":{"start":{"line":248,"column":71},"end":{"line":282,"column":3}}},"13":{"name":"(anonymous_14)","decl":{"start":{"line":249,"column":59},"end":{"line":249,"column":60}},"loc":{"start":{"line":249,"column":64},"end":{"line":249,"column":77}}},"14":{"name":"(anonymous_15)","decl":{"start":{"line":271,"column":66},"end":{"line":271,"column":67}},"loc":{"start":{"line":271,"column":71},"end":{"line":271,"column":83}}},"15":{"name":"(anonymous_16)","decl":{"start":{"line":287,"column":10},"end":{"line":287,"column":33}},"loc":{"start":{"line":287,"column":33},"end":{"line":329,"column":3}}},"16":{"name":"(anonymous_17)","decl":{"start":{"line":33
[...]
"line":153,"column":42},"end":{"line":153,"column":43}}]},"8":{"loc":{"start":{"line":252,"column":25},"end":{"line":252,"column":67}},"type":"binary-expr","locations":[{"start":{"line":252,"column":25},"end":{"line":252,"column":61}},{"start":{"line":252,"column":65},"end":{"line":252,"column":67}}]},"9":{"loc":{"start":{"line":257,"column":4},"end":{"line":267,"column":5}},"type":"if","locations":[{"start":{"line":257,"column":4},"end":{"line":267,"column":5}},{"start":{"line":259,"column":11},"end":{"line":267,"column":5}}]},"10":{"loc":{"start":{"line":257,"column":8},"end":{"line":257,"column":75}},"type":"binary-expr","locations":[{"start":{"line":257,"column":8},"end":{"line":257,"column":39}},{"start":{"line":257,"column":43},"end":{"line":257,"column":75}}]},"11":{"loc":{"start":{"line":259,"column":11},"end":{"line":267,"column":5}},"type":"if","locations":[{"start":{"line":259,"column":11},"end":{"line":267,"column":5}},{"start":{"line":261,"column":11},"end":{"line":267,"column":5}}]},"12":{"loc":{"start":{"line":259,"column":15},"end":{"line":259,"column":114}},"type":"binary-expr","locations":[{"start":{"line":259,"column":15},"end":{"line":259,"column":43}},{"start":{"line":259,"column":47},"end":{"line":259,"column":77}},{"start":{"line":259,"column":81},"end":{"line":259,"column":114}}]},"13":{"loc":{"start":{"line":261,"column":11},"end":{"line":267,"column":5}},"type":"if","locations":[{"start":{"line":261,"column":11},"end":{"line":267,"column":5}},{"start":{"line":263,"column":11},"end":{"line":267,"column":5}}]},"14":{"loc":{"start":{"line":261,"column":15},"end":{"line":261,"column":116}},"type":"binary-expr","locations":[{"start":{"line":261,"column":15},"end":{"line":261,"column":45}},{"start":{"line":261,"column":49},"end":{"line":261,"column":82}},{"start":{"line":261,"column":86},"end":{"line":261,"column":116}}]},"15":{"loc":{"start":{"line":263,"column":11},"end":{"line":267,"column":5}},"type":"if","locations":[{"start":{"line":263,"column":11},"end":{"line":267,"column":5}},{"start":{"line":265,"column":11},"end":{"line":267,"column":5}}]},"16":{"loc":{"start":{"line":263,"column":15},"end":{"line":263,"column":77}},"type":"binary-expr","locations":[{"start":{"line":263,"column":15},"end":{"line":263,"column":45}},{"start":{"line":263,"column":49},"end":{"line":263,"column":77}}]},"17":{"loc":{"start":{"line":265,"column":11},"end":{"line":267,"column":5}},"type":"if","locations":[{"start":{"line":265,"column":11},"end":{"line":267,"column":5}}]},"18":{"loc":{"start":{"line":265,"column":15},"end":{"line":265,"column":117}},"type":"binary-expr","locations":[{"start":{"line":265,"column":15},"end":{"line":265,"column":43}},{"start":{"line":265,"column":47},"end":{"line":265,"column":81}},{"start":{"line":265,"column":85},"end":{"line":265,"column":117}}]},"19":{"loc":{"start":{"line":271,"column":23},"end":{"line":271,"column":91}},"type":"cond-expr","locations":[{"start":{"line":271,"column":43},"end":{"line":271,"column":85}},{"start":{"line":271,"column":88},"end":{"line":271,"column":91}}]},"20":{"loc":{"start":{"line":504,"column":25},"end":{"line":504,"column":67}},"type":"binary-expr","locations":[{"start":{"line":504,"column":25},"end":{"line":504,"column":61}},{"start":{"line":504,"column":65},"end":{"line":504,"column":67}}]},"21":{"loc":{"start":{"line":511,"column":21},"end":{"line":511,"column":49}},"type":"binary-expr","locations":[{"start":{"line":511,"column":21},"end":{"line":511,"column":42}},{"start":{"line":511,"column":46},"end":{"line":511,"column":49}}]},"22":{"loc":{"start":{"line":514,"column":4},"end":{"line":529,"column":5}},"type":"if","locations":[{"start":{"line":514,"column":4},"end":{"line":529,"column":5}},{"start":{"line":517,"column":11},"end":{"line":529,"column":5}}]},"23":{"loc":{"start":{"line":514,"column":8},"end":{"line":514,"column":75}},"type":"binary-expr","locations":[{"start":{"line":514,"column":8},"end":{"line":514,"column":39}},{"start":{"line":514,"column":43},"end":{"line":514,"column":75}}]},"24":{"loc":{"start":{"line":517,"column":11},"end":{"line":529,"column":5}},"type":"if","locations":[{"start":{"line":517,"column":11},"end":{"line":529,"column":5}},{"start":{"line":520,"column":11},"end":{"line":529,"column":5}}]},"25":{"loc":{"start":{"line":517,"column":15},"end":{"line":517,"column":80}},"type":"binary-expr","locations":[{"start":{"line":517,"column":15},"end":{"line":517,"column":43}},{"start":{"line":517,"column":47},"end":{"line":517,"column":80}}]},"26":{"loc":{"start":{"line":520,"column":11},"end":{"line":529,"column":5}},"type":"if","locations":[{"start":{"line":520,"column":11},"end":{"line":529,"column":5}},{"start":{"line":523,"column":11},"end":{"line":529,"column":5}}]},"27":{"loc":{"start":{"line":520,"column":15},"end":{"line":520,"column":82}},"type":"binary-expr","locations":[{"start":{"line":520,"column":15},"end":{"line":520,"column":45}},{"start":{"line":520,"column":49},"end":{"line":520,"column":82}}]},"28":{"loc":{"start":{"line":523,"column":11},"end":{"line":529,"column":5}},"type":"if","locations":[{"start":{"line":523,"column":11},"end":{"line":529,"column":5}},{"start":{"line":526,"column":11},"end":{"line":529,"column":5}}]},"29":{"loc":{"start":{"line":523,"column":15},"end":{"line":523,"column":80}},"type":"binary-expr","locations":[{"start":{"line":523,"column":15},"end":{"line":523,"column":45}},{"start":{"line":523,"column":49},"end":{"line":523,"column":80}}]},"30":{"loc":{"start":{"line":526,"column":11},"end":{"line":529,"column":5}},"type":"if","locations":[{"start":{"line":526,"column":11},"end":{"line":529,"column":5}}]},"31":{"loc":{"start":{"line":526,"column":15},"end":{"line":526,"column":81}},"type":"binary-expr","locations":[{"start":{"line":526,"column":15},"end":{"line":526,"column":49}},{"start":{"line":526,"column":53},"end":{"line":526,"column":81}}]}},"s":{"0":1,"1":1,"2":1,"3":1,"4":1,"5":10,"6":10,"7":10,"8":0,"9":0,"10":10,"11":10,"12":10,"13":10,"14":2,"15":2,"16":8,"17":5,"18":2,"19":6,"20":3,"21":2,"22":2,"23":8,"24":8,"25":8,"26":0,"27":0,"28":0,"29":0,"30":0,"31":0,"32":0,"33":0,"34":0,"35":0,"36":0,"37":0,"38":0,"39":0,"40":0,"41":0,"42":0,"43":0,"44":0,"45":0,"46":8,"47":8,"48":8,"49":8,"50":8,"51":8,"52":32,"53":8,"54":10,"55":37,"56":10,"57":10,"58":10,"59":3,"60":7,"61":4,"62":3,"63":0,"64":3,"65":0,"66":3,"67":2,"68":10,"69":10,"70":37,"71":10,"72":10,"73":8,"74":8,"75":8,"76":8,"77":16,"78":10,"79":10,"80":270,"81":20,"82":10,"83":0,"84":0,"85":0,"86":0,"87":0,"88":0,"89":0,"90":0,"91":0,"92":0,"93":0,"94":0,"95":0,"96":0,"97":0,"98":0,"99":0,"100":0,"101":0,"102":0,"103":0,"104":0,"105":0,"106":0,"107":0,"108":0,"109":0,"110":0,"111":0,"112":0,"113":0,"114":0,"115":0,"116":0,"117":0,"118":0,"119":0,"120":0,"121":0,"122":0,"123":0,"124":0,"125":1,"126":1},"f":{"0":10,"1":10,"2":8,"3":5,"4":6,"5":3,"6":0,"7":0,"8":0,"9":8,"10":8,"11":32,"12":10,"13":37,"14":37,"15":8,"16":8,"17":16,"18":10,"19":10,"20":270,"21":20,"22":0,"23":0,"24":0,"25":0,"26":0,"27":0,"28":0,"29":0,"30":0,"31":0,"32":0},"b":{"0":[10,0],"1":[0],"2":[8,5],"3":[5,0],"4":[5,0],"5":[6,3],"6":[3,0],"7":[3,0],"8":[10,1],"9":[3,7],"10":[10,7],"11":[4,3],"12":[7,3,3],"13":[0,3],"14":[3,3,3],"15":[0,3],"16":[3,3],"17":[2],"18":[3,1,1],"19":[9,1],"20":[0,0],"21":[0,0],"22":[0,0],"23":[0,0],"24":[0,0],"25":[0,0],"26":[0,0],"27":[0,0],"28":[0,0],"29":[0,0],"30":[0],"31":[0,0]}}
,"C:\\Users\\zineb\\Documents\\M2-YNOV\\Projet-Master\\recycle-app\\src\\services\\storageService.ts": {"path":"C:\\Users\\zineb\\Documents\\M2-YNOV\\Projet-Master\\recycle-app\\src\\services\\storageService.ts","statementMap":{"0":{"start":{"line":1,"column":0},"end":{"line":1,"column":68}},"1":{"start":{"line":2,"column":0},"end":{"line":2,"column":42}},"2":{"start":{"line":3,"column":0},"end":{"line":3,"column":44}},"3":{"start":{"line":4,"column":0},"end":{"line":4,"column":69}},"4":{"start":{"line":33,"column":4},"end":{"line":61,"column":5}},"5":{"start":{"line":34,"column":21},"end":{"line":34,"column":42}},"6":{"start":{"line":35,"column":6},"end":{"line":37,"column":7}},"7":{"start":{"line":36,"column":8},"end":{"line":36,"column":55}},"8":{"start":{"line":40,"column":6},"end":{"line":44,"column":9}},"9":{"start":{"line":47,"column":6},"end":{"line":47,"column":61}},"10":{"start":{"line":47,"column":35},"end":{"line":47,"column":59}},"11":{"start":{"line":50,"column":6},"end":{"line":50,"column":58}},"12":{"start":{"line":52,"column":6},"end":{"line":52,"column":62}},"13":{"start":{"line":59,"column":6},"end":{"line":59,"column":77}},"14":{"start":{"line":60,"column":6},"end":{"line":60,"column":68}},"15":{"start":{"line":70,"column":4},"end":{"line":123,"column":5}},"16":{"start":{"line":71,"column":22},"end":{"line":71,"column":60}},"17":{"start":{"line":73,"column":6},"end":{"line":119,"column":7}},"18":{"start":{"line":74,"column":25},"end":{"line":74,"column":39}},"19":{"start":{"line":75,"column":8},"end":{"line":94,"column":10}},"20":{"start":{"line":97,"column":40},"end":{"line":115,"column":10}},"21":{"start":{"line":117,"column":8},"end":{"line":117,"column":72}},"22":{"start":{"line":118,"column":8},"end":{"line":118,"column":28}},"23":{"start":{"line":121,"column":6},"end":{"line":121,"column":72}},"24":{"start":{"line":122,"column":6},"end":{"line":122,"column":66}},"25":{"start":{"line":130,"column":4},"end":{"line":235,"column":5}},"26":{"start":{"line":131,"column":21},"end":{"line":131,"column":42}},"27":{"start":{"line":132,"column":6},"end":{"line":132,"column":26}},"28":{"start":{"line":132,"column":19},"end":{"line":132,"column":26}},"29":{"start":{"line":135,"column":23},"end":{"line":135,"column":45}},"30":{"start":{"line":136,"column":31},"end":{"line":136,"column":67}},"31":{"start":{"line":139,"column":6},"end":{"line":162,"column":7}},"32":{"start":{"line":140,"column":8},"end":{"line":140,"column":52}},"33":{"start":{"line":142,"column":8},"end":{"line":161,"column":10}},"34":{"start":{"line":165,"column":20},"end":{"line":165,"column":30}},"35":{"start":{"line":166,"column":23},"end":{"line":166,"column":93}},"36":{"start":{"line":167,"column":22},"end":{"line":167,"column":48}},"37":{"start":{"line":169,"column":6},"end":{"line":182,"column":7}},"38":{"start":{"line":170,"column":25},"end":{"line":170,"column":99}},"39":{"start":{"line":171,"column":8},"end":{"line":177,"column":9}},"40":{"start":{"line":173,"column":10},"end":{"line":173,"column":53}},"41":{"start":{"line":174,"column":15},"end":{"line":177,"column":9}},"42":{"start":{"line":176,"column":10},"end":{"line":176,"column":24}},"43":{"start":{"line":181,"column":8},"end":{"line":181,"column":22}},"44":{"start":{"line":185,"column":22},"end":{"line":185,"column":73}},"45":{"start":{"line":186,"column":23},"end":{"line":186,"column":75}},"46":{"start":{"line":189,"column":26},"end":{"line":189,"column":75}},"47":{"start":{"line":190,"column":27},"end":{"line":190,"column":78}},"48":{"start":{"line":193,"column":38},"end":{"line":210,"column":8}},"49":{"start":{"line":213,"column":6},"end":{"line":213,"column":69}},"50":{"start":{"line":216,"column":6},"end":{"line":216,"column":73}},"51":{"start":{"line":218,"column":6},"end":{"line":218,"column":57}},"52":{"start":{"line":219,"column":6},"end":{"line":219,"column":53}},"53":{"start":{"line":220,"column":6},"end":{"line":220,"column":69}},"54":{"start":{"line":221,"column":6},"end":{"line":221,"column":62}},"55":{"start":{"line":222,"column":6},"end":{"line":222,"column":55}},"56":{"start":{"line":225,"column":6},"end":{"line":231,"column":7}},"57":{"start":{"line":226,"column":24},"end":{"line":226,"column":48}},"58":{"start":{"line":227,"column":8},"end":{"line":227,"column":58}},"59":{"start":{"line":228,"column":8},"end":{"line":228,"column":64}},"60":{"start":{"line":230,"column":8},"end":{"line":230,"column":84}},"61":{"start":{"line":234,"column":6},"end":{"line":234,"column":71}},"62":{"start":{"line":241,"column":13},"end":{"line":241,"column":51}},"63":{"start":{"line":242,"column":0},"end":{"line":242,"column":30}}},"fnMap":{"0":{"name":"(anonymous_1)","decl":{"start":{"line":32,"column":2},"end":{"line":32,"column":7}},"loc":{"start":{"line":32,"column":42},"end":{"line":62,"column":3}}},"1":{"name":"(anonymous_2)","decl":{"start":{"line":47,"column":24},"end":{"line":47,"column":31}},"loc":{"start":{"line":47,"column":35},"end":{"line":47,"column":59}}},"2":{"name":"(anonymous_3)","decl":{"start":{"line":69,"column":2},"end":{"line":69,"column":7}},"loc":{"start":{"line":69,"column":35},"end":{"line":124,"column":3}}},"3":{"name":"(anonymous_4)","decl":{"start":{"line":129,"column":2},"end":{"line":129,"column":7}},"loc":{"start":{"line":129,"column":45},"end":{"line":236,"column":3}}}},"branchMap":{"0":{"loc":{"start":{"line":35,"column":6},"end":{"line":37,"column":7}},"type":"if","locations":[{"start":{"line":35,"column":6},"end":{"line":37,"column":7}}]},"1":{"loc":{"start":{"line":73,"column":6},"end":{"line":119,"column":7}},"type":"if","locations":[{"start":{"line":73,"column":6},"end":{"line":119,"column":7}},{"start":{"line":95,"column":13},"end":{"line":119,"column":7}}]},"2":{"loc":{"start":{"line":76,"column":26},"end":{"line":76,"column":61}},"type":"binary-expr","locations":[{"start":{"line":76,"column":26},"end":{"line":76,"column":56}},{"start":{"line":76,"column":60},"end":{"line":76,"column":61}}]},"3":{"loc":{"start":{"line":77,"column":18},"end":{"line":77,"column":45}},"type":"binary-expr","locations":[{"start":{"line":77,"column":18},"end":{"line":77,"column":40}},{"start":{"line":77,"column":44},"end":{"line":77,"column":45}}]},"4":{"loc":{"start":{"line":78,"column":31},"end":{"line":78,"column":71}},"type":"binary-expr","locations":[{"start":{"line":78,"column":31},"end":{"line":78,"column":66}},{"start":{"line":78,"column":70},"end":{"line":78,"column":71}}]},"5":{"loc":{"start":{"line":79,"column":17},"end":{"line":79,"column":43}},"type":"binary-expr","locations":[{"start":{"line":79,"column":17},"end":{"line":79,"column":38}},{"start":{"line":79,"column":42},"end":{"line":79,"column":43}}]},"6":{"loc":{"start":{"line":81,"column":29},"end":{"line":81,"column":68}},"type":"binary-expr","locations":[{"start":{"line":81,"column":29},"end":{"line":81,"column":62}},{"start":{"line":81,"column":66},"end":{"line":81,"column":68}}]},"7":{"loc":{"start":{"line":82,"column":25},"end":{"line":82,"column":59}},"type":"binary-expr","locations":[{"start":{"line":82,"column":25},"end":{"line":82,"column":54}},{"start":{"line":82,"column":58},"end":{"line":82,"column":59}}]},"8":{"loc":{"start":{"line":83,"column":22},"end":{"line":83,"column":53}},"type":"binary-expr","locations":[{"start":{"line":83,"column":22},"end":{"line":83,"column":48}},{"start":{"line":83,"column":52},"end":{"line":83,"column":53}}]},"9":{"loc":{"start":{"line":84,"column":23},"end":{"line":84,"column":55}},"type":"binary-expr","locations":[{"start":{"line":84,"column":23},"end":{"line":84,"column":50}},{"start":{"line":84,"column":54},"end":{"line":84,"column":55}}]},"10":{"loc":{"start":{"line":85,"column":24},"end":{"line":85,"column":57}},"type":"binary-expr","locations":[{"start":{"line":85,"column":24},"end":{"line":85,"column":52}},{"start":{"line":85,"column":56},"end":{"line":85,"column":57}}]},"11":{"loc":{"start":{"line":86,"column":25},"end":{"line":93,"column":null}},"type":"binary-expr","locations":[{"start":{"line":86,"column":25},"end":{"line":86,"column":54}},{"start":{"line":86,"column":58},"end":{"line":93,"column":null}}]},"12":{"loc":{"start":{"line":132,"column":6},"end":{"line":132,"column":26}},"type":"if","locations":[{"start":{"line":132,"column":6},"end":{"line":132,"column":26}}]},"13":{"loc":{"start":{"line":139,"column":6},"end":{"line":162,"column":7}},"type":"if","locations":[{"start":{"line":139,"column":6},"end":{"line":162,"column":7}},{"start":{"line":141,"column":13},"end":{"line":162,"column":7}}]},"14":{"loc":{"start":{"line":166,"column":23},"end":{"line":166,"column":93}},"type":"cond-expr","locations":[{"start":{"line":166,"column":51},"end":{"line":166,"column":86}},{"start":{"line":166,"column":89},"end":{"line":166,"column":93}}]},"15":{"loc":{"start":{"line":169,"column":6},"end":{"line":182,"column":7}},"type":"if","locations":[{"start":{"line":169,"column":6},"end":{"line":182,"column":7}},{"start":{"line":179,"column":13},"end":{"line":182,"column":7}}]},"16":{"loc":{"start":{"line":171,"column":8},"end":{"line":177,"column":9}},"type":"if","locations":[{"start":{"line":171,"column":8},"end":{"line":177,"column":9}},{"start":{"line":174,"column":15},"end":{"line":177,"column":9}}]},"17":{"loc":{"start":{"line":174,"column":15},"end":{"line":177,"column":9}},"type":"if","locations":[{"start":{"line":174,"column":15},"end":{"line":177,"column":9}}]},"18":{"loc":{"start":{"line":189,"column":36},"end":{"line":189,"column":65}},"type":"binary-expr","locations":[{"start":{"line":189,"column":36},"end":{"line":189,"column":60}},{"start":{"line":189,"column":64},"end":{"line":189,"column":65}}]},"19":{"loc":{"start":{"line":190,"column":37},"end":{"line":190,"column":67}},"type":"binary-expr","locations":[{"start":{"line":190,"column":37},"end":{"line":190,"column":62}},{"start":{"line":190,"column":66},"end":{"line":190,"column":67}}]},"20":{"loc":{"start":{"line":199,"column":29},"end":{"line":199,"column":57}},"type":"binary-expr","locations":[{"start":{"line":199,"column":29},"end":{"line":199,"column":52}},{"start":{"line":199,"column":56},"end":{"line":199,"column":57}}]},"21":{"loc":{"start":{"line":204,"column":28},"end":{"line":204,"column":78}},"type":"binary-expr","locations":[{"start":{"line":204,"column":28},"end":{"line":204,"column":73}},{"start":{"line":204,"column":77},"end":{"line":204,"column":78}}]},"22":{"loc":{"start":{"line":208,"column":28},"end":{"line":208,"column":76}},"type":"binary-expr","locations":[{"start":{"line":208,"column":28},"end":{"line":208,"column":71}},{"start":{"line":208,"column":75},"end":{"line":208,"column":76}}]}},"s":{"0":1,"1":1,"2":1,"3":1,"4":2,"5":2,"6":2,"7":0,"8":2,"9":2,"10":2,"11":2,"12":2,"13":0,"14":0,"15":4,"16":4,"17":2,"18":1,"19":1,"20":1,"21":1,"22":1,"23":2,"24":2,"25":2,"26":2,"27":2,"28":0,"29":2,"30":2,"31":2,"32":1,"33":1,"34":2,"35":2,"36":2,"37":2,"38":0,"39":0,"40":0,"41":0,"42":0,"43":2,"44":2,"45":2,"46":2,"47":2,"48":2,"49":2,"50":2,"51":2,"52":2,"53":2,"54":2,"55":2,"56":2,"57":2,"58":2,"59":2,"60":0,"61":0,"62":1,"63":1},"f":{"0":2,"1":2,"2":4,"3":2},"b":{"0":[0],"1":[1,1],"2":[1,0],"3":[1,0],"4":[1,0],"5":[1,0],"6":[1,0],"7":[1,0],"8":[1,0],"9":[1,0],"10":[1,0],"11":[1,0],"12":[0],"13":[1,1],"14":[0,2],"15":[0,2],"16":[0,0],"17":[0],"18":[2,1],"19":[2,1],"20":[2,1],"21":[2,1],"22":[2,1]}}
,"C:\\Users\\zineb\\Documents\\M2-YNOV\\Projet-Master\\recycle-app\\src\\styles\\colors.ts": {"path":"C:\\Users\\zineb\\Documents\\M2-YNOV\\Projet-Master\\recycle-app\\src\\styles\\colors.ts","statementMap":{"0":{"start":{"line":1,"column":13},"end":{"line":20,"column":2}}},"fnMap":{},"branchMap":{},"s":{"0":1},"f":{},"b":{}}
,"C:\\Users\\zineb\\Documents\\M2-YNOV\\Projet-Master\\recycle-app\\src\\styles\\global.ts": {"path":"C:\\Users\\zineb\\Documents\\M2-YNOV\\Projet-Master\\recycle-app\\src\\styles\\global.ts","statementMap":{"0":{"start":{"line":1,"column":0},"end":{"line":1,"column":42}},"1":{"start":{"line":2,"column":0},"end":{"line":2,"column":34}},"2":{"start":{"line":5,"column":34},"end":{"line":153,"column":2}},"3":{"start":{"line":5,"column":51},"end":{"line":153,"column":2}},"4":{"start":{"line":5,"column":13},"end":{"line":5,"column":34}},"5":{"start":{"line":156,"column":13},"end":{"line":301,"column":3}}},"fnMap":{"0":{"name":"(anonymous_0)","decl":{"start":{"line":5,"column":34},"end":{"line":5,"column":35}},"loc":{"start":{"line":5,"column":51},"end":{"line":153,"column":2}}}},"branchMap":{},"s":{"0":1,"1":1,"2":1,"3":0,"4":1,"5":1},"f":{"0":0},"b":{}}
}
