{"C:\\Users\\zineb\\Documents\\M2-YNOV\\Projet-Master\\recycle-app\\src\\components\\MapComponent.tsx": {"path":"C:\\Users\\zineb\\Documents\\M2-YNOV\\Projet-Master\\recycle-app\\src\\components\\MapComponent.tsx","statementMap":{"0":{"start":{"line":1,"column":0},"end":{"line":1,"column":51}},"1":{"start":{"line":2,"column":0},"end":{"line":2,"column":101}},"2":{"start":{"line":3,"column":0},"end":{"line":3,"column":60}},"3":{"start":{"line":4,"column":0},"end":{"line":4,"column":42}},"4":{"start":{"line":5,"column":0},"end":{"line":5,"column":48}},"5":{"start":{"line":8,"column":19},"end":{"line":8,"column":23}},"6":{"start":{"line":9,"column":18},"end":{"line":9,"column":22}},"7":{"start":{"line":10,"column":27},"end":{"line":10,"column":31}},"8":{"start":{"line":11,"column":28},"end":{"line":11,"column":32}},"9":{"start":{"line":13,"column":0},"end":{"line":28,"column":1}},"10":{"start":{"line":14,"column":2},"end":{"line":27,"column":3}},"11":{"start":{"line":15,"column":17},"end":{"line":15,"column":45}},"12":{"start":{"line":16,"column":4},"end":{"line":16,"column":27}},"13":{"start":{"line":17,"column":4},"end":{"line":17,"column":25}},"14":{"start":{"line":18,"column":4},"end":{"line":18,"column":43}},"15":{"start":{"line":19,"column":4},"end":{"line":19,"column":45}},"16":{"start":{"line":21,"column":4},"end":{"line":21,"column":61}},"17":{"start":{"line":23,"column":4},"end":{"line":23,"column":82}},"18":{"start":{"line":23,"column":47},"end":{"line":23,"column":81}},"19":{"start":{"line":24,"column":4},"end":{"line":24,"column":81}},"20":{"start":{"line":24,"column":46},"end":{"line":24,"column":80}},"21":{"start":{"line":25,"column":4},"end":{"line":25,"column":32}},"22":{"start":{"line":26,"column":4},"end":{"line":26,"column":33}},"23":{"start":{"line":30,"column":21},"end":{"line":374,"column":1}},"24":{"start":{"line":35,"column":48},"end":{"line":35,"column":67}},"25":{"start":{"line":36,"column":44},"end":{"line":36,"column":63}},"26":{"start":{"line":37,"column":32},"end":{"line":37,"column":44}},"27":{"start":{"line":38,"column":46},"end":{"line":38,"column":61}},"28":{"start":{"line":41,"column":31},"end":{"line":115,"column":3}},"29":{"start":{"line":42,"column":4},"end":{"line":42,"column":26}},"30":{"start":{"line":42,"column":19},"end":{"line":42,"column":26}},"31":{"start":{"line":44,"column":36},"end":{"line":44,"column":44}},"32":{"start":{"line":45,"column":18},"end":{"line":45,"column":22}},"33":{"start":{"line":46,"column":22},"end":{"line":46,"column":67}},"34":{"start":{"line":48,"column":26},"end":{"line":52,"column":6}},"35":{"start":{"line":54,"column":4},"end":{"line":114,"column":5}},"36":{"start":{"line":55,"column":23},"end":{"line":62,"column":8}},"37":{"start":{"line":65,"column":6},"end":{"line":68,"column":7}},"38":{"start":{"line":66,"column":8},"end":{"line":66,"column":56}},"39":{"start":{"line":67,"column":8},"end":{"line":67,"column":15}},"40":{"start":{"line":70,"column":19},"end":{"line":70,"column":40}},"41":{"start":{"line":72,"column":6},"end":{"line":75,"column":7}},"42":{"start":{"line":73,"column":8},"end":{"line":73,"column":62}},"43":{"start":{"line":74,"column":8},"end":{"line":74,"column":15}},"44":{"start":{"line":77,"column":19},"end":{"line":77,"column":35}},"45":{"start":{"line":79,"column":6},"end":{"line":86,"column":7}},"46":{"start":{"line":80,"column":8},"end":{"line":85,"column":13}},"47":{"start":{"line":80,"column":59},"end":{"line":85,"column":10}},"48":{"start":{"line":88,"column":6},"end":{"line":88,"column":56}},"49":{"start":{"line":90,"column":6},"end":{"line":113,"column":7}},"50":{"start":{"line":91,"column":25},"end":{"line":98,"column":10}},"51":{"start":{"line":100,"column":8},"end":{"line":110,"column":9}},"52":{"start":{"line":101,"column":23},"end":{"line":101,"column":44}},"53":{"start":{"line":102,"column":10},"end":{"line":109,"column":11}},"54":{"start":{"line":103,"column":12},"end":{"line":108,"column":17}},"55":{"start":{"line":103,"column":63},"end":{"line":108,"column":14}},"56":{"start":{"line":112,"column":8},"end":{"line":112,"column":58}},"57":{"start":{"line":118,"column":24},"end":{"line":123,"column":3}},"58":{"start":{"line":119,"column":4},"end":{"line":119,"column":61}},"59":{"start":{"line":119,"column":32},"end":{"line":119,"column":61}},"60":{"start":{"line":121,"column":57},"end":{"line":121,"column":69}},"61":{"start":{"line":122,"column":4},"end":{"line":122,"column":109}},"62":{"start":{"line":126,"column":38},"end":{"line":140,"column":3}},"63":{"start":{"line":127,"column":4},"end":{"line":127,"column":28}},"64":{"start":{"line":128,"column":4},"end":{"line":138,"column":5}},"65":{"start":{"line":129,"column":18},"end":{"line":129,"column":133}},"66":{"start":{"line":130,"column":23},"end":{"line":132,"column":8}},"67":{"start":{"line":133,"column":19},"end":{"line":133,"column":40}},"68":{"start":{"line":135,"column":6},"end":{"line":135,"column":38}},"69":{"start":{"line":137,"column":6},"end":{"line":137,"column":40}},"70":{"start":{"line":139,"column":4},"end":{"line":139,"column":29}},"71":{"start":{"line":143,"column":28},"end":{"line":153,"column":3}},"72":{"start":{"line":144,"column":4},"end":{"line":144,"column":28}},"73":{"start":{"line":145,"column":4},"end":{"line":145,"column":65}},"74":{"start":{"line":147,"column":4},"end":{"line":152,"column":7}},"75":{"start":{"line":156,"column":2},"end":{"line":162,"column":25}},"76":{"start":{"line":157,"column":22},"end":{"line":159,"column":11}},"77":{"start":{"line":158,"column":6},"end":{"line":158,"column":29}},"78":{"start":{"line":161,"column":4},"end":{"line":161,"column":41}},"79":{"start":{"line":161,"column":17},"end":{"line":161,"column":40}},"80":{"start":{"line":165,"column":2},"end":{"line":174,"column":17}},"81":{"start":{"line":166,"column":4},"end":{"line":173,"column":5}},"82":{"start":{"line":167,"column":6},"end":{"line":172,"column":9}},"83":{"start":{"line":178,"column":33},"end":{"line":243,"column":3}},"84":{"start":{"line":179,"column":52},"end":{"line":240,"column":6}},"85":{"start":{"line":242,"column":4},"end":{"line":242,"column":81}},"86":{"start":{"line":246,"column":2},"end":{"line":300,"column":3}},"87":{"start":{"line":247,"column":4},"end":{"line":299,"column":6}},"88":{"start":{"line":268,"column":16},"end":{"line":274,"column":null}},"89":{"start":{"line":271,"column":33},"end":{"line":271,"column":57}},"90":{"start":{"line":287,"column":33},"end":{"line":287,"column":61}},"91":{"start":{"line":288,"column":30},"end":{"line":288,"column":57}},"92":{"start":{"line":293,"column":45},"end":{"line":293,"column":67}},"93":{"start":{"line":302,"column":2},"end":{"line":373,"column":4}},"94":{"start":{"line":324,"column":10},"end":{"line":326,"column":11}},"95":{"start":{"line":325,"column":12},"end":{"line":325,"column":24}},"96":{"start":{"line":328,"column":28},"end":{"line":328,"column":42}},"97":{"start":{"line":330,"column":10},"end":{"line":341,"column":11}},"98":{"start":{"line":331,"column":60},"end":{"line":339,"column":14}},"99":{"start":{"line":340,"column":12},"end":{"line":340,"column":65}},"100":{"start":{"line":343,"column":10},"end":{"line":351,"column":12}},"101":{"start":{"line":348,"column":29},"end":{"line":348,"column":53}},"102":{"start":{"line":361,"column":31},"end":{"line":361,"column":59}},"103":{"start":{"line":362,"column":28},"end":{"line":362,"column":55}},"104":{"start":{"line":367,"column":43},"end":{"line":367,"column":65}},"105":{"start":{"line":376,"column":15},"end":{"line":447,"column":2}},"106":{"start":{"line":449,"column":0},"end":{"line":449,"column":28}}},"fnMap":{"0":{"name":"(anonymous_9)","decl":{"start":{"line":23,"column":14},"end":{"line":23,"column":15}},"loc":{"start":{"line":23,"column":47},"end":{"line":23,"column":81}}},"1":{"name":"(anonymous_10)","decl":{"start":{"line":24,"column":13},"end":{"line":24,"column":14}},"loc":{"start":{"line":24,"column":46},"end":{"line":24,"column":80}}},"2":{"name":"(anonymous_11)","decl":{"start":{"line":30,"column":21},"end":{"line":30,"column":22}},"loc":{"start":{"line":34,"column":5},"end":{"line":374,"column":1}}},"3":{"name":"(anonymous_12)","decl":{"start":{"line":41,"column":31},"end":{"line":41,"column":36}},"loc":{"start":{"line":41,"column":42},"end":{"line":115,"column":3}}},"4":{"name":"(anonymous_13)","decl":{"start":{"line":80,"column":45},"end":{"line":80,"column":46}},"loc":{"start":{"line":80,"column":59},"end":{"line":85,"column":10}}},"5":{"name":"(anonymous_14)","decl":{"start":{"line":103,"column":49},"end":{"line":103,"column":50}},"loc":{"start":{"line":103,"column":63},"end":{"line":108,"column":14}}},"6":{"name":"(anonymous_15)","decl":{"start":{"line":118,"column":24},"end":{"line":118,"column":25}},"loc":{"start":{"line":118,"column":38},"end":{"line":123,"column":3}}},"7":{"name":"(anonymous_16)","decl":{"start":{"line":126,"column":38},"end":{"line":126,"column":43}},"loc":{"start":{"line":126,"column":84},"end":{"line":140,"column":3}}},"8":{"name":"(anonymous_17)","decl":{"start":{"line":143,"column":28},"end":{"line":143,"column":29}},"loc":{"start":{"line":143,"column":43},"end":{"line":153,"column":3}}},"9":{"name":"(anonymous_18)","decl":{"start":{"line":156,"column":12},"end":{"line":156,"column":15}},"loc":{"start":{"line":156,"column":17},"end":{"line":162,"column":3}}},"10":{"name":"(anonymous_19)","decl":{"start":{"line":157,"column":33},"end":{"line":157,"column":36}},"loc":{"start":{"line":157,"column":38},"end":{"line":159,"column":5}}},"11":{"name":"(anonymous_20)","decl":{"start":{"line":161,"column":11},"end":{"line":161,"column":14}},"loc":{"start":{"line":161,"column":17},"end":{"line":161,"column":40}}},"12":{"name":"(anonymous_21)","decl":{"start":{"line":165,"column":12},"end":{"line":165,"column":15}},"loc":{"start":{"line":165,"column":17},"end":{"line":174,"column":3}}},"13":{"name":"(anonymous_22)","decl":{"start":{"line":178,"column":33},"end":{"line":178,"column":34}},"loc":{"start":{"line":178,"column":57},"end":{"line":243,"column":3}}},"14":{"name":"(anonymous_23)","decl":{"start":{"line":267,"column":47},"end":{"line":267,"column":48}},"loc":{"start":{"line":268,"column":16},"end":{"line":274,"column":null}}},"15":{"name":"(anonymous_24)","decl":{"start":{"line":271,"column":27},"end":{"line":271,"column":30}},"loc":{"start":{"line":271,"column":33},"end":{"line":271,"column":57}}},"16":{"name":"(anonymous_25)","decl":{"start":{"line":287,"column":26},"end":{"line":287,"column":29}},"loc":{"start":{"line":287,"column":33},"end":{"line":287,"column":61}}},"17":{"name":"(anonymous_26)","decl":{"start":{"line":288,"column":23},"end":{"line":288,"column":26}},"loc":{"start":{"line":288,"column":30},"end":{"line":288,"column":57}}},"18":{"name":"(anonymous_27)","decl":{"start":{"line":293,"column":39},"end":{"line":293,"column":42}},"loc":{"start":{"line":293,"column":45},"end":{"line":293,"column":67}}},"19":{"name":"(anonymous_28)","decl":{"start":{"line":322,"column":29},"end":{"line":322,"column":34}},"loc":{"start":{"line":322,"column":37},"end":{"line":352,"column":9}}},"20":{"name":"(anonymous_29)","decl":{"start":{"line":348,"column":23},"end":{"line":348,"column":26}},"loc":{"start":{"line":348,"column":29},"end":{"line":348,"column":53}}},"21":{"name":"(anonymous_30)","decl":{"start":{"line":361,"column":24},"end":{"line":361,"column":27}},"loc":{"start":{"line":361,"column":31},"end":{"line":361,"column":59}}},"22":{"name":"(anonymous_31)","decl":{"start":{"line":362,"column":21},"end":{"line":362,"column":24}},"loc":{"start":{"line":362,"column":28},"end":{"line":362,"column":55}}},"23":{"name":"(anonymous_32)","decl":{"start":{"line":367,"column":37},"end":{"line":367,"column":40}},"loc":{"start":{"line":367,"column":43},"end":{"line":367,"column":65}}}},"branchMap":{"0":{"loc":{"start":{"line":13,"column":0},"end":{"line":28,"column":1}},"type":"if","locations":[{"start":{"line":13,"column":0},"end":{"line":28,"column":1}}]},"1":{"loc":{"start":{"line":42,"column":4},"end":{"line":42,"column":26}},"type":"if","locations":[{"start":{"line":42,"column":4},"end":{"line":42,"column":26}}]},"2":{"loc":{"start":{"line":46,"column":22},"end":{"line":46,"column":67}},"type":"cond-expr","locations":[{"start":{"line":46,"column":31},"end":{"line":46,"column":62}},{"start":{"line":46,"column":65},"end":{"line":46,"column":67}}]},"3":{"loc":{"start":{"line":65,"column":6},"end":{"line":68,"column":7}},"type":"if","locations":[{"start":{"line":65,"column":6},"end":{"line":68,"column":7}}]},"4":{"loc":{"start":{"line":72,"column":6},"end":{"line":75,"column":7}},"type":"if","locations":[{"start":{"line":72,"column":6},"end":{"line":75,"column":7}}]},"5":{"loc":{"start":{"line":79,"column":6},"end":{"line":86,"column":7}},"type":"if","locations":[{"start":{"line":79,"column":6},"end":{"line":86,"column":7}}]},"6":{"loc":{"start":{"line":100,"column":8},"end":{"line":110,"column":9}},"type":"if","locations":[{"start":{"line":100,"column":8},"end":{"line":110,"column":9}}]},"7":{"loc":{"start":{"line":102,"column":10},"end":{"line":109,"column":11}},"type":"if","locations":[{"start":{"line":102,"column":10},"end":{"line":109,"column":11}}]},"8":{"loc":{"start":{"line":119,"column":4},"end":{"line":119,"column":61}},"type":"if","locations":[{"start":{"line":119,"column":4},"end":{"line":119,"column":61}}]},"9":{"loc":{"start":{"line":119,"column":8},"end":{"line":119,"column":30}},"type":"binary-expr","locations":[{"start":{"line":119,"column":8},"end":{"line":119,"column":13}},{"start":{"line":119,"column":17},"end":{"line":119,"column":30}}]},"10":{"loc":{"start":{"line":122,"column":14},"end":{"line":122,"column":52}},"type":"cond-expr","locations":[{"start":{"line":122,"column":29},"end":{"line":122,"column":47}},{"start":{"line":122,"column":50},"end":{"line":122,"column":52}}]},"11":{"loc":{"start":{"line":122,"column":55},"end":{"line":122,"column":65}},"type":"binary-expr","locations":[{"start":{"line":122,"column":55},"end":{"line":122,"column":59}},{"start":{"line":122,"column":63},"end":{"line":122,"column":65}}]},"12":{"loc":{"start":{"line":122,"column":70},"end":{"line":122,"column":84}},"type":"binary-expr","locations":[{"start":{"line":122,"column":70},"end":{"line":122,"column":78}},{"start":{"line":122,"column":82},"end":{"line":122,"column":84}}]},"13":{"loc":{"start":{"line":122,"column":88},"end":{"line":122,"column":106}},"type":"binary-expr","locations":[{"start":{"line":122,"column":88},"end":{"line":122,"column":92}},{"start":{"line":122,"column":96},"end":{"line":122,"column":100}},{"start":{"line":122,"column":104},"end":{"line":122,"column":106}}]},"14":{"loc":{"start":{"line":166,"column":4},"end":{"line":173,"column":5}},"type":"if","locations":[{"start":{"line":166,"column":4},"end":{"line":173,"column":5}}]},"15":{"loc":{"start":{"line":166,"column":8},"end":{"line":166,"column":34}},"type":"binary-expr","locations":[{"start":{"line":166,"column":8},"end":{"line":166,"column":16}},{"start":{"line":166,"column":20},"end":{"line":166,"column":34}}]},"16":{"loc":{"start":{"line":242,"column":11},"end":{"line":242,"column":80}},"type":"binary-expr","locations":[{"start":{"line":242,"column":11},"end":{"line":242,"column":28}},{"start":{"line":242,"column":32},"end":{"line":242,"column":80}}]},"17":{"loc":{"start":{"line":246,"column":2},"end":{"line":300,"column":3}},"type":"if","locations":[{"start":{"line":246,"column":2},"end":{"line":300,"column":3}}]},"18":{"loc":{"start":{"line":256,"column":11},"end":{"line":261,"column":null}},"type":"binary-expr","locations":[{"start":{"line":256,"column":11},"end":{"line":256,"column":19}},{"start":{"line":257,"column":12},"end":{"line":260,"column":null}}]},"19":{"loc":{"start":{"line":264,"column":11},"end":{"line":277,"column":null}},"type":"binary-expr","locations":[{"start":{"line":264,"column":11},"end":{"line":264,"column":37}},{"start":{"line":265,"column":12},"end":{"line":276,"column":null}}]},"20":{"loc":{"start":{"line":281,"column":9},"end":{"line":296,"column":null}},"type":"binary-expr","locations":[{"start":{"line":281,"column":9},"end":{"line":281,"column":22}},{"start":{"line":282,"column":10},"end":{"line":295,"column":null}}]},"21":{"loc":{"start":{"line":291,"column":55},"end":{"line":291,"column":116}},"type":"cond-expr","locations":[{"start":{"line":291,"column":72},"end":{"line":291,"column":106}},{"start":{"line":291,"column":109},"end":{"line":291,"column":116}}]},"22":{"loc":{"start":{"line":310,"column":20},"end":{"line":310,"column":49}},"type":"binary-expr","locations":[{"start":{"line":310,"column":20},"end":{"line":310,"column":38}},{"start":{"line":310,"column":42},"end":{"line":310,"column":49}}]},"23":{"loc":{"start":{"line":311,"column":21},"end":{"line":311,"column":50}},"type":"binary-expr","locations":[{"start":{"line":311,"column":21},"end":{"line":311,"column":40}},{"start":{"line":311,"column":44},"end":{"line":311,"column":50}}]},"24":{"loc":{"start":{"line":315,"column":9},"end":{"line":320,"column":null}},"type":"binary-expr","locations":[{"start":{"line":315,"column":9},"end":{"line":315,"column":17}},{"start":{"line":316,"column":10},"end":{"line":319,"column":null}}]},"25":{"loc":{"start":{"line":324,"column":10},"end":{"line":326,"column":11}},"type":"if","locations":[{"start":{"line":324,"column":10},"end":{"line":326,"column":11}}]},"26":{"loc":{"start":{"line":324,"column":14},"end":{"line":324,"column":59}},"type":"binary-expr","locations":[{"start":{"line":324,"column":14},"end":{"line":324,"column":20}},{"start":{"line":324,"column":24},"end":{"line":324,"column":39}},{"start":{"line":324,"column":43},"end":{"line":324,"column":59}}]},"27":{"loc":{"start":{"line":330,"column":10},"end":{"line":341,"column":11}},"type":"if","locations":[{"start":{"line":330,"column":10},"end":{"line":341,"column":11}}]},"28":{"loc":{"start":{"line":340,"column":26},"end":{"line":340,"column":64}},"type":"binary-expr","locations":[{"start":{"line":340,"column":26},"end":{"line":340,"column":46}},{"start":{"line":340,"column":50},"end":{"line":340,"column":64}}]},"29":{"loc":{"start":{"line":355,"column":7},"end":{"line":370,"column":null}},"type":"binary-expr","locations":[{"start":{"line":355,"column":7},"end":{"line":355,"column":20}},{"start":{"line":356,"column":8},"end":{"line":369,"column":null}}]},"30":{"loc":{"start":{"line":365,"column":53},"end":{"line":365,"column":114}},"type":"cond-expr","locations":[{"start":{"line":365,"column":70},"end":{"line":365,"column":104}},{"start":{"line":365,"column":107},"end":{"line":365,"column":114}}]}},"s":{"0":1,"1":1,"2":1,"3":1,"4":1,"5":1,"6":1,"7":1,"8":1,"9":1,"10":0,"11":0,"12":0,"13":0,"14":0,"15":0,"16":0,"17":0,"18":0,"19":0,"20":0,"21":0,"22":0,"23":1,"24":25,"25":25,"26":25,"27":25,"28":25,"29":0,"30":0,"31":0,"32":0,"33":0,"34":0,"35":0,"36":0,"37":0,"38":0,"39":0,"40":0,"41":0,"42":0,"43":0,"44":0,"45":0,"46":0,"47":0,"48":0,"49":0,"50":0,"51":0,"52":0,"53":0,"54":0,"55":0,"56":0,"57":25,"58":0,"59":0,"60":0,"61":0,"62":25,"63":0,"64":0,"65":0,"66":0,"67":0,"68":0,"69":0,"70":0,"71":25,"72":0,"73":0,"74":0,"75":25,"76":25,"77":0,"78":25,"79":25,"80":25,"81":24,"82":0,"83":25,"84":0,"85":0,"86":25,"87":25,"88":0,"89":0,"90":0,"91":0,"92":0,"93":0,"94":0,"95":0,"96":0,"97":0,"98":0,"99":0,"100":0,"101":0,"102":0,"103":0,"104":0,"105":1,"106":1},"f":{"0":0,"1":0,"2":25,"3":0,"4":0,"5":0,"6":0,"7":0,"8":0,"9":25,"10":0,"11":25,"12":24,"13":0,"14":0,"15":0,"16":0,"17":0,"18":0,"19":0,"20":0,"21":0,"22":0,"23":0},"b":{"0":[0],"1":[0],"2":[0,0],"3":[0],"4":[0],"5":[0],"6":[0],"7":[0],"8":[0],"9":[0,0],"10":[0,0],"11":[0,0],"12":[0,0],"13":[0,0,0],"14":[0],"15":[24,22],"16":[0,0],"17":[25],"18":[25,23],"19":[25,0],"20":[25,0],"21":[0,0],"22":[0,0],"23":[0,0],"24":[0,0],"25":[0],"26":[0,0,0],"27":[0],"28":[0,0],"29":[0,0],"30":[0,0]}}
,"C:\\Users\\zineb\\Documents\\M2-YNOV\\Projet-Master\\recycle-app\\src\\hooks\\useLocation.ts": {"path":"C:\\Users\\zineb\\Documents\\M2-YNOV\\Projet-Master\\recycle-app\\src\\hooks\\useLocation.ts","statementMap":{"0":{"start":{"line":1,"column":0},"end":{"line":1,"column":44}},"1":{"start":{"line":2,"column":0},"end":{"line":2,"column":42}},"2":{"start":{"line":4,"column":27},"end":{"line":31,"column":1}},"3":{"start":{"line":5,"column":34},"end":{"line":8,"column":4}},"4":{"start":{"line":9,"column":28},"end":{"line":9,"column":57}},"5":{"start":{"line":11,"column":29},"end":{"line":24,"column":3}},"6":{"start":{"line":12,"column":4},"end":{"line":23,"column":5}},"7":{"start":{"line":13,"column":23},"end":{"line":13,"column":73}},"8":{"start":{"line":14,"column":6},"end":{"line":17,"column":7}},"9":{"start":{"line":15,"column":8},"end":{"line":15,"column":55}},"10":{"start":{"line":16,"column":8},"end":{"line":16,"column":15}},"11":{"start":{"line":18,"column":16},"end":{"line":18,"column":58}},"12":{"start":{"line":19,"column":6},"end":{"line":19,"column":86}},"13":{"start":{"line":20,"column":6},"end":{"line":20,"column":21}},"14":{"start":{"line":22,"column":6},"end":{"line":22,"column":44}},"15":{"start":{"line":26,"column":2},"end":{"line":28,"column":9}},"16":{"start":{"line":27,"column":4},"end":{"line":27,"column":25}},"17":{"start":{"line":30,"column":2},"end":{"line":30,"column":49}},"18":{"start":{"line":4,"column":13},"end":{"line":4,"column":27}}},"fnMap":{"0":{"name":"(anonymous_9)","decl":{"start":{"line":4,"column":27},"end":{"line":4,"column":30}},"loc":{"start":{"line":4,"column":32},"end":{"line":31,"column":1}}},"1":{"name":"(anonymous_10)","decl":{"start":{"line":11,"column":29},"end":{"line":11,"column":34}},"loc":{"start":{"line":11,"column":40},"end":{"line":24,"column":3}}},"2":{"name":"(anonymous_11)","decl":{"start":{"line":26,"column":12},"end":{"line":26,"column":15}},"loc":{"start":{"line":26,"column":17},"end":{"line":28,"column":3}}}},"branchMap":{"0":{"loc":{"start":{"line":14,"column":6},"end":{"line":17,"column":7}},"type":"if","locations":[{"start":{"line":14,"column":6},"end":{"line":17,"column":7}}]}},"s":{"0":1,"1":1,"2":1,"3":23,"4":23,"5":23,"6":22,"7":22,"8":21,"9":3,"10":3,"11":18,"12":12,"13":10,"14":9,"15":23,"16":11,"17":23,"18":1},"f":{"0":23,"1":22,"2":11},"b":{"0":[3]}}
,"C:\\Users\\zineb\\Documents\\M2-YNOV\\Projet-Master\\recycle-app\\src\\services\\apiService.ts": {"path":"C:\\Users\\zineb\\Documents\\M2-YNOV\\Projet-Master\\recycle-app\\src\\services\\apiService.ts","statementMap":{"0":{"start":{"line":23,"column":20},"end":{"line":23,"column":121}},"1":{"start":{"line":24,"column":65},"end":{"line":24,"column":74}},"2":{"start":{"line":25,"column":24},"end":{"line":25,"column":43}},"3":{"start":{"line":26,"column":26},"end":{"line":26,"column":27}},"4":{"start":{"line":27,"column":23},"end":{"line":27,"column":27}},"5":{"start":{"line":32,"column":4},"end":{"line":34,"column":5}},"6":{"start":{"line":33,"column":6},"end":{"line":33,"column":45}},"7":{"start":{"line":35,"column":4},"end":{"line":35,"column":31}},"8":{"start":{"line":40,"column":25},"end":{"line":43,"column":16}},"9":{"start":{"line":42,"column":18},"end":{"line":42,"column":41}},"10":{"start":{"line":44,"column":4},"end":{"line":44,"column":41}},"11":{"start":{"line":49,"column":19},"end":{"line":49,"column":43}},"12":{"start":{"line":50,"column":4},"end":{"line":50,"column":30}},"13":{"start":{"line":50,"column":17},"end":{"line":50,"column":30}},"14":{"start":{"line":52,"column":16},"end":{"line":52,"column":26}},"15":{"start":{"line":53,"column":4},"end":{"line":53,"column":55}},"16":{"start":{"line":58,"column":4},"end":{"line":62,"column":5}},"17":{"start":{"line":59,"column":21},"end":{"line":59,"column":45}},"18":{"start":{"line":60,"column":6},"end":{"line":60,"column":62}},"19":{"start":{"line":61,"column":6},"end":{"line":61,"column":31}},"20":{"start":{"line":63,"column":4},"end":{"line":63,"column":16}},"21":{"start":{"line":68,"column":4},"end":{"line":71,"column":7}},"22":{"start":{"line":72,"column":4},"end":{"line":72,"column":55}},"23":{"start":{"line":77,"column":4},"end":{"line":77,"column":59}},"24":{"start":{"line":77,"column":34},"end":{"line":77,"column":57}},"25":{"start":{"line":82,"column":34},"end":{"line":82,"column":38}},"26":{"start":{"line":84,"column":4},"end":{"line":115,"column":5}},"27":{"start":{"line":84,"column":23},"end":{"line":84,"column":24}},"28":{"start":{"line":85,"column":6},"end":{"line":114,"column":7}},"29":{"start":{"line":86,"column":8},"end":{"line":86,"column":78}},"30":{"start":{"line":88,"column":25},"end":{"line":95,"column":10}},"31":{"start":{"line":97,"column":8},"end":{"line":99,"column":9}},"32":{"start":{"line":98,"column":10},"end":{"line":98,"column":26}},"33":{"start":{"line":102,"column":8},"end":{"line":104,"column":9}},"34":{"start":{"line":103,"column":10},"end":{"line":103,"column":86}},"35":{"start":{"line":106,"column":8},"end":{"line":106,"column":85}},"36":{"start":{"line":108,"column":8},"end":{"line":108,"column":35}},"37":{"start":{"line":109,"column":8},"end":{"line":109,"column":61}},"38":{"start":{"line":111,"column":8},"end":{"line":113,"column":9}},"39":{"start":{"line":112,"column":10},"end":{"line":112,"column":54}},"40":{"start":{"line":117,"column":4},"end":{"line":117,"column":69}},"41":{"start":{"line":127,"column":64},"end":{"line":127,"column":70}},"42":{"start":{"line":130,"column":16},"end":{"line":130,"column":37}},"43":{"start":{"line":131,"column":4},"end":{"line":131,"column":52}},"44":{"start":{"line":132,"column":4},"end":{"line":132,"column":54}},"45":{"start":{"line":134,"column":4},"end":{"line":136,"column":5}},"46":{"start":{"line":135,"column":6},"end":{"line":135,"column":61}},"47":{"start":{"line":138,"column":21},"end":{"line":138,"column":94}},"48":{"start":{"line":141,"column":4},"end":{"line":146,"column":5}},"49":{"start":{"line":142,"column":21},"end":{"line":142,"column":69}},"50":{"start":{"line":143,"column":6},"end":{"line":145,"column":7}},"51":{"start":{"line":144,"column":8},"end":{"line":144,"column":22}},"52":{"start":{"line":148,"column":4},"end":{"line":165,"column":5}},"53":{"start":{"line":149,"column":6},"end":{"line":149,"column":78}},"54":{"start":{"line":151,"column":23},"end":{"line":151,"column":64}},"55":{"start":{"line":152,"column":32},"end":{"line":152,"column":53}},"56":{"start":{"line":154,"column":6},"end":{"line":154,"column":78}},"57":{"start":{"line":157,"column":6},"end":{"line":159,"column":7}},"58":{"start":{"line":158,"column":8},"end":{"line":158,"column":46}},"59":{"start":{"line":161,"column":6},"end":{"line":161,"column":26}},"60":{"start":{"line":163,"column":6},"end":{"line":163,"column":78}},"61":{"start":{"line":164,"column":6},"end":{"line":164,"column":48}},"62":{"start":{"line":170,"column":21},"end":{"line":170,"column":33}},"63":{"start":{"line":172,"column":4},"end":{"line":177,"column":5}},"64":{"start":{"line":173,"column":21},"end":{"line":173,"column":58}},"65":{"start":{"line":174,"column":6},"end":{"line":176,"column":7}},"66":{"start":{"line":175,"column":8},"end":{"line":175,"column":22}},"67":{"start":{"line":179,"column":4},"end":{"line":191,"column":5}},"68":{"start":{"line":180,"column":19},"end":{"line":180,"column":68}},"69":{"start":{"line":181,"column":21},"end":{"line":181,"column":69}},"70":{"start":{"line":181,"column":50},"end":{"line":181,"column":59}},"71":{"start":{"line":183,"column":6},"end":{"line":185,"column":7}},"72":{"start":{"line":184,"column":8},"end":{"line":184,"column":40}},"73":{"start":{"line":187,"column":6},"end":{"line":187,"column":20}},"74":{"start":{"line":189,"column":6},"end":{"line":189,"column":73}},"75":{"start":{"line":190,"column":6},"end":{"line":190,"column":48}},"76":{"start":{"line":196,"column":4},"end":{"line":206,"column":5}},"77":{"start":{"line":197,"column":24},"end":{"line":197,"column":49}},"78":{"start":{"line":198,"column":31},"end":{"line":198,"column":55}},"79":{"start":{"line":200,"column":6},"end":{"line":202,"column":25}},"80":{"start":{"line":201,"column":24},"end":{"line":201,"column":69}},"81":{"start":{"line":204,"column":6},"end":{"line":204,"column":69}},"82":{"start":{"line":205,"column":6},"end":{"line":205,"column":48}},"83":{"start":{"line":211,"column":4},"end":{"line":216,"column":5}},"84":{"start":{"line":212,"column":6},"end":{"line":212,"column":62}},"85":{"start":{"line":214,"column":6},"end":{"line":214,"column":87}},"86":{"start":{"line":215,"column":6},"end":{"line":215,"column":48}},"87":{"start":{"line":221,"column":4},"end":{"line":230,"column":5}},"88":{"start":{"line":222,"column":18},"end":{"line":222,"column":39}},"89":{"start":{"line":223,"column":6},"end":{"line":223,"column":41}},"90":{"start":{"line":225,"column":23},"end":{"line":225,"column":64}},"91":{"start":{"line":226,"column":6},"end":{"line":226,"column":25}},"92":{"start":{"line":228,"column":6},"end":{"line":228,"column":58}},"93":{"start":{"line":229,"column":6},"end":{"line":229,"column":19}},"94":{"start":{"line":235,"column":4},"end":{"line":235,"column":23}},"95":{"start":{"line":236,"column":4},"end":{"line":236,"column":34}},"96":{"start":{"line":241,"column":4},"end":{"line":241,"column":32}},"97":{"start":{"line":242,"column":4},"end":{"line":242,"column":48}},"98":{"start":{"line":252,"column":17},"end":{"line":252,"column":46}},"99":{"start":{"line":253,"column":23},"end":{"line":253,"column":84}},"100":{"start":{"line":253,"column":68},"end":{"line":253,"column":83}},"101":{"start":{"line":255,"column":4},"end":{"line":260,"column":6}},"102":{"start":{"line":265,"column":4},"end":{"line":268,"column":6}},"103":{"start":{"line":278,"column":22},"end":{"line":278,"column":32}},"104":{"start":{"line":280,"column":4},"end":{"line":297,"column":5}},"105":{"start":{"line":281,"column":19},"end":{"line":281,"column":78}},"106":{"start":{"line":282,"column":27},"end":{"line":282,"column":49}},"107":{"start":{"line":284,"column":6},"end":{"line":288,"column":8}},"108":{"start":{"line":290,"column":27},"end":{"line":290,"column":49}},"109":{"start":{"line":292,"column":6},"end":{"line":296,"column":8}},"110":{"start":{"line":301,"column":0},"end":{"line":301,"column":26}}},"fnMap":{"0":{"name":"(anonymous_0)","decl":{"start":{"line":29,"column":2},"end":{"line":29,"column":25}},"loc":{"start":{"line":29,"column":2},"end":{"line":29,"column":26}}},"1":{"name":"(anonymous_1)","decl":{"start":{"line":31,"column":2},"end":{"line":31,"column":8}},"loc":{"start":{"line":31,"column":20},"end":{"line":36,"column":3}}},"2":{"name":"(anonymous_2)","decl":{"start":{"line":39,"column":10},"end":{"line":39,"column":26}},"loc":{"start":{"line":39,"column":80},"end":{"line":45,"column":3}}},"3":{"name":"(anonymous_3)","decl":{"start":{"line":42,"column":11},"end":{"line":42,"column":14}},"loc":{"start":{"line":42,"column":18},"end":{"line":42,"column":41}}},"4":{"name":"(anonymous_4)","decl":{"start":{"line":48,"column":10},"end":{"line":48,"column":22}},"loc":{"start":{"line":48,"column":39},"end":{"line":54,"column":3}}},"5":{"name":"(anonymous_5)","decl":{"start":{"line":57,"column":10},"end":{"line":57,"column":22}},"loc":{"start":{"line":57,"column":42},"end":{"line":64,"column":3}}},"6":{"name":"(anonymous_6)","decl":{"start":{"line":67,"column":10},"end":{"line":67,"column":18}},"loc":{"start":{"line":67,"column":47},"end":{"line":73,"column":3}}},"7":{"name":"(anonymous_7)","decl":{"start":{"line":76,"column":10},"end":{"line":76,"column":15}},"loc":{"start":{"line":76,"column":26},"end":{"line":78,"column":3}}},"8":{"name":"(anonymous_8)","decl":{"start":{"line":77,"column":23},"end":{"line":77,"column":30}},"loc":{"start":{"line":77,"column":34},"end":{"line":77,"column":57}}},"9":{"name":"(anonymous_9)","decl":{"start":{"line":81,"column":10},"end":{"line":81,"column":15}},"loc":{"start":{"line":81,"column":69},"end":{"line":118,"column":3}}},"10":{"name":"(anonymous_10)","decl":{"start":{"line":121,"column":2},"end":{"line":121,"column":7}},"loc":{"start":{"line":126,"column":8},"end":{"line":166,"column":3}}},"11":{"name":"(anonymous_11)","decl":{"start":{"line":169,"column":2},"end":{"line":169,"column":7}},"loc":{"start":{"line":169,"column":45},"end":{"line":192,"column":3}}},"12":{"name":"(anonymous_12)","decl":{"start":{"line":181,"column":42},"end":{"line":181,"column":46}},"loc":{"start":{"line":181,"column":50},"end":{"line":181,"column":59}}},"13":{"name":"(anonymous_13)","decl":{"start":{"line":195,"column":2},"end":{"line":195,"column":7}},"loc":{"start":{"line":195,"column":59},"end":{"line":207,"column":3}}},"14":{"name":"(anonymous_14)","decl":{"start":{"line":201,"column":16},"end":{"line":201,"column":20}},"loc":{"start":{"line":201,"column":24},"end":{"line":201,"column":69}}},"15":{"name":"(anonymous_15)","decl":{"start":{"line":210,"column":2},"end":{"line":210,"column":7}},"loc":{"start":{"line":210,"column":58},"end":{"line":217,"column":3}}},"16":{"name":"(anonymous_16)","decl":{"start":{"line":220,"column":2},"end":{"line":220,"column":7}},"loc":{"start":{"line":220,"column":25},"end":{"line":231,"column":3}}},"17":{"name":"(anonymous_17)","decl":{"start":{"line":234,"column":2},"end":{"line":234,"column":12}},"loc":{"start":{"line":234,"column":12},"end":{"line":237,"column":3}}},"18":{"name":"(anonymous_18)","decl":{"start":{"line":240,"column":2},"end":{"line":240,"column":15}},"loc":{"start":{"line":240,"column":32},"end":{"line":243,"column":3}}},"19":{"name":"(anonymous_19)","decl":{"start":{"line":246,"column":2},"end":{"line":246,"column":15}},"loc":{"start":{"line":246,"column":15},"end":{"line":261,"column":3}}},"20":{"name":"(anonymous_20)","decl":{"start":{"line":253,"column":59},"end":{"line":253,"column":64}},"loc":{"start":{"line":253,"column":68},"end":{"line":253,"column":83}}},"21":{"name":"(anonymous_21)","decl":{"start":{"line":264,"column":10},"end":{"line":264,"column":24}},"loc":{"start":{"line":264,"column":37},"end":{"line":269,"column":3}}},"22":{"name":"(anonymous_22)","decl":{"start":{"line":272,"column":2},"end":{"line":272,"column":7}},"loc":{"start":{"line":272,"column":15},"end":{"line":298,"column":3}}}},"branchMap":{"0":{"loc":{"start":{"line":32,"column":4},"end":{"line":34,"column":5}},"type":"if","locations":[{"start":{"line":32,"column":4},"end":{"line":34,"column":5}}]},"1":{"loc":{"start":{"line":39,"column":45},"end":{"line":39,"column":80}},"type":"default-arg","locations":[{"start":{"line":39,"column":78},"end":{"line":39,"column":80}}]},"2":{"loc":{"start":{"line":50,"column":4},"end":{"line":50,"column":30}},"type":"if","locations":[{"start":{"line":50,"column":4},"end":{"line":50,"column":30}}]},"3":{"loc":{"start":{"line":58,"column":4},"end":{"line":62,"column":5}},"type":"if","locations":[{"start":{"line":58,"column":4},"end":{"line":62,"column":5}}]},"4":{"loc":{"start":{"line":81,"column":44},"end":{"line":81,"column":69}},"type":"default-arg","locations":[{"start":{"line":81,"column":67},"end":{"line":81,"column":69}}]},"5":{"loc":{"start":{"line":97,"column":8},"end":{"line":99,"column":9}},"type":"if","locations":[{"start":{"line":97,"column":8},"end":{"line":99,"column":9}}]},"6":{"loc":{"start":{"line":102,"column":8},"end":{"line":104,"column":9}},"type":"if","locations":[{"start":{"line":102,"column":8},"end":{"line":104,"column":9}}]},"7":{"loc":{"start":{"line":102,"column":12},"end":{"line":102,"column":59}},"type":"binary-expr","locations":[{"start":{"line":102,"column":12},"end":{"line":102,"column":34}},{"start":{"line":102,"column":38},"end":{"line":102,"column":59}}]},"8":{"loc":{"start":{"line":111,"column":8},"end":{"line":113,"column":9}},"type":"if","locations":[{"start":{"line":111,"column":8},"end":{"line":113,"column":9}}]},"9":{"loc":{"start":{"line":117,"column":10},"end":{"line":117,"column":68}},"type":"binary-expr","locations":[{"start":{"line":117,"column":10},"end":{"line":117,"column":19}},{"start":{"line":117,"column":23},"end":{"line":117,"column":68}}]},"10":{"loc":{"start":{"line":121,"column":26},"end":{"line":126,"column":8}},"type":"default-arg","locations":[{"start":{"line":126,"column":6},"end":{"line":126,"column":8}}]},"11":{"loc":{"start":{"line":127,"column":18},"end":{"line":127,"column":30}},"type":"default-arg","locations":[{"start":{"line":127,"column":26},"end":{"line":127,"column":30}}]},"12":{"loc":{"start":{"line":127,"column":32},"end":{"line":127,"column":42}},"type":"default-arg","locations":[{"start":{"line":127,"column":41},"end":{"line":127,"column":42}}]},"13":{"loc":{"start":{"line":127,"column":44},"end":{"line":127,"column":59}},"type":"default-arg","locations":[{"start":{"line":127,"column":55},"end":{"line":127,"column":59}}]},"14":{"loc":{"start":{"line":134,"column":4},"end":{"line":136,"column":5}},"type":"if","locations":[{"start":{"line":134,"column":4},"end":{"line":136,"column":5}}]},"15":{"loc":{"start":{"line":141,"column":4},"end":{"line":146,"column":5}},"type":"if","locations":[{"start":{"line":141,"column":4},"end":{"line":146,"column":5}}]},"16":{"loc":{"start":{"line":143,"column":6},"end":{"line":145,"column":7}},"type":"if","locations":[{"start":{"line":143,"column":6},"end":{"line":145,"column":7}}]},"17":{"loc":{"start":{"line":157,"column":6},"end":{"line":159,"column":7}},"type":"if","locations":[{"start":{"line":157,"column":6},"end":{"line":159,"column":7}}]},"18":{"loc":{"start":{"line":169,"column":21},"end":{"line":169,"column":45}},"type":"default-arg","locations":[{"start":{"line":169,"column":41},"end":{"line":169,"column":45}}]},"19":{"loc":{"start":{"line":172,"column":4},"end":{"line":177,"column":5}},"type":"if","locations":[{"start":{"line":172,"column":4},"end":{"line":177,"column":5}}]},"20":{"loc":{"start":{"line":174,"column":6},"end":{"line":176,"column":7}},"type":"if","locations":[{"start":{"line":174,"column":6},"end":{"line":176,"column":7}}]},"21":{"loc":{"start":{"line":183,"column":6},"end":{"line":185,"column":7}},"type":"if","locations":[{"start":{"line":183,"column":6},"end":{"line":185,"column":7}}]},"22":{"loc":{"start":{"line":195,"column":41},"end":{"line":195,"column":59}},"type":"default-arg","locations":[{"start":{"line":195,"column":57},"end":{"line":195,"column":59}}]},"23":{"loc":{"start":{"line":210,"column":34},"end":{"line":210,"column":58}},"type":"default-arg","locations":[{"start":{"line":210,"column":54},"end":{"line":210,"column":58}}]},"24":{"loc":{"start":{"line":258,"column":19},"end":{"line":258,"column":73}},"type":"cond-expr","locations":[{"start":{"line":258,"column":43},"end":{"line":258,"column":66}},{"start":{"line":258,"column":69},"end":{"line":258,"column":73}}]},"25":{"loc":{"start":{"line":259,"column":19},"end":{"line":259,"column":73}},"type":"cond-expr","locations":[{"start":{"line":259,"column":43},"end":{"line":259,"column":66}},{"start":{"line":259,"column":69},"end":{"line":259,"column":73}}]}},"s":{"0":1,"1":1,"2":1,"3":1,"4":1,"5":16,"6":1,"7":16,"8":10,"9":20,"10":10,"11":7,"12":7,"13":6,"14":1,"15":1,"16":7,"17":1,"18":1,"19":1,"20":6,"21":6,"22":6,"23":8,"24":8,"25":11,"26":11,"27":11,"28":19,"29":19,"30":19,"31":12,"32":8,"33":4,"34":0,"35":4,"36":11,"37":11,"38":11,"39":8,"40":3,"41":10,"42":10,"43":10,"44":10,"45":10,"46":0,"47":10,"48":10,"49":4,"50":4,"51":1,"52":9,"53":9,"54":9,"55":7,"56":7,"57":7,"58":3,"59":7,"60":2,"61":2,"62":3,"63":3,"64":3,"65":3,"66":0,"67":3,"68":3,"69":3,"70":26,"71":3,"72":3,"73":3,"74":0,"75":0,"76":2,"77":2,"78":2,"79":2,"80":23,"81":0,"82":0,"83":0,"84":0,"85":0,"86":0,"87":2,"88":2,"89":2,"90":2,"91":1,"92":1,"93":1,"94":15,"95":15,"96":0,"97":0,"98":4,"99":4,"100":3,"101":4,"102":2,"103":2,"104":2,"105":2,"106":1,"107":1,"108":1,"109":1,"110":1},"f":{"0":1,"1":16,"2":10,"3":20,"4":7,"5":7,"6":6,"7":8,"8":8,"9":11,"10":10,"11":3,"12":26,"13":2,"14":23,"15":0,"16":2,"17":15,"18":0,"19":4,"20":3,"21":2,"22":2},"b":{"0":[1],"1":[0],"2":[6],"3":[1],"4":[11],"5":[8],"6":[0],"7":[4,4],"8":[8],"9":[3,0],"10":[4],"11":[8],"12":[10],"13":[4],"14":[0],"15":[4],"16":[1],"17":[3],"18":[3],"19":[3],"20":[0],"21":[3],"22":[1],"23":[0],"24":[2,2],"25":[2,2]}}
,"C:\\Users\\zineb\\Documents\\M2-YNOV\\Projet-Master\\recycle-app\\src\\services\\mlKitService.ts": {"path":"C:\\Users\\zineb\\Documents\\M2-YNOV\\Projet-Master\\recycle-app\\src\\services\\mlKitService.ts","statementMap":{"0":{"start":{"line":2,"column":0},"end":{"line":2,"column":64}},"1":{"start":{"line":3,"column":0},"end":{"line":3,"column":40}},"2":{"start":{"line":47,"column":29},"end":{"line":75,"column":2}},"3":{"start":{"line":80,"column":26},"end":{"line":80,"column":33}},"4":{"start":{"line":84,"column":4},"end":{"line":84,"column":55}},"5":{"start":{"line":89,"column":19},"end":{"line":89,"column":43}},"6":{"start":{"line":91,"column":4},"end":{"line":94,"column":5}},"7":{"start":{"line":92,"column":6},"end":{"line":92,"column":93}},"8":{"start":{"line":93,"column":6},"end":{"line":93,"column":48}},"9":{"start":{"line":96,"column":4},"end":{"line":140,"column":5}},"10":{"start":{"line":97,"column":6},"end":{"line":97,"column":67}},"11":{"start":{"line":98,"column":6},"end":{"line":98,"column":60}},"12":{"start":{"line":101,"column":21},"end":{"line":101,"column":56}},"13":{"start":{"line":103,"column":6},"end":{"line":103,"column":58}},"14":{"start":{"line":106,"column":42},"end":{"line":111,"column":11}},"15":{"start":{"line":107,"column":25},"end":{"line":107,"column":63}},"16":{"start":{"line":108,"column":23},"end":{"line":111,"column":10}},"17":{"start":{"line":114,"column":44},"end":{"line":120,"column":11}},"18":{"start":{"line":116,"column":25},"end":{"line":116,"column":63}},"19":{"start":{"line":117,"column":23},"end":{"line":120,"column":10}},"20":{"start":{"line":123,"column":28},"end":{"line":123,"column":60}},"21":{"start":{"line":125,"column":6},"end":{"line":133,"column":8}},"22":{"start":{"line":135,"column":6},"end":{"line":135,"column":65}},"23":{"start":{"line":138,"column":6},"end":{"line":138,"column":50}},"24":{"start":{"line":139,"column":6},"end":{"line":139,"column":39}},"25":{"start":{"line":145,"column":4},"end":{"line":145,"column":61}},"26":{"start":{"line":146,"column":4},"end":{"line":146,"column":46}},"27":{"start":{"line":149,"column":4},"end":{"line":149,"column":60}},"28":{"start":{"line":149,"column":33},"end":{"line":149,"column":58}},"29":{"start":{"line":152,"column":27},"end":{"line":152,"column":56}},"30":{"start":{"line":153,"column":28},"end":{"line":153,"column":72}},"31":{"start":{"line":154,"column":21},"end":{"line":154,"column":44}},"32":{"start":{"line":155,"column":27},"end":{"line":155,"column":56}},"33":{"start":{"line":158,"column":32},"end":{"line":158,"column":74}},"34":{"start":{"line":159,"column":25},"end":{"line":159,"column":77}},"35":{"start":{"line":162,"column":4},"end":{"line":162,"column":47}},"36":{"start":{"line":163,"column":4},"end":{"line":163,"column":59}},"37":{"start":{"line":164,"column":4},"end":{"line":164,"column":61}},"38":{"start":{"line":165,"column":4},"end":{"line":165,"column":60}},"39":{"start":{"line":166,"column":4},"end":{"line":166,"column":64}},"40":{"start":{"line":167,"column":4},"end":{"line":167,"column":62}},"41":{"start":{"line":168,"column":4},"end":{"line":168,"column":82}},"42":{"start":{"line":169,"column":4},"end":{"line":169,"column":80}},"43":{"start":{"line":169,"column":56},"end":{"line":169,"column":66}},"44":{"start":{"line":171,"column":4},"end":{"line":179,"column":6}},"45":{"start":{"line":184,"column":4},"end":{"line":184,"column":60}},"46":{"start":{"line":184,"column":33},"end":{"line":184,"column":58}},"47":{"start":{"line":186,"column":28},"end":{"line":186,"column":58}},"48":{"start":{"line":187,"column":29},"end":{"line":187,"column":75}},"49":{"start":{"line":188,"column":26},"end":{"line":188,"column":61}},"50":{"start":{"line":190,"column":4},"end":{"line":194,"column":7}},"51":{"start":{"line":191,"column":39},"end":{"line":191,"column":52}},"52":{"start":{"line":196,"column":4},"end":{"line":204,"column":6}},"53":{"start":{"line":209,"column":4},"end":{"line":209,"column":80}},"54":{"start":{"line":209,"column":64},"end":{"line":209,"column":77}},"55":{"start":{"line":211,"column":25},"end":{"line":211,"column":67}},"56":{"start":{"line":213,"column":20},"end":{"line":213,"column":29}},"57":{"start":{"line":215,"column":4},"end":{"line":225,"column":5}},"58":{"start":{"line":216,"column":6},"end":{"line":216,"column":27}},"59":{"start":{"line":217,"column":11},"end":{"line":225,"column":5}},"60":{"start":{"line":218,"column":6},"end":{"line":218,"column":24}},"61":{"start":{"line":219,"column":11},"end":{"line":225,"column":5}},"62":{"start":{"line":220,"column":6},"end":{"line":220,"column":26}},"63":{"start":{"line":221,"column":11},"end":{"line":225,"column":5}},"64":{"start":{"line":222,"column":6},"end":{"line":222,"column":26}},"65":{"start":{"line":223,"column":11},"end":{"line":225,"column":5}},"66":{"start":{"line":224,"column":6},"end":{"line":224,"column":30}},"67":{"start":{"line":227,"column":22},"end":{"line":227,"column":90}},"68":{"start":{"line":229,"column":23},"end":{"line":229,"column":91}},"69":{"start":{"line":229,"column":71},"end":{"line":229,"column":83}},"70":{"start":{"line":231,"column":4},"end":{"line":231,"column":88}},"71":{"start":{"line":233,"column":4},"end":{"line":239,"column":6}},"72":{"start":{"line":244,"column":22},"end":{"line":280,"column":6}},"73":{"start":{"line":283,"column":22},"end":{"line":283,"column":77}},"74":{"start":{"line":284,"column":4},"end":{"line":284,"column":21}},"75":{"start":{"line":289,"column":4},"end":{"line":292,"column":8}},"76":{"start":{"line":289,"column":44},"end":{"line":292,"column":6}},"77":{"start":{"line":297,"column":4},"end":{"line":308,"column":6}},"78":{"start":{"line":313,"column":25},"end":{"line":322,"column":9}},"79":{"start":{"line":314,"column":28},"end":{"line":314,"column":61}},"80":{"start":{"line":316,"column":34},"end":{"line":322,"column":8}},"81":{"start":{"line":324,"column":4},"end":{"line":324,"column":24}},"82":{"start":{"line":329,"column":30},"end":{"line":375,"column":6}},"83":{"start":{"line":377,"column":22},"end":{"line":377,"column":93}},"84":{"start":{"line":378,"column":4},"end":{"line":378,"column":21}},"85":{"start":{"line":383,"column":4},"end":{"line":394,"column":8}},"86":{"start":{"line":383,"column":53},"end":{"line":394,"column":6}},"87":{"start":{"line":399,"column":24},"end":{"line":406,"column":6}},"88":{"start":{"line":408,"column":24},"end":{"line":408,"column":83}},"89":{"start":{"line":409,"column":4},"end":{"line":409,"column":23}},"90":{"start":{"line":414,"column":25},"end":{"line":433,"column":6}},"91":{"start":{"line":435,"column":4},"end":{"line":435,"column":73}},"92":{"start":{"line":440,"column":4},"end":{"line":440,"column":75}},"93":{"start":{"line":442,"column":25},"end":{"line":442,"column":67}},"94":{"start":{"line":443,"column":28},"end":{"line":443,"column":84}},"95":{"start":{"line":443,"column":56},"end":{"line":443,"column":83}},"96":{"start":{"line":445,"column":4},"end":{"line":445,"column":51}},"97":{"start":{"line":446,"column":4},"end":{"line":446,"column":57}},"98":{"start":{"line":448,"column":20},"end":{"line":448,"column":29}},"99":{"start":{"line":449,"column":21},"end":{"line":449,"column":49}},"100":{"start":{"line":451,"column":4},"end":{"line":466,"column":5}},"101":{"start":{"line":452,"column":6},"end":{"line":452,"column":27}},"102":{"start":{"line":453,"column":6},"end":{"line":453,"column":52}},"103":{"start":{"line":454,"column":11},"end":{"line":466,"column":5}},"104":{"start":{"line":455,"column":6},"end":{"line":455,"column":24}},"105":{"start":{"line":456,"column":6},"end":{"line":456,"column":53}},"106":{"start":{"line":457,"column":11},"end":{"line":466,"column":5}},"107":{"start":{"line":458,"column":6},"end":{"line":458,"column":26}},"108":{"start":{"line":459,"column":6},"end":{"line":459,"column":53}},"109":{"start":{"line":460,"column":11},"end":{"line":466,"column":5}},"110":{"start":{"line":461,"column":6},"end":{"line":461,"column":26}},"111":{"start":{"line":462,"column":6},"end":{"line":462,"column":53}},"112":{"start":{"line":463,"column":11},"end":{"line":466,"column":5}},"113":{"start":{"line":464,"column":6},"end":{"line":464,"column":30}},"114":{"start":{"line":465,"column":6},"end":{"line":465,"column":53}},"115":{"start":{"line":468,"column":22},"end":{"line":468,"column":90}},"116":{"start":{"line":470,"column":4},"end":{"line":470,"column":66}},"117":{"start":{"line":471,"column":4},"end":{"line":471,"column":75}},"118":{"start":{"line":473,"column":4},"end":{"line":479,"column":6}},"119":{"start":{"line":484,"column":25},"end":{"line":494,"column":50}},"120":{"start":{"line":485,"column":28},"end":{"line":485,"column":61}},"121":{"start":{"line":487,"column":26},"end":{"line":493,"column":8}},"122":{"start":{"line":494,"column":22},"end":{"line":494,"column":49}},"123":{"start":{"line":496,"column":4},"end":{"line":496,"column":24}},"124":{"start":{"line":501,"column":13},"end":{"line":501,"column":47}},"125":{"start":{"line":502,"column":0},"end":{"line":502,"column":28}}},"fnMap":{"0":{"name":"(anonymous_1)","decl":{"start":{"line":83,"column":10},"end":{"line":83,"column":27}},"loc":{"start":{"line":83,"column":27},"end":{"line":85,"column":3}}},"1":{"name":"(anonymous_2)","decl":{"start":{"line":88,"column":2},"end":{"line":88,"column":7}},"loc":{"start":{"line":88,"column":37},"end":{"line":141,"column":3}}},"2":{"name":"(anonymous_3)","decl":{"start":{"line":107,"column":16},"end":{"line":107,"column":21}},"loc":{"start":{"line":107,"column":25},"end":{"line":107,"column":63}}},"3":{"name":"(anonymous_4)","decl":{"start":{"line":108,"column":13},"end":{"line":108,"column":18}},"loc":{"start":{"line":108,"column":23},"end":{"line":111,"column":10}}},"4":{"name":"(anonymous_5)","decl":{"start":{"line":116,"column":16},"end":{"line":116,"column":21}},"loc":{"start":{"line":116,"column":25},"end":{"line":116,"column":63}}},"5":{"name":"(anonymous_6)","decl":{"start":{"line":117,"column":13},"end":{"line":117,"column":18}},"loc":{"start":{"line":117,"column":23},"end":{"line":120,"column":10}}},"6":{"name":"(anonymous_7)","decl":{"start":{"line":144,"column":10},"end":{"line":144,"column":15}},"loc":{"start":{"line":144,"column":52},"end":{"line":180,"column":3}}},"7":{"name":"(anonymous_8)","decl":{"start":{"line":149,"column":22},"end":{"line":149,"column":29}},"loc":{"start":{"line":149,"column":33},"end":{"line":149,"column":58}}},"8":{"name":"(anonymous_9)","decl":{"start":{"line":169,"column":51},"end":{"line":169,"column":52}},"loc":{"start":{"line":169,"column":56},"end":{"line":169,"column":66}}},"9":{"name":"(anonymous_10)","decl":{"start":{"line":183,"column":10},"end":{"line":183,"column":15}},"loc":{"start":{"line":183,"column":34},"end":{"line":205,"column":3}}},"10":{"name":"(anonymous_11)","decl":{"start":{"line":184,"column":22},"end":{"line":184,"column":29}},"loc":{"start":{"line":184,"column":33},"end":{"line":184,"column":58}}},"11":{"name":"(anonymous_12)","decl":{"start":{"line":191,"column":34},"end":{"line":191,"column":35}},"loc":{"start":{"line":191,"column":39},"end":{"line":191,"column":52}}},"12":{"name":"(anonymous_13)","decl":{"start":{"line":208,"column":10},"end":{"line":208,"column":23}},"loc":{"start":{"line":208,"column":45},"end":{"line":240,"column":3}}},"13":{"name":"(anonymous_14)","decl":{"start":{"line":209,"column":59},"end":{"line":209,"column":60}},"loc":{"start":{"line":209,"column":64},"end":{"line":209,"column":77}}},"14":{"name":"(anonymous_15)","decl":{"start":{"line":229,"column":66},"end":{"line":229,"column":67}},"loc":{"start":{"line":229,"column":71},"end":{"line":229,"column":83}}},"15":{"name":"(anonymous_16)","decl":{"start":{"line":243,"column":10},"end":{"line":243,"column":33}},"loc":{"start":{"line":243,"column":33},"end":{"line":285,"column":3}}},"16":{"name":"(anonymous_17)","decl":{"start":{"line":288,"column":10},"end":{"line":288,"column":34}},"loc":{"start":{"line":288,"column":56},"end":{"line":293,"column":3}}},"17":{"name":"(anonymous_18)","decl":{"start":{"line":289,"column":34},"end":{"line":289,"column":39}},"loc":{"start":{"line":289,"column":44},"end":{"line":292,"column":6}}},"18":{"name":"(anonymous_19)","decl":{"start":{"line":296,"column":10},"end":{"line":296,"column":33}},"loc":{"start":{"line":296,"column":33},"end":{"line":309,"column":3}}},"19":{"name":"(anonymous_20)","decl":{"start":{"line":312,"column":10},"end":{"line":312,"column":39}},"loc":{"start":{"line":312,"column":63},"end":{"line":325,"column":3}}},"20":{"name":"(anonymous_21)","decl":{"start":{"line":314,"column":14},"end":{"line":314,"column":15}},"loc":{"start":{"line":314,"column":28},"end":{"line":314,"column":61}}},"21":{"name":"(anonymous_22)","decl":{"start":{"line":316,"column":19},"end":{"line":316,"column":20}},"loc":{"start":{"line":316,"column":34},"end":{"line":322,"column":8}}},"22":{"name":"(anonymous_23)","decl":{"start":{"line":328,"column":10},"end":{"line":328,"column":32}},"loc":{"start":{"line":328,"column":32},"end":{"line":379,"column":3}}},"23":{"name":"(anonymous_24)","decl":{"start":{"line":382,"column":10},"end":{"line":382,"column":33}},"loc":{"start":{"line":382,"column":55},"end":{"line":395,"column":3}}},"24":{"name":"(anonymous_25)","decl":{"start":{"line":383,"column":34},"end":{"line":383,"column":35}},"loc":{"start":{"line":383,"column":53},"end":{"line":394,"column":6}}},"25":{"name":"(anonymous_26)","decl":{"start":{"line":398,"column":10},"end":{"line":398,"column":26}},"loc":{"start":{"line":398,"column":26},"end":{"line":410,"column":3}}},"26":{"name":"(anonymous_27)","decl":{"start":{"line":413,"column":10},"end":{"line":413,"column":32}},"loc":{"start":{"line":413,"column":32},"end":{"line":436,"column":3}}},"27":{"name":"(anonymous_28)","decl":{"start":{"line":439,"column":10},"end":{"line":439,"column":31}},"loc":{"start":{"line":439,"column":53},"end":{"line":480,"column":3}}},"28":{"name":"(anonymous_29)","decl":{"start":{"line":443,"column":51},"end":{"line":443,"column":52}},"loc":{"start":{"line":443,"column":56},"end":{"line":443,"column":83}}},"29":{"name":"(anonymous_30)","decl":{"start":{"line":483,"column":10},"end":{"line":483,"column":33}},"loc":{"start":{"line":483,"column":57},"end":{"line":497,"column":3}}},"30":{"name":"(anonymous_31)","decl":{"start":{"line":485,"column":14},"end":{"line":485,"column":15}},"loc":{"start":{"line":485,"column":28},"end":{"line":485,"column":61}}},"31":{"name":"(anonymous_32)","decl":{"start":{"line":487,"column":11},"end":{"line":487,"column":12}},"loc":{"start":{"line":487,"column":26},"end":{"line":493,"column":8}}},"32":{"name":"(anonymous_33)","decl":{"start":{"line":494,"column":12},"end":{"line":494,"column":13}},"loc":{"start":{"line":494,"column":22},"end":{"line":494,"column":49}}}},"branchMap":{"0":{"loc":{"start":{"line":84,"column":11},"end":{"line":84,"column":54}},"type":"binary-expr","locations":[{"start":{"line":84,"column":11},"end":{"line":84,"column":29}},{"start":{"line":84,"column":33},"end":{"line":84,"column":54}}]},"1":{"loc":{"start":{"line":91,"column":4},"end":{"line":94,"column":5}},"type":"if","locations":[{"start":{"line":91,"column":4},"end":{"line":94,"column":5}}]},"2":{"loc":{"start":{"line":107,"column":25},"end":{"line":107,"column":63}},"type":"binary-expr","locations":[{"start":{"line":107,"column":25},"end":{"line":107,"column":35}},{"start":{"line":107,"column":39},"end":{"line":107,"column":63}}]},"3":{"loc":{"start":{"line":109,"column":23},"end":{"line":109,"column":53}},"type":"binary-expr","locations":[{"start":{"line":109,"column":23},"end":{"line":109,"column":33}},{"start":{"line":109,"column":37},"end":{"line":109,"column":53}}]},"4":{"loc":{"start":{"line":110,"column":22},"end":{"line":110,"column":43}},"type":"binary-expr","locations":[{"start":{"line":110,"column":22},"end":{"line":110,"column":38}},{"start":{"line":110,"column":42},"end":{"line":110,"column":43}}]},"5":{"loc":{"start":{"line":116,"column":25},"end":{"line":116,"column":63}},"type":"binary-expr","locations":[{"start":{"line":116,"column":25},"end":{"line":116,"column":35}},{"start":{"line":116,"column":39},"end":{"line":116,"column":63}}]},"6":{"loc":{"start":{"line":118,"column":17},"end":{"line":118,"column":40}},"type":"binary-expr","locations":[{"start":{"line":118,"column":17},"end":{"line":118,"column":27}},{"start":{"line":118,"column":31},"end":{"line":118,"column":40}}]},"7":{"loc":{"start":{"line":119,"column":22},"end":{"line":119,"column":43}},"type":"binary-expr","locations":[{"start":{"line":119,"column":22},"end":{"line":119,"column":38}},{"start":{"line":119,"column":42},"end":{"line":119,"column":43}}]},"8":{"loc":{"start":{"line":211,"column":25},"end":{"line":211,"column":67}},"type":"binary-expr","locations":[{"start":{"line":211,"column":25},"end":{"line":211,"column":61}},{"start":{"line":211,"column":65},"end":{"line":211,"column":67}}]},"9":{"loc":{"start":{"line":215,"column":4},"end":{"line":225,"column":5}},"type":"if","locations":[{"start":{"line":215,"column":4},"end":{"line":225,"column":5}},{"start":{"line":217,"column":11},"end":{"line":225,"column":5}}]},"10":{"loc":{"start":{"line":215,"column":8},"end":{"line":215,"column":75}},"type":"binary-expr","locations":[{"start":{"line":215,"column":8},"end":{"line":215,"column":39}},{"start":{"line":215,"column":43},"end":{"line":215,"column":75}}]},"11":{"loc":{"start":{"line":217,"column":11},"end":{"line":225,"column":5}},"type":"if","locations":[{"start":{"line":217,"column":11},"end":{"line":225,"column":5}},{"start":{"line":219,"column":11},"end":{"line":225,"column":5}}]},"12":{"loc":{"start":{"line":217,"column":15},"end":{"line":217,"column":114}},"type":"binary-expr","locations":[{"start":{"line":217,"column":15},"end":{"line":217,"column":43}},{"start":{"line":217,"column":47},"end":{"line":217,"column":77}},{"start":{"line":217,"column":81},"end":{"line":217,"column":114}}]},"13":{"loc":{"start":{"line":219,"column":11},"end":{"line":225,"column":5}},"type":"if","locations":[{"start":{"line":219,"column":11},"end":{"line":225,"column":5}},{"start":{"line":221,"column":11},"end":{"line":225,"column":5}}]},"14":{"loc":{"start":{"line":219,"column":15},"end":{"line":219,"column":116}},"type":"binary-expr","locations":[{"start":{"line":219,"column":15},"end":{"line":219,"column":45}},{"start":{"line":219,"column":49},"end":{"line":219,"column":82}},{"start":{"line":219,"column":86},"end":{"line":219,"column":116}}]},"15":{"loc":{"start":{"line":221,"column":11},"end":{"line":225,"column":5}},"type":"if","locations":[{"start":{"line":221,"column":11},"end":{"line":225,"column":5}},{"start":{"line":223,"column":11},"end":{"line":225,"column":5}}]},"16":{"loc":{"start":{"line":221,"column":15},"end":{"line":221,"column":77}},"type":"binary-expr","locations":[{"start":{"line":221,"column":15},"end":{"line":221,"column":45}},{"start":{"line":221,"column":49},"end":{"line":221,"column":77}}]},"17":{"loc":{"start":{"line":223,"column":11},"end":{"line":225,"column":5}},"type":"if","locations":[{"start":{"line":223,"column":11},"end":{"line":225,"column":5}}]},"18":{"loc":{"start":{"line":223,"column":15},"end":{"line":223,"column":117}},"type":"binary-expr","locations":[{"start":{"line":223,"column":15},"end":{"line":223,"column":43}},{"start":{"line":223,"column":47},"end":{"line":223,"column":81}},{"start":{"line":223,"column":85},"end":{"line":223,"column":117}}]},"19":{"loc":{"start":{"line":229,"column":23},"end":{"line":229,"column":91}},"type":"cond-expr","locations":[{"start":{"line":229,"column":43},"end":{"line":229,"column":85}},{"start":{"line":229,"column":88},"end":{"line":229,"column":91}}]},"20":{"loc":{"start":{"line":442,"column":25},"end":{"line":442,"column":67}},"type":"binary-expr","locations":[{"start":{"line":442,"column":25},"end":{"line":442,"column":61}},{"start":{"line":442,"column":65},"end":{"line":442,"column":67}}]},"21":{"loc":{"start":{"line":449,"column":21},"end":{"line":449,"column":49}},"type":"binary-expr","locations":[{"start":{"line":449,"column":21},"end":{"line":449,"column":42}},{"start":{"line":449,"column":46},"end":{"line":449,"column":49}}]},"22":{"loc":{"start":{"line":451,"column":4},"end":{"line":466,"column":5}},"type":"if","locations":[{"start":{"line":451,"column":4},"end":{"line":466,"column":5}},{"start":{"line":454,"column":11},"end":{"line":466,"column":5}}]},"23":{"loc":{"start":{"line":451,"column":8},"end":{"line":451,"column":75}},"type":"binary-expr","locations":[{"start":{"line":451,"column":8},"end":{"line":451,"column":39}},{"start":{"line":451,"column":43},"end":{"line":451,"column":75}}]},"24":{"loc":{"start":{"line":454,"column":11},"end":{"line":466,"column":5}},"type":"if","locations":[{"start":{"line":454,"column":11},"end":{"line":466,"column":5}},{"start":{"line":457,"column":11},"end":{"line":466,"column":5}}]},"25":{"loc":{"start":{"line":454,"column":15},"end":{"line":454,"column":80}},"type":"binary-expr","locations":[{"start":{"line":454,"column":15},"end":{"line":454,"column":43}},{"start":{"line":454,"column":47},"end":{"line":454,"column":80}}]},"26":{"loc":{"start":{"line":457,"column":11},"end":{"line":466,"column":5}},"type":"if","locations":[{"start":{"line":457,"column":11},"end":{"line":466,"column":5}},{"start":{"line":460,"column":11},"end":{"line":466,"column":5}}]},"27":{"loc":{"start":{"line":457,"column":15},"end":{"line":457,"column":82}},"type":"binary-expr","locations":[{"start":{"line":457,"column":15},"end":{"line":457,"column":45}},{"start":{"line":457,"column":49},"end":{"line":457,"column":82}}]},"28":{"loc":{"start":{"line":460,"column":11},"end":{"line":466,"column":5}},"type":"if","locations":[{"start":{"line":460,"column":11},"end":{"line":466,"column":5}},{"start":{"line":463,"column":11},"end":{"line":466,"column":5}}]},"29":{"loc":{"start":{"line":460,"column":15},"end":{"line":460,"column":80}},"type":"binary-expr","locations":[{"start":{"line":460,"column":15},"end":{"line":460,"column":45}},{"start":{"line":460,"column":49},"end":{"line":460,"column":80}}]},"30":{"loc":{"start":{"line":463,"column":11},"end":{"line":466,"column":5}},"type":"if","locations":[{"start":{"line":463,"column":11},"end":{"line":466,"column":5}}]},"31":{"loc":{"start":{"line":463,"column":15},"end":{"line":463,"column":81}},"type":"binary-expr","locations":[{"start":{"line":463,"column":15},"end":{"line":463,"column":49}},{"start":{"line":463,"column":53},"end":{"line":463,"column":81}}]}},"s":{"0":1,"1":1,"2":1,"3":1,"4":8,"5":8,"6":8,"7":0,"8":0,"9":8,"10":8,"11":8,"12":8,"13":7,"14":7,"15":35,"16":35,"17":7,"18":21,"19":21,"20":7,"21":7,"22":1,"23":1,"24":1,"25":0,"26":0,"27":0,"28":0,"29":0,"30":0,"31":0,"32":0,"33":0,"34":0,"35":0,"36":0,"37":0,"38":0,"39":0,"40":0,"41":0,"42":0,"43":0,"44":0,"45":1,"46":1,"47":1,"48":1,"49":1,"50":1,"51":4,"52":1,"53":8,"54":39,"55":8,"56":8,"57":8,"58":7,"59":1,"60":1,"61":0,"62":0,"63":0,"64":0,"65":0,"66":0,"67":8,"68":8,"69":39,"70":8,"71":8,"72":1,"73":1,"74":1,"75":1,"76":2,"77":8,"78":8,"79":216,"80":16,"81":8,"82":0,"83":0,"84":0,"85":0,"86":0,"87":0,"88":0,"89":0,"90":0,"91":0,"92":0,"93":0,"94":0,"95":0,"96":0,"97":0,"98":0,"99":0,"100":0,"101":0,"102":0,"103":0,"104":0,"105":0,"106":0,"107":0,"108":0,"109":0,"110":0,"111":0,"112":0,"113":0,"114":0,"115":0,"116":0,"117":0,"118":0,"119":0,"120":0,"121":0,"122":0,"123":0,"124":1,"125":1},"f":{"0":8,"1":8,"2":35,"3":35,"4":21,"5":21,"6":0,"7":0,"8":0,"9":1,"10":1,"11":4,"12":8,"13":39,"14":39,"15":1,"16":1,"17":2,"18":8,"19":8,"20":216,"21":16,"22":0,"23":0,"24":0,"25":0,"26":0,"27":0,"28":0,"29":0,"30":0,"31":0,"32":0},"b":{"0":[8,0],"1":[0],"2":[35,35],"3":[35,0],"4":[35,0],"5":[21,21],"6":[21,0],"7":[21,0],"8":[8,0],"9":[7,1],"10":[8,1],"11":[1,0],"12":[1,0,0],"13":[0,0],"14":[0,0,0],"15":[0,0],"16":[0,0],"17":[0],"18":[0,0,0],"19":[8,0],"20":[0,0],"21":[0,0],"22":[0,0],"23":[0,0],"24":[0,0],"25":[0,0],"26":[0,0],"27":[0,0],"28":[0,0],"29":[0,0],"30":[0],"31":[0,0]}}
,"C:\\Users\\zineb\\Documents\\M2-YNOV\\Projet-Master\\recycle-app\\src\\services\\storageService.ts": {"path":"C:\\Users\\zineb\\Documents\\M2-YNOV\\Projet-Master\\recycle-app\\src\\services\\storageService.ts","statementMap":{"0":{"start":{"line":1,"column":0},"end":{"line":1,"column":39}},"1":{"start":{"line":2,"column":0},"end":{"line":2,"column":41}},"2":{"start":{"line":3,"column":0},"end":{"line":3,"column":69}},"3":{"start":{"line":30,"column":4},"end":{"line":56,"column":5}},"4":{"start":{"line":31,"column":21},"end":{"line":31,"column":44}},"5":{"start":{"line":32,"column":6},"end":{"line":34,"column":7}},"6":{"start":{"line":33,"column":8},"end":{"line":33,"column":55}},"7":{"start":{"line":37,"column":6},"end":{"line":41,"column":9}},"8":{"start":{"line":44,"column":6},"end":{"line":44,"column":61}},"9":{"start":{"line":44,"column":35},"end":{"line":44,"column":59}},"10":{"start":{"line":47,"column":6},"end":{"line":47,"column":58}},"11":{"start":{"line":49,"column":6},"end":{"line":49,"column":62}},"12":{"start":{"line":54,"column":6},"end":{"line":54,"column":77}},"13":{"start":{"line":55,"column":6},"end":{"line":55,"column":68}},"14":{"start":{"line":63,"column":4},"end":{"line":116,"column":5}},"15":{"start":{"line":64,"column":22},"end":{"line":64,"column":68}},"16":{"start":{"line":66,"column":6},"end":{"line":112,"column":7}},"17":{"start":{"line":67,"column":25},"end":{"line":67,"column":40}},"18":{"start":{"line":68,"column":8},"end":{"line":87,"column":10}},"19":{"start":{"line":90,"column":40},"end":{"line":108,"column":10}},"20":{"start":{"line":110,"column":8},"end":{"line":110,"column":78}},"21":{"start":{"line":111,"column":8},"end":{"line":111,"column":28}},"22":{"start":{"line":114,"column":6},"end":{"line":114,"column":72}},"23":{"start":{"line":115,"column":6},"end":{"line":115,"column":66}},"24":{"start":{"line":121,"column":4},"end":{"line":218,"column":5}},"25":{"start":{"line":122,"column":21},"end":{"line":122,"column":44}},"26":{"start":{"line":123,"column":6},"end":{"line":123,"column":26}},"27":{"start":{"line":123,"column":19},"end":{"line":123,"column":26}},"28":{"start":{"line":126,"column":23},"end":{"line":126,"column":45}},"29":{"start":{"line":127,"column":31},"end":{"line":127,"column":67}},"30":{"start":{"line":130,"column":6},"end":{"line":153,"column":7}},"31":{"start":{"line":131,"column":8},"end":{"line":131,"column":52}},"32":{"start":{"line":133,"column":8},"end":{"line":152,"column":10}},"33":{"start":{"line":156,"column":20},"end":{"line":156,"column":30}},"34":{"start":{"line":157,"column":23},"end":{"line":157,"column":93}},"35":{"start":{"line":158,"column":22},"end":{"line":158,"column":48}},"36":{"start":{"line":160,"column":6},"end":{"line":170,"column":7}},"37":{"start":{"line":161,"column":25},"end":{"line":161,"column":99}},"38":{"start":{"line":162,"column":8},"end":{"line":167,"column":9}},"39":{"start":{"line":164,"column":10},"end":{"line":164,"column":53}},"40":{"start":{"line":165,"column":15},"end":{"line":167,"column":9}},"41":{"start":{"line":166,"column":10},"end":{"line":166,"column":24}},"42":{"start":{"line":169,"column":8},"end":{"line":169,"column":22}},"43":{"start":{"line":173,"column":26},"end":{"line":173,"column":75}},"44":{"start":{"line":174,"column":27},"end":{"line":174,"column":78}},"45":{"start":{"line":177,"column":38},"end":{"line":194,"column":8}},"46":{"start":{"line":197,"column":6},"end":{"line":197,"column":69}},"47":{"start":{"line":200,"column":6},"end":{"line":200,"column":73}},"48":{"start":{"line":202,"column":6},"end":{"line":202,"column":57}},"49":{"start":{"line":203,"column":6},"end":{"line":203,"column":53}},"50":{"start":{"line":204,"column":6},"end":{"line":204,"column":69}},"51":{"start":{"line":205,"column":6},"end":{"line":205,"column":62}},"52":{"start":{"line":206,"column":6},"end":{"line":206,"column":55}},"53":{"start":{"line":209,"column":6},"end":{"line":214,"column":7}},"54":{"start":{"line":210,"column":8},"end":{"line":210,"column":81}},"55":{"start":{"line":211,"column":8},"end":{"line":211,"column":64}},"56":{"start":{"line":213,"column":8},"end":{"line":213,"column":84}},"57":{"start":{"line":217,"column":6},"end":{"line":217,"column":71}},"58":{"start":{"line":224,"column":13},"end":{"line":224,"column":51}},"59":{"start":{"line":225,"column":0},"end":{"line":225,"column":30}}},"fnMap":{"0":{"name":"(anonymous_1)","decl":{"start":{"line":29,"column":2},"end":{"line":29,"column":7}},"loc":{"start":{"line":29,"column":42},"end":{"line":57,"column":3}}},"1":{"name":"(anonymous_2)","decl":{"start":{"line":44,"column":24},"end":{"line":44,"column":31}},"loc":{"start":{"line":44,"column":35},"end":{"line":44,"column":59}}},"2":{"name":"(anonymous_3)","decl":{"start":{"line":62,"column":2},"end":{"line":62,"column":7}},"loc":{"start":{"line":62,"column":35},"end":{"line":117,"column":3}}},"3":{"name":"(anonymous_4)","decl":{"start":{"line":120,"column":2},"end":{"line":120,"column":7}},"loc":{"start":{"line":120,"column":45},"end":{"line":219,"column":3}}}},"branchMap":{"0":{"loc":{"start":{"line":32,"column":6},"end":{"line":34,"column":7}},"type":"if","locations":[{"start":{"line":32,"column":6},"end":{"line":34,"column":7}}]},"1":{"loc":{"start":{"line":66,"column":6},"end":{"line":112,"column":7}},"type":"if","locations":[{"start":{"line":66,"column":6},"end":{"line":112,"column":7}},{"start":{"line":88,"column":13},"end":{"line":112,"column":7}}]},"2":{"loc":{"start":{"line":66,"column":10},"end":{"line":66,"column":42}},"type":"binary-expr","locations":[{"start":{"line":66,"column":10},"end":{"line":66,"column":24}},{"start":{"line":66,"column":28},"end":{"line":66,"column":42}}]},"3":{"loc":{"start":{"line":69,"column":26},"end":{"line":69,"column":61}},"type":"binary-expr","locations":[{"start":{"line":69,"column":26},"end":{"line":69,"column":56}},{"start":{"line":69,"column":60},"end":{"line":69,"column":61}}]},"4":{"loc":{"start":{"line":70,"column":18},"end":{"line":70,"column":45}},"type":"binary-expr","locations":[{"start":{"line":70,"column":18},"end":{"line":70,"column":40}},{"start":{"line":70,"column":44},"end":{"line":70,"column":45}}]},"5":{"loc":{"start":{"line":71,"column":31},"end":{"line":71,"column":71}},"type":"binary-expr","locations":[{"start":{"line":71,"column":31},"end":{"line":71,"column":66}},{"start":{"line":71,"column":70},"end":{"line":71,"column":71}}]},"6":{"loc":{"start":{"line":72,"column":17},"end":{"line":72,"column":43}},"type":"binary-expr","locations":[{"start":{"line":72,"column":17},"end":{"line":72,"column":38}},{"start":{"line":72,"column":42},"end":{"line":72,"column":43}}]},"7":{"loc":{"start":{"line":74,"column":29},"end":{"line":74,"column":68}},"type":"binary-expr","locations":[{"start":{"line":74,"column":29},"end":{"line":74,"column":62}},{"start":{"line":74,"column":66},"end":{"line":74,"column":68}}]},"8":{"loc":{"start":{"line":75,"column":25},"end":{"line":75,"column":59}},"type":"binary-expr","locations":[{"start":{"line":75,"column":25},"end":{"line":75,"column":54}},{"start":{"line":75,"column":58},"end":{"line":75,"column":59}}]},"9":{"loc":{"start":{"line":76,"column":22},"end":{"line":76,"column":53}},"type":"binary-expr","locations":[{"start":{"line":76,"column":22},"end":{"line":76,"column":48}},{"start":{"line":76,"column":52},"end":{"line":76,"column":53}}]},"10":{"loc":{"start":{"line":77,"column":23},"end":{"line":77,"column":55}},"type":"binary-expr","locations":[{"start":{"line":77,"column":23},"end":{"line":77,"column":50}},{"start":{"line":77,"column":54},"end":{"line":77,"column":55}}]},"11":{"loc":{"start":{"line":78,"column":24},"end":{"line":78,"column":57}},"type":"binary-expr","locations":[{"start":{"line":78,"column":24},"end":{"line":78,"column":52}},{"start":{"line":78,"column":56},"end":{"line":78,"column":57}}]},"12":{"loc":{"start":{"line":79,"column":25},"end":{"line":86,"column":null}},"type":"binary-expr","locations":[{"start":{"line":79,"column":25},"end":{"line":79,"column":54}},{"start":{"line":79,"column":58},"end":{"line":86,"column":null}}]},"13":{"loc":{"start":{"line":123,"column":6},"end":{"line":123,"column":26}},"type":"if","locations":[{"start":{"line":123,"column":6},"end":{"line":123,"column":26}}]},"14":{"loc":{"start":{"line":130,"column":6},"end":{"line":153,"column":7}},"type":"if","locations":[{"start":{"line":130,"column":6},"end":{"line":153,"column":7}},{"start":{"line":132,"column":13},"end":{"line":153,"column":7}}]},"15":{"loc":{"start":{"line":157,"column":23},"end":{"line":157,"column":93}},"type":"cond-expr","locations":[{"start":{"line":157,"column":51},"end":{"line":157,"column":86}},{"start":{"line":157,"column":89},"end":{"line":157,"column":93}}]},"16":{"loc":{"start":{"line":160,"column":6},"end":{"line":170,"column":7}},"type":"if","locations":[{"start":{"line":160,"column":6},"end":{"line":170,"column":7}},{"start":{"line":168,"column":13},"end":{"line":170,"column":7}}]},"17":{"loc":{"start":{"line":162,"column":8},"end":{"line":167,"column":9}},"type":"if","locations":[{"start":{"line":162,"column":8},"end":{"line":167,"column":9}},{"start":{"line":165,"column":15},"end":{"line":167,"column":9}}]},"18":{"loc":{"start":{"line":165,"column":15},"end":{"line":167,"column":9}},"type":"if","locations":[{"start":{"line":165,"column":15},"end":{"line":167,"column":9}}]},"19":{"loc":{"start":{"line":173,"column":36},"end":{"line":173,"column":65}},"type":"binary-expr","locations":[{"start":{"line":173,"column":36},"end":{"line":173,"column":60}},{"start":{"line":173,"column":64},"end":{"line":173,"column":65}}]},"20":{"loc":{"start":{"line":174,"column":37},"end":{"line":174,"column":67}},"type":"binary-expr","locations":[{"start":{"line":174,"column":37},"end":{"line":174,"column":62}},{"start":{"line":174,"column":66},"end":{"line":174,"column":67}}]},"21":{"loc":{"start":{"line":183,"column":29},"end":{"line":183,"column":57}},"type":"binary-expr","locations":[{"start":{"line":183,"column":29},"end":{"line":183,"column":52}},{"start":{"line":183,"column":56},"end":{"line":183,"column":57}}]},"22":{"loc":{"start":{"line":188,"column":28},"end":{"line":188,"column":78}},"type":"binary-expr","locations":[{"start":{"line":188,"column":28},"end":{"line":188,"column":73}},{"start":{"line":188,"column":77},"end":{"line":188,"column":78}}]},"23":{"loc":{"start":{"line":192,"column":28},"end":{"line":192,"column":76}},"type":"binary-expr","locations":[{"start":{"line":192,"column":28},"end":{"line":192,"column":71}},{"start":{"line":192,"column":75},"end":{"line":192,"column":76}}]}},"s":{"0":1,"1":1,"2":1,"3":2,"4":2,"5":2,"6":0,"7":2,"8":2,"9":2,"10":2,"11":2,"12":0,"13":0,"14":4,"15":4,"16":4,"17":4,"18":4,"19":0,"20":0,"21":0,"22":0,"23":0,"24":2,"25":2,"26":2,"27":0,"28":2,"29":2,"30":2,"31":1,"32":1,"33":2,"34":2,"35":2,"36":2,"37":0,"38":0,"39":0,"40":0,"41":0,"42":2,"43":2,"44":2,"45":2,"46":2,"47":2,"48":2,"49":2,"50":2,"51":2,"52":2,"53":2,"54":2,"55":2,"56":0,"57":0,"58":1,"59":1},"f":{"0":2,"1":2,"2":4,"3":2},"b":{"0":[0],"1":[4,0],"2":[4,4],"3":[4,0],"4":[4,0],"5":[4,0],"6":[4,0],"7":[4,0],"8":[4,0],"9":[4,0],"10":[4,0],"11":[4,0],"12":[4,0],"13":[0],"14":[1,1],"15":[0,2],"16":[0,2],"17":[0,0],"18":[0],"19":[2,1],"20":[2,1],"21":[2,1],"22":[2,1],"23":[2,1]}}
,"C:\\Users\\zineb\\Documents\\M2-YNOV\\Projet-Master\\recycle-app\\src\\styles\\colors.ts": {"path":"C:\\Users\\zineb\\Documents\\M2-YNOV\\Projet-Master\\recycle-app\\src\\styles\\colors.ts","statementMap":{"0":{"start":{"line":1,"column":13},"end":{"line":20,"column":2}}},"fnMap":{},"branchMap":{},"s":{"0":1},"f":{},"b":{}}
,"C:\\Users\\zineb\\Documents\\M2-YNOV\\Projet-Master\\recycle-app\\src\\styles\\global.ts": {"path":"C:\\Users\\zineb\\Documents\\M2-YNOV\\Projet-Master\\recycle-app\\src\\styles\\global.ts","statementMap":{"0":{"start":{"line":1,"column":0},"end":{"line":1,"column":42}},"1":{"start":{"line":2,"column":0},"end":{"line":2,"column":34}},"2":{"start":{"line":5,"column":34},"end":{"line":153,"column":2}},"3":{"start":{"line":5,"column":51},"end":{"line":153,"column":2}},"4":{"start":{"line":5,"column":13},"end":{"line":5,"column":34}},"5":{"start":{"line":155,"column":13},"end":{"line":300,"column":3}}},"fnMap":{"0":{"name":"(anonymous_0)","decl":{"start":{"line":5,"column":34},"end":{"line":5,"column":35}},"loc":{"start":{"line":5,"column":51},"end":{"line":153,"column":2}}}},"branchMap":{},"s":{"0":1,"1":1,"2":1,"3":0,"4":1,"5":1},"f":{"0":0},"b":{}}
}
