TN:
SF:firebaseConfig.tsx
FNF:0
FNH:0
DA:2,2
DA:3,2
DA:4,2
DA:5,2
DA:8,2
DA:18,2
DA:21,2
DA:22,2
DA:23,2
DA:26,2
DA:32,2
LF:11
LH:11
BRDA:26,0,0,0
BRF:1
BRH:0
end_of_record
TN:
SF:src\components\MapComponent.tsx
FN:19,(anonymous_9)
FN:30,(anonymous_10)
FN:69,(anonymous_11)
FN:92,(anonymous_12)
FN:107,(anonymous_13)
FN:115,(anonymous_14)
FN:132,(anonymous_15)
FN:145,(anonymous_16)
FN:146,(anonymous_17)
FN:150,(anonymous_18)
FN:154,(anonymous_19)
FN:167,(anonymous_20)
FN:256,(anonymous_21)
FN:260,(anonymous_22)
FN:276,(anonymous_23)
FN:277,(anonymous_24)
FN:282,(anonymous_25)
FN:311,(anonymous_26)
FN:337,(anonymous_27)
FN:350,(anonymous_28)
FN:351,(anonymous_29)
FN:356,(anonymous_30)
FNF:22
FNH:4
FNDA:15,(anonymous_9)
FNDA:0,(anonymous_10)
FNDA:0,(anonymous_11)
FNDA:0,(anonymous_12)
FNDA:0,(anonymous_13)
FNDA:0,(anonymous_14)
FNDA:0,(anonymous_15)
FNDA:15,(anonymous_16)
FNDA:0,(anonymous_17)
FNDA:15,(anonymous_18)
FNDA:15,(anonymous_19)
FNDA:0,(anonymous_20)
FNDA:0,(anonymous_21)
FNDA:0,(anonymous_22)
FNDA:0,(anonymous_23)
FNDA:0,(anonymous_24)
FNDA:0,(anonymous_25)
FNDA:0,(anonymous_26)
FNDA:0,(anonymous_27)
FNDA:0,(anonymous_28)
FNDA:0,(anonymous_29)
FNDA:0,(anonymous_30)
DA:1,1
DA:2,1
DA:3,1
DA:4,1
DA:5,1
DA:8,1
DA:9,1
DA:10,1
DA:12,1
DA:13,0
DA:14,0
DA:15,0
DA:16,0
DA:19,1
DA:24,15
DA:25,15
DA:26,15
DA:27,15
DA:30,15
DA:31,0
DA:33,0
DA:34,0
DA:35,0
DA:37,0
DA:43,0
DA:44,0
DA:54,0
DA:55,0
DA:56,0
DA:59,0
DA:61,0
DA:62,0
DA:63,0
DA:66,0
DA:68,0
DA:69,0
DA:77,0
DA:79,0
DA:80,0
DA:89,0
DA:90,0
DA:91,0
DA:92,0
DA:101,0
DA:107,15
DA:108,0
DA:110,0
DA:111,0
DA:115,15
DA:116,0
DA:117,0
DA:118,0
DA:119,0
DA:122,0
DA:124,0
DA:126,0
DA:128,0
DA:132,15
DA:133,0
DA:134,0
DA:136,0
DA:145,15
DA:146,15
DA:147,0
DA:150,15
DA:154,15
DA:155,15
DA:156,0
DA:167,15
DA:168,0
DA:231,0
DA:235,15
DA:236,15
DA:257,0
DA:260,0
DA:276,0
DA:277,0
DA:282,0
DA:291,0
DA:313,0
DA:314,0
DA:317,0
DA:319,0
DA:320,0
DA:329,0
DA:332,0
DA:337,0
DA:350,0
DA:351,0
DA:356,0
DA:365,1
DA:438,1
LF:92
LH:28
BRDA:12,0,0,0
BRDA:31,1,0,0
BRDA:35,2,0,0
BRDA:35,2,1,0
BRDA:54,3,0,0
BRDA:61,4,0,0
BRDA:68,5,0,0
BRDA:89,6,0,0
BRDA:91,7,0,0
BRDA:108,8,0,0
BRDA:108,9,0,0
BRDA:108,9,1,0
BRDA:111,10,0,0
BRDA:111,10,1,0
BRDA:111,11,0,0
BRDA:111,11,1,0
BRDA:111,12,0,0
BRDA:111,12,1,0
BRDA:111,13,0,0
BRDA:111,13,1,0
BRDA:111,13,2,0
BRDA:155,14,0,0
BRDA:155,15,0,15
BRDA:155,15,1,14
BRDA:231,16,0,0
BRDA:231,16,1,0
BRDA:235,17,0,15
BRDA:245,18,0,15
BRDA:245,18,1,14
BRDA:253,19,0,15
BRDA:253,19,1,0
BRDA:270,20,0,15
BRDA:270,20,1,0
BRDA:280,21,0,0
BRDA:280,21,1,0
BRDA:299,22,0,0
BRDA:299,22,1,0
BRDA:300,23,0,0
BRDA:300,23,1,0
BRDA:304,24,0,0
BRDA:304,24,1,0
BRDA:313,25,0,0
BRDA:313,26,0,0
BRDA:313,26,1,0
BRDA:313,26,2,0
BRDA:319,27,0,0
BRDA:329,28,0,0
BRDA:329,28,1,0
BRDA:344,29,0,0
BRDA:344,29,1,0
BRDA:354,30,0,0
BRDA:354,30,1,0
BRF:52
BRH:7
end_of_record
TN:
SF:src\hooks\useLocation.ts
FN:4,(anonymous_9)
FN:11,(anonymous_10)
FN:26,(anonymous_11)
FNF:3
FNH:3
FNDA:8,(anonymous_9)
FNDA:8,(anonymous_10)
FNDA:4,(anonymous_11)
DA:1,1
DA:2,1
DA:4,1
DA:5,8
DA:9,8
DA:11,8
DA:12,8
DA:13,8
DA:14,8
DA:15,2
DA:16,2
DA:18,6
DA:19,4
DA:20,2
DA:22,4
DA:26,8
DA:27,4
DA:30,8
LF:18
LH:18
BRDA:14,0,0,2
BRF:1
BRH:1
end_of_record
TN:
SF:src\services\adviceService.ts
FN:308,(anonymous_1)
FN:319,(anonymous_2)
FN:334,(anonymous_3)
FN:346,(anonymous_4)
FN:361,(anonymous_5)
FN:381,(anonymous_6)
FN:393,(anonymous_7)
FN:408,(anonymous_8)
FN:420,(anonymous_9)
FN:427,(anonymous_10)
FN:444,(anonymous_11)
FN:471,(anonymous_12)
FN:503,(anonymous_13)
FN:532,(anonymous_14)
FN:549,(anonymous_15)
FN:572,(anonymous_16)
FN:588,(anonymous_17)
FN:603,(anonymous_18)
FN:608,(anonymous_19)
FN:611,(anonymous_20)
FN:612,(anonymous_21)
FN:628,(anonymous_22)
FN:636,(anonymous_23)
FN:642,(anonymous_24)
FN:658,(anonymous_25)
FN:662,(anonymous_26)
FN:670,(anonymous_27)
FN:677,(anonymous_28)
FN:694,(anonymous_29)
FN:702,(anonymous_30)
FN:725,(anonymous_31)
FN:733,(anonymous_32)
FN:745,(anonymous_33)
FN:759,(anonymous_34)
FN:770,(anonymous_35)
FN:773,(anonymous_36)
FNF:36
FNH:26
FNDA:1,(anonymous_1)
FNDA:2,(anonymous_2)
FNDA:1,(anonymous_3)
FNDA:2,(anonymous_4)
FNDA:3,(anonymous_5)
FNDA:1,(anonymous_6)
FNDA:2,(anonymous_7)
FNDA:1,(anonymous_8)
FNDA:2,(anonymous_9)
FNDA:1,(anonymous_10)
FNDA:1,(anonymous_11)
FNDA:1,(anonymous_12)
FNDA:1,(anonymous_13)
FNDA:1,(anonymous_14)
FNDA:1,(anonymous_15)
FNDA:1,(anonymous_16)
FNDA:1,(anonymous_17)
FNDA:1,(anonymous_18)
FNDA:0,(anonymous_19)
FNDA:0,(anonymous_20)
FNDA:0,(anonymous_21)
FNDA:0,(anonymous_22)
FNDA:0,(anonymous_23)
FNDA:0,(anonymous_24)
FNDA:0,(anonymous_25)
FNDA:0,(anonymous_26)
FNDA:0,(anonymous_27)
FNDA:0,(anonymous_28)
FNDA:2,(anonymous_29)
FNDA:2,(anonymous_30)
FNDA:1,(anonymous_31)
FNDA:3,(anonymous_32)
FNDA:7,(anonymous_33)
FNDA:11,(anonymous_34)
FNDA:2,(anonymous_35)
FNDA:3,(anonymous_36)
DA:1,1
DA:16,1
DA:17,1
DA:57,1
DA:117,1
DA:304,1
DA:305,2
DA:309,1
DA:310,1
DA:316,1
DA:317,1
DA:319,1
DA:320,2
DA:326,1
DA:328,0
DA:329,0
DA:335,1
DA:336,1
DA:343,1
DA:344,1
DA:346,1
DA:347,2
DA:353,1
DA:355,0
DA:356,0
DA:362,3
DA:363,3
DA:364,3
DA:366,2
DA:367,1
DA:372,1
DA:375,1
DA:376,1
DA:382,1
DA:383,1
DA:390,1
DA:391,1
DA:393,1
DA:394,2
DA:400,1
DA:402,0
DA:403,0
DA:409,1
DA:411,1
DA:417,1
DA:418,1
DA:420,1
DA:421,2
DA:422,2
DA:424,2
DA:427,1
DA:429,1
DA:436,1
DA:438,0
DA:439,0
DA:445,1
DA:446,1
DA:447,1
DA:448,0
DA:451,1
DA:462,1
DA:463,1
DA:465,0
DA:466,0
DA:472,1
DA:473,1
DA:474,1
DA:475,0
DA:478,1
DA:479,1
DA:481,1
DA:482,0
DA:485,1
DA:488,1
DA:489,0
DA:492,1
DA:497,0
DA:498,0
DA:504,1
DA:505,1
DA:506,1
DA:507,0
DA:510,1
DA:511,1
DA:513,1
DA:514,0
DA:517,1
DA:520,1
DA:521,0
DA:524,1
DA:526,0
DA:527,0
DA:533,1
DA:534,1
DA:535,1
DA:537,1
DA:538,1
DA:539,1
DA:544,0
DA:550,1
DA:551,1
DA:552,1
DA:553,0
DA:556,1
DA:557,1
DA:559,1
DA:560,1
DA:561,1
DA:566,0
DA:567,0
DA:573,1
DA:574,1
DA:575,1
DA:576,0
DA:579,1
DA:585,1
DA:586,1
DA:588,1
DA:589,1
DA:595,1
DA:597,0
DA:598,0
DA:604,1
DA:609,0
DA:611,0
DA:612,0
DA:624,0
DA:629,0
DA:630,0
DA:637,0
DA:638,0
DA:643,0
DA:644,0
DA:646,0
DA:647,0
DA:648,0
DA:650,0
DA:659,0
DA:660,0
DA:662,0
DA:663,0
DA:666,0
DA:671,0
DA:672,0
DA:673,0
DA:678,0
DA:679,0
DA:680,0
DA:682,0
DA:684,0
DA:687,0
DA:688,0
DA:695,2
DA:696,2
DA:697,2
DA:698,0
DA:701,2
DA:702,2
DA:704,2
DA:705,1
DA:708,1
DA:714,1
DA:715,1
DA:717,1
DA:719,1
DA:720,1
DA:726,1
DA:727,1
DA:728,1
DA:729,0
DA:732,1
DA:733,3
DA:735,1
DA:737,1
DA:739,0
DA:740,0
DA:746,7
DA:747,7
DA:748,7
DA:749,0
DA:752,7
DA:753,7
DA:754,1
DA:757,6
DA:759,11
DA:764,0
DA:765,0
DA:771,2
DA:772,2
DA:773,3
DA:775,0
DA:776,0
DA:781,1
DA:782,1
LF:194
LH:128
BRDA:366,0,0,1
BRDA:366,0,1,1
BRDA:381,1,0,0
BRDA:424,2,0,1
BRDA:425,3,0,2
BRDA:425,3,1,1
BRDA:425,3,2,1
BRDA:447,4,0,0
BRDA:454,5,0,1
BRDA:454,5,1,0
BRDA:474,6,0,0
BRDA:481,7,0,0
BRDA:488,8,0,0
BRDA:506,9,0,0
BRDA:513,10,0,0
BRDA:520,11,0,0
BRDA:537,12,0,1
BRDA:538,13,0,1
BRDA:538,13,1,0
BRDA:552,14,0,0
BRDA:559,15,0,1
BRDA:560,16,0,1
BRDA:560,16,1,0
BRDA:575,17,0,0
BRDA:630,18,0,0
BRDA:630,18,1,0
BRDA:682,19,0,0
BRDA:682,19,1,0
BRDA:697,20,0,0
BRDA:704,21,0,1
BRDA:709,22,0,1
BRDA:709,22,1,0
BRDA:728,23,0,0
BRDA:748,24,0,0
BRDA:753,25,0,1
BRF:35
BRH:14
end_of_record
TN:
SF:src\services\apiService.ts
FN:29,(anonymous_0)
FN:31,(anonymous_1)
FN:39,(anonymous_2)
FN:42,(anonymous_3)
FN:48,(anonymous_4)
FN:57,(anonymous_5)
FN:67,(anonymous_6)
FN:76,(anonymous_7)
FN:77,(anonymous_8)
FN:81,(anonymous_9)
FN:121,(anonymous_10)
FN:169,(anonymous_11)
FN:181,(anonymous_12)
FN:195,(anonymous_13)
FN:201,(anonymous_14)
FN:210,(anonymous_15)
FN:220,(anonymous_16)
FN:234,(anonymous_17)
FN:240,(anonymous_18)
FN:246,(anonymous_19)
FN:253,(anonymous_20)
FN:264,(anonymous_21)
FN:272,(anonymous_22)
FNF:23
FNH:21
FNDA:1,(anonymous_0)
FNDA:16,(anonymous_1)
FNDA:10,(anonymous_2)
FNDA:20,(anonymous_3)
FNDA:8,(anonymous_4)
FNDA:8,(anonymous_5)
FNDA:6,(anonymous_6)
FNDA:8,(anonymous_7)
FNDA:8,(anonymous_8)
FNDA:11,(anonymous_9)
FNDA:10,(anonymous_10)
FNDA:3,(anonymous_11)
FNDA:26,(anonymous_12)
FNDA:2,(anonymous_13)
FNDA:23,(anonymous_14)
FNDA:0,(anonymous_15)
FNDA:2,(anonymous_16)
FNDA:15,(anonymous_17)
FNDA:0,(anonymous_18)
FNDA:4,(anonymous_19)
FNDA:3,(anonymous_20)
FNDA:2,(anonymous_21)
FNDA:2,(anonymous_22)
DA:23,1
DA:24,1
DA:25,1
DA:26,1
DA:27,1
DA:32,16
DA:33,1
DA:35,16
DA:40,10
DA:42,20
DA:44,10
DA:49,8
DA:50,8
DA:52,1
DA:53,1
DA:58,8
DA:59,1
DA:60,1
DA:61,1
DA:63,7
DA:68,6
DA:72,6
DA:77,8
DA:82,11
DA:84,11
DA:85,19
DA:86,19
DA:88,19
DA:97,12
DA:98,8
DA:102,4
DA:103,0
DA:106,4
DA:108,11
DA:109,11
DA:111,11
DA:112,8
DA:117,3
DA:127,10
DA:130,10
DA:131,10
DA:132,10
DA:134,10
DA:135,0
DA:138,10
DA:141,10
DA:142,5
DA:143,5
DA:144,1
DA:148,9
DA:149,9
DA:151,9
DA:152,7
DA:154,7
DA:157,7
DA:158,3
DA:161,7
DA:163,2
DA:164,2
DA:170,3
DA:172,3
DA:173,3
DA:174,3
DA:175,0
DA:179,3
DA:180,3
DA:181,26
DA:183,3
DA:184,3
DA:187,3
DA:189,0
DA:190,0
DA:196,2
DA:197,2
DA:198,2
DA:200,2
DA:201,23
DA:204,0
DA:205,0
DA:211,0
DA:212,0
DA:214,0
DA:215,0
DA:221,2
DA:222,2
DA:223,2
DA:225,2
DA:226,1
DA:228,1
DA:229,1
DA:235,15
DA:236,15
DA:241,0
DA:242,0
DA:252,4
DA:253,4
DA:255,4
DA:265,2
DA:278,2
DA:280,2
DA:281,2
DA:282,1
DA:284,1
DA:290,1
DA:292,1
DA:301,1
LF:106
LH:93
BRDA:32,0,0,1
BRDA:39,1,0,0
BRDA:50,2,0,7
BRDA:58,3,0,1
BRDA:81,4,0,11
BRDA:97,5,0,8
BRDA:102,6,0,0
BRDA:102,7,0,4
BRDA:102,7,1,4
BRDA:111,8,0,8
BRDA:117,9,0,3
BRDA:117,9,1,0
BRDA:121,10,0,5
BRDA:127,11,0,8
BRDA:127,12,0,10
BRDA:127,13,0,5
BRDA:134,14,0,0
BRDA:141,15,0,5
BRDA:143,16,0,1
BRDA:157,17,0,3
BRDA:169,18,0,3
BRDA:172,19,0,3
BRDA:174,20,0,0
BRDA:183,21,0,3
BRDA:195,22,0,1
BRDA:210,23,0,0
BRDA:258,24,0,2
BRDA:258,24,1,2
BRDA:259,25,0,2
BRDA:259,25,1,2
BRF:30
BRH:24
end_of_record
TN:
SF:src\services\mlKitService.ts
FN:83,(anonymous_1)
FN:88,(anonymous_2)
FN:107,(anonymous_3)
FN:108,(anonymous_4)
FN:116,(anonymous_5)
FN:117,(anonymous_6)
FN:144,(anonymous_7)
FN:149,(anonymous_8)
FN:169,(anonymous_9)
FN:183,(anonymous_10)
FN:184,(anonymous_11)
FN:191,(anonymous_12)
FN:208,(anonymous_13)
FN:209,(anonymous_14)
FN:229,(anonymous_15)
FN:243,(anonymous_16)
FN:288,(anonymous_17)
FN:289,(anonymous_18)
FN:296,(anonymous_19)
FN:312,(anonymous_20)
FN:314,(anonymous_21)
FN:316,(anonymous_22)
FN:328,(anonymous_23)
FN:382,(anonymous_24)
FN:383,(anonymous_25)
FN:398,(anonymous_26)
FN:413,(anonymous_27)
FN:439,(anonymous_28)
FN:443,(anonymous_29)
FN:483,(anonymous_30)
FN:485,(anonymous_31)
FN:487,(anonymous_32)
FN:494,(anonymous_33)
FNF:33
FNH:19
FNDA:9,(anonymous_1)
FNDA:9,(anonymous_2)
FNDA:5,(anonymous_3)
FNDA:5,(anonymous_4)
FNDA:3,(anonymous_5)
FNDA:3,(anonymous_6)
FNDA:0,(anonymous_7)
FNDA:0,(anonymous_8)
FNDA:0,(anonymous_9)
FNDA:8,(anonymous_10)
FNDA:8,(anonymous_11)
FNDA:32,(anonymous_12)
FNDA:9,(anonymous_13)
FNDA:37,(anonymous_14)
FNDA:37,(anonymous_15)
FNDA:8,(anonymous_16)
FNDA:8,(anonymous_17)
FNDA:16,(anonymous_18)
FNDA:9,(anonymous_19)
FNDA:9,(anonymous_20)
FNDA:243,(anonymous_21)
FNDA:18,(anonymous_22)
FNDA:0,(anonymous_23)
FNDA:0,(anonymous_24)
FNDA:0,(anonymous_25)
FNDA:0,(anonymous_26)
FNDA:0,(anonymous_27)
FNDA:0,(anonymous_28)
FNDA:0,(anonymous_29)
FNDA:0,(anonymous_30)
FNDA:0,(anonymous_31)
FNDA:0,(anonymous_32)
FNDA:0,(anonymous_33)
DA:2,1
DA:3,1
DA:47,1
DA:80,1
DA:84,9
DA:89,9
DA:91,9
DA:92,0
DA:93,0
DA:96,9
DA:97,9
DA:98,9
DA:101,9
DA:103,1
DA:106,1
DA:107,5
DA:108,5
DA:114,1
DA:116,3
DA:117,3
DA:123,1
DA:125,1
DA:135,8
DA:138,8
DA:139,8
DA:145,0
DA:146,0
DA:149,0
DA:152,0
DA:153,0
DA:154,0
DA:155,0
DA:158,0
DA:159,0
DA:162,0
DA:163,0
DA:164,0
DA:165,0
DA:166,0
DA:167,0
DA:168,0
DA:169,0
DA:171,0
DA:184,8
DA:186,8
DA:187,8
DA:188,8
DA:190,8
DA:191,32
DA:196,8
DA:209,37
DA:211,9
DA:213,9
DA:215,9
DA:216,3
DA:217,6
DA:218,1
DA:219,5
DA:220,1
DA:221,4
DA:222,3
DA:223,1
DA:224,1
DA:227,9
DA:229,37
DA:231,9
DA:233,9
DA:244,8
DA:283,8
DA:284,8
DA:289,16
DA:297,9
DA:313,9
DA:314,243
DA:316,18
DA:324,9
DA:329,0
DA:377,0
DA:378,0
DA:383,0
DA:399,0
DA:408,0
DA:409,0
DA:414,0
DA:435,0
DA:440,0
DA:442,0
DA:443,0
DA:445,0
DA:446,0
DA:448,0
DA:449,0
DA:451,0
DA:452,0
DA:453,0
DA:454,0
DA:455,0
DA:456,0
DA:457,0
DA:458,0
DA:459,0
DA:460,0
DA:461,0
DA:462,0
DA:463,0
DA:464,0
DA:465,0
DA:468,0
DA:470,0
DA:471,0
DA:473,0
DA:484,0
DA:485,0
DA:487,0
DA:494,0
DA:496,0
DA:501,1
DA:502,1
LF:118
LH:58
BRDA:84,0,0,9
BRDA:84,0,1,0
BRDA:91,1,0,0
BRDA:107,2,0,5
BRDA:107,2,1,5
BRDA:109,3,0,5
BRDA:109,3,1,0
BRDA:110,4,0,5
BRDA:110,4,1,0
BRDA:116,5,0,3
BRDA:116,5,1,3
BRDA:118,6,0,3
BRDA:118,6,1,0
BRDA:119,7,0,3
BRDA:119,7,1,0
BRDA:211,8,0,9
BRDA:211,8,1,0
BRDA:215,9,0,3
BRDA:215,9,1,6
BRDA:215,10,0,9
BRDA:215,10,1,6
BRDA:217,11,0,1
BRDA:217,11,1,5
BRDA:217,12,0,6
BRDA:217,12,1,5
BRDA:217,12,2,5
BRDA:219,13,0,1
BRDA:219,13,1,4
BRDA:219,14,0,5
BRDA:219,14,1,4
BRDA:219,14,2,4
BRDA:221,15,0,3
BRDA:221,15,1,1
BRDA:221,16,0,4
BRDA:221,16,1,1
BRDA:223,17,0,1
BRDA:223,18,0,1
BRDA:223,18,1,0
BRDA:223,18,2,0
BRDA:229,19,0,9
BRDA:229,19,1,0
BRDA:442,20,0,0
BRDA:442,20,1,0
BRDA:449,21,0,0
BRDA:449,21,1,0
BRDA:451,22,0,0
BRDA:451,22,1,0
BRDA:451,23,0,0
BRDA:451,23,1,0
BRDA:454,24,0,0
BRDA:454,24,1,0
BRDA:454,25,0,0
BRDA:454,25,1,0
BRDA:457,26,0,0
BRDA:457,26,1,0
BRDA:457,27,0,0
BRDA:457,27,1,0
BRDA:460,28,0,0
BRDA:460,28,1,0
BRDA:460,29,0,0
BRDA:460,29,1,0
BRDA:463,30,0,0
BRDA:463,31,0,0
BRDA:463,31,1,0
BRF:64
BRH:31
end_of_record
TN:
SF:src\services\storageService.ts
FN:30,(anonymous_1)
FN:45,(anonymous_2)
FN:63,(anonymous_3)
FN:121,(anonymous_4)
FNF:4
FNH:4
FNDA:2,(anonymous_1)
FNDA:2,(anonymous_2)
FNDA:4,(anonymous_3)
FNDA:2,(anonymous_4)
DA:1,1
DA:2,1
DA:3,1
DA:4,1
DA:31,2
DA:32,2
DA:33,2
DA:34,0
DA:38,2
DA:45,2
DA:48,2
DA:50,2
DA:55,0
DA:56,0
DA:64,4
DA:65,4
DA:67,2
DA:68,1
DA:69,1
DA:91,1
DA:111,1
DA:112,1
DA:115,2
DA:116,2
DA:122,2
DA:123,2
DA:124,2
DA:127,2
DA:128,2
DA:131,2
DA:132,1
DA:134,1
DA:157,2
DA:158,2
DA:159,2
DA:161,2
DA:162,0
DA:163,0
DA:165,0
DA:166,0
DA:167,0
DA:170,2
DA:174,2
DA:175,2
DA:178,2
DA:198,2
DA:201,2
DA:203,2
DA:204,2
DA:205,2
DA:206,2
DA:207,2
DA:210,2
DA:211,2
DA:212,2
DA:213,2
DA:215,0
DA:219,0
DA:226,1
DA:227,1
LF:60
LH:50
BRDA:33,0,0,0
BRDA:67,1,0,1
BRDA:67,1,1,1
BRDA:70,2,0,1
BRDA:70,2,1,0
BRDA:71,3,0,1
BRDA:71,3,1,0
BRDA:72,4,0,1
BRDA:72,4,1,0
BRDA:73,5,0,1
BRDA:73,5,1,0
BRDA:75,6,0,1
BRDA:75,6,1,0
BRDA:76,7,0,1
BRDA:76,7,1,0
BRDA:77,8,0,1
BRDA:77,8,1,0
BRDA:78,9,0,1
BRDA:78,9,1,0
BRDA:79,10,0,1
BRDA:79,10,1,0
BRDA:80,11,0,1
BRDA:80,11,1,0
BRDA:124,12,0,0
BRDA:131,13,0,1
BRDA:131,13,1,1
BRDA:158,14,0,0
BRDA:158,14,1,2
BRDA:161,15,0,0
BRDA:161,15,1,2
BRDA:163,16,0,0
BRDA:163,16,1,0
BRDA:166,17,0,0
BRDA:174,18,0,2
BRDA:174,18,1,1
BRDA:175,19,0,2
BRDA:175,19,1,1
BRDA:184,20,0,2
BRDA:184,20,1,1
BRDA:189,21,0,2
BRDA:189,21,1,1
BRDA:193,22,0,2
BRDA:193,22,1,1
BRF:43
BRH:26
end_of_record
TN:
SF:src\styles\colors.ts
FNF:0
FNH:0
DA:1,1
LF:1
LH:1
BRF:0
BRH:0
end_of_record
TN:
SF:src\styles\global.ts
FN:5,(anonymous_0)
FNF:1
FNH:0
FNDA:0,(anonymous_0)
DA:1,1
DA:2,1
DA:5,1
DA:155,1
LF:4
LH:4
BRF:0
BRH:0
end_of_record
