TN:
SF:firebaseConfig.tsx
FNF:0
FNH:0
DA:2,1
DA:3,1
DA:4,1
DA:5,1
DA:8,1
DA:18,1
DA:21,1
DA:22,1
DA:23,1
DA:26,1
DA:32,1
LF:11
LH:11
BRDA:26,0,0,0
BRF:1
BRH:0
end_of_record
TN:
SF:src\components\MapComponent.tsx
FN:19,(anonymous_9)
FN:30,(anonymous_10)
FN:70,(anonymous_11)
FN:93,(anonymous_12)
FN:108,(anonymous_13)
FN:116,(anonymous_14)
FN:133,(anonymous_15)
FN:146,(anonymous_16)
FN:148,(anonymous_17)
FN:152,(anonymous_18)
FN:156,(anonymous_19)
FN:169,(anonymous_20)
FN:258,(anonymous_21)
FN:262,(anonymous_22)
FN:278,(anonymous_23)
FN:279,(anonymous_24)
FN:284,(anonymous_25)
FN:314,(anonymous_26)
FN:341,(anonymous_27)
FN:354,(anonymous_28)
FN:355,(anonymous_29)
FN:360,(anonymous_30)
FNF:22
FNH:4
FNDA:1,(anonymous_9)
FNDA:0,(anonymous_10)
FNDA:0,(anonymous_11)
FNDA:0,(anonymous_12)
FNDA:0,(anonymous_13)
FNDA:0,(anonymous_14)
FNDA:0,(anonymous_15)
FNDA:1,(anonymous_16)
FNDA:0,(anonymous_17)
FNDA:1,(anonymous_18)
FNDA:1,(anonymous_19)
FNDA:0,(anonymous_20)
FNDA:0,(anonymous_21)
FNDA:0,(anonymous_22)
FNDA:0,(anonymous_23)
FNDA:0,(anonymous_24)
FNDA:0,(anonymous_25)
FNDA:0,(anonymous_26)
FNDA:0,(anonymous_27)
FNDA:0,(anonymous_28)
FNDA:0,(anonymous_29)
FNDA:0,(anonymous_30)
DA:1,1
DA:2,1
DA:3,1
DA:4,1
DA:5,1
DA:8,1
DA:9,1
DA:10,1
DA:12,1
DA:13,0
DA:14,0
DA:15,0
DA:16,0
DA:19,1
DA:24,1
DA:25,1
DA:26,1
DA:27,1
DA:30,1
DA:31,0
DA:33,0
DA:34,0
DA:35,0
DA:37,0
DA:43,0
DA:44,0
DA:54,0
DA:55,0
DA:56,0
DA:59,0
DA:62,0
DA:63,0
DA:64,0
DA:67,0
DA:69,0
DA:70,0
DA:78,0
DA:80,0
DA:81,0
DA:90,0
DA:91,0
DA:92,0
DA:93,0
DA:102,0
DA:108,1
DA:109,0
DA:111,0
DA:112,0
DA:116,1
DA:117,0
DA:118,0
DA:119,0
DA:120,0
DA:123,0
DA:125,0
DA:127,0
DA:129,0
DA:133,1
DA:134,0
DA:135,0
DA:137,0
DA:146,1
DA:148,1
DA:149,0
DA:152,1
DA:156,1
DA:157,1
DA:158,0
DA:169,1
DA:170,0
DA:233,0
DA:237,1
DA:238,1
DA:259,0
DA:262,0
DA:278,0
DA:279,0
DA:284,0
DA:294,0
DA:316,0
DA:317,0
DA:321,0
DA:323,0
DA:324,0
DA:333,0
DA:336,0
DA:341,0
DA:354,0
DA:355,0
DA:360,0
DA:369,1
DA:442,1
LF:92
LH:28
BRDA:12,0,0,0
BRDA:31,1,0,0
BRDA:35,2,0,0
BRDA:35,2,1,0
BRDA:54,3,0,0
BRDA:62,4,0,0
BRDA:69,5,0,0
BRDA:90,6,0,0
BRDA:92,7,0,0
BRDA:109,8,0,0
BRDA:109,9,0,0
BRDA:109,9,1,0
BRDA:112,10,0,0
BRDA:112,10,1,0
BRDA:112,11,0,0
BRDA:112,11,1,0
BRDA:112,12,0,0
BRDA:112,12,1,0
BRDA:112,13,0,0
BRDA:112,13,1,0
BRDA:112,13,2,0
BRDA:157,14,0,0
BRDA:157,15,0,1
BRDA:157,15,1,1
BRDA:233,16,0,0
BRDA:233,16,1,0
BRDA:237,17,0,1
BRDA:247,18,0,1
BRDA:247,18,1,1
BRDA:255,19,0,1
BRDA:255,19,1,0
BRDA:272,20,0,1
BRDA:272,20,1,0
BRDA:282,21,0,0
BRDA:282,21,1,0
BRDA:302,22,0,0
BRDA:302,22,1,0
BRDA:303,23,0,0
BRDA:303,23,1,0
BRDA:307,24,0,0
BRDA:307,24,1,0
BRDA:316,25,0,0
BRDA:316,26,0,0
BRDA:316,26,1,0
BRDA:316,26,2,0
BRDA:323,27,0,0
BRDA:333,28,0,0
BRDA:333,28,1,0
BRDA:348,29,0,0
BRDA:348,29,1,0
BRDA:358,30,0,0
BRDA:358,30,1,0
BRF:52
BRH:7
end_of_record
TN:
SF:src\hooks\useLocation.ts
FN:4,(anonymous_9)
FN:11,(anonymous_10)
FN:26,(anonymous_11)
FNF:3
FNH:3
FNDA:9,(anonymous_9)
FNDA:9,(anonymous_10)
FNDA:5,(anonymous_11)
DA:1,1
DA:2,1
DA:4,1
DA:5,9
DA:9,9
DA:11,9
DA:12,9
DA:13,9
DA:14,8
DA:15,2
DA:16,2
DA:18,6
DA:19,4
DA:20,2
DA:22,5
DA:26,9
DA:27,5
DA:30,9
LF:18
LH:18
BRDA:14,0,0,2
BRF:1
BRH:1
end_of_record
TN:
SF:src\services\adviceService.ts
FN:310,(anonymous_1)
FN:321,(anonymous_2)
FN:338,(anonymous_3)
FN:350,(anonymous_4)
FN:367,(anonymous_5)
FN:389,(anonymous_6)
FN:401,(anonymous_7)
FN:418,(anonymous_8)
FN:432,(anonymous_9)
FN:439,(anonymous_10)
FN:458,(anonymous_11)
FN:487,(anonymous_12)
FN:521,(anonymous_13)
FN:552,(anonymous_14)
FN:571,(anonymous_15)
FN:598,(anonymous_16)
FN:614,(anonymous_17)
FN:631,(anonymous_18)
FN:638,(anonymous_19)
FN:641,(anonymous_20)
FN:642,(anonymous_21)
FN:660,(anonymous_22)
FN:670,(anonymous_23)
FN:678,(anonymous_24)
FN:697,(anonymous_25)
FN:701,(anonymous_26)
FN:711,(anonymous_27)
FN:720,(anonymous_28)
FN:740,(anonymous_29)
FN:748,(anonymous_30)
FN:773,(anonymous_31)
FN:781,(anonymous_32)
FN:795,(anonymous_33)
FN:809,(anonymous_34)
FN:822,(anonymous_35)
FN:825,(anonymous_36)
FNF:36
FNH:12
FNDA:0,(anonymous_1)
FNDA:0,(anonymous_2)
FNDA:0,(anonymous_3)
FNDA:0,(anonymous_4)
FNDA:2,(anonymous_5)
FNDA:0,(anonymous_6)
FNDA:0,(anonymous_7)
FNDA:1,(anonymous_8)
FNDA:2,(anonymous_9)
FNDA:1,(anonymous_10)
FNDA:1,(anonymous_11)
FNDA:1,(anonymous_12)
FNDA:1,(anonymous_13)
FNDA:1,(anonymous_14)
FNDA:1,(anonymous_15)
FNDA:1,(anonymous_16)
FNDA:1,(anonymous_17)
FNDA:1,(anonymous_18)
FNDA:0,(anonymous_19)
FNDA:0,(anonymous_20)
FNDA:0,(anonymous_21)
FNDA:0,(anonymous_22)
FNDA:0,(anonymous_23)
FNDA:0,(anonymous_24)
FNDA:0,(anonymous_25)
FNDA:0,(anonymous_26)
FNDA:0,(anonymous_27)
FNDA:0,(anonymous_28)
FNDA:0,(anonymous_29)
FNDA:0,(anonymous_30)
FNDA:0,(anonymous_31)
FNDA:0,(anonymous_32)
FNDA:0,(anonymous_33)
FNDA:0,(anonymous_34)
FNDA:0,(anonymous_35)
FNDA:0,(anonymous_36)
DA:1,1
DA:16,1
DA:17,1
DA:57,1
DA:117,1
DA:304,1
DA:305,2
DA:311,0
DA:312,0
DA:318,0
DA:319,0
DA:321,0
DA:322,0
DA:328,0
DA:330,0
DA:331,0
DA:339,0
DA:340,0
DA:347,0
DA:348,0
DA:350,0
DA:351,0
DA:357,0
DA:359,0
DA:360,0
DA:368,2
DA:369,2
DA:370,2
DA:372,2
DA:373,1
DA:378,1
DA:381,0
DA:382,0
DA:390,0
DA:391,0
DA:398,0
DA:399,0
DA:401,0
DA:402,0
DA:408,0
DA:410,0
DA:411,0
DA:419,1
DA:423,1
DA:429,1
DA:430,1
DA:432,1
DA:433,2
DA:434,2
DA:436,2
DA:439,1
DA:441,1
DA:448,1
DA:450,0
DA:451,0
DA:459,1
DA:460,1
DA:461,1
DA:462,0
DA:465,1
DA:476,1
DA:477,1
DA:479,0
DA:480,0
DA:488,1
DA:489,1
DA:490,1
DA:491,0
DA:494,1
DA:495,1
DA:497,1
DA:498,0
DA:501,1
DA:504,1
DA:505,0
DA:508,1
DA:513,0
DA:514,0
DA:522,1
DA:523,1
DA:524,1
DA:525,0
DA:528,1
DA:529,1
DA:531,1
DA:532,0
DA:535,1
DA:538,1
DA:539,0
DA:542,1
DA:544,0
DA:545,0
DA:553,1
DA:554,1
DA:555,1
DA:557,1
DA:558,1
DA:559,1
DA:564,0
DA:572,1
DA:573,1
DA:574,1
DA:575,0
DA:578,1
DA:579,1
DA:581,1
DA:582,1
DA:585,1
DA:590,0
DA:591,0
DA:599,1
DA:600,1
DA:601,1
DA:602,0
DA:605,1
DA:611,1
DA:612,1
DA:614,1
DA:615,1
DA:621,1
DA:623,0
DA:624,0
DA:632,1
DA:639,0
DA:641,0
DA:642,0
DA:654,0
DA:661,0
DA:662,0
DA:671,0
DA:672,0
DA:679,0
DA:680,0
DA:683,0
DA:684,0
DA:685,0
DA:687,0
DA:698,0
DA:699,0
DA:701,0
DA:702,0
DA:705,0
DA:712,0
DA:713,0
DA:714,0
DA:721,0
DA:722,0
DA:723,0
DA:725,0
DA:727,0
DA:730,0
DA:731,0
DA:741,0
DA:742,0
DA:743,0
DA:744,0
DA:747,0
DA:748,0
DA:750,0
DA:751,0
DA:754,0
DA:760,0
DA:761,0
DA:763,0
DA:765,0
DA:766,0
DA:774,0
DA:775,0
DA:776,0
DA:777,0
DA:780,0
DA:781,0
DA:783,0
DA:785,0
DA:787,0
DA:788,0
DA:796,0
DA:797,0
DA:798,0
DA:799,0
DA:802,0
DA:803,0
DA:804,0
DA:807,0
DA:809,0
DA:814,0
DA:815,0
DA:823,0
DA:824,0
DA:825,0
DA:827,0
DA:828,0
DA:833,1
DA:834,1
LF:194
LH:74
BRDA:372,0,0,1
BRDA:372,0,1,1
BRDA:389,1,0,0
BRDA:436,2,0,1
BRDA:437,3,0,2
BRDA:437,3,1,1
BRDA:437,3,2,1
BRDA:461,4,0,0
BRDA:468,5,0,1
BRDA:468,5,1,0
BRDA:490,6,0,0
BRDA:497,7,0,0
BRDA:504,8,0,0
BRDA:524,9,0,0
BRDA:531,10,0,0
BRDA:538,11,0,0
BRDA:557,12,0,1
BRDA:558,13,0,1
BRDA:558,13,1,0
BRDA:574,14,0,0
BRDA:581,15,0,1
BRDA:582,16,0,1
BRDA:582,16,1,0
BRDA:601,17,0,0
BRDA:662,18,0,0
BRDA:662,18,1,0
BRDA:725,19,0,0
BRDA:725,19,1,0
BRDA:743,20,0,0
BRDA:750,21,0,0
BRDA:755,22,0,0
BRDA:755,22,1,0
BRDA:776,23,0,0
BRDA:798,24,0,0
BRDA:803,25,0,0
BRF:35
BRH:11
end_of_record
TN:
SF:src\services\apiService.ts
FN:29,(anonymous_0)
FN:31,(anonymous_1)
FN:39,(anonymous_2)
FN:42,(anonymous_3)
FN:48,(anonymous_4)
FN:57,(anonymous_5)
FN:67,(anonymous_6)
FN:76,(anonymous_7)
FN:77,(anonymous_8)
FN:81,(anonymous_9)
FN:121,(anonymous_10)
FN:169,(anonymous_11)
FN:181,(anonymous_12)
FN:195,(anonymous_13)
FN:201,(anonymous_14)
FN:210,(anonymous_15)
FN:220,(anonymous_16)
FN:234,(anonymous_17)
FN:240,(anonymous_18)
FN:246,(anonymous_19)
FN:253,(anonymous_20)
FN:264,(anonymous_21)
FN:272,(anonymous_22)
FNF:23
FNH:21
FNDA:1,(anonymous_0)
FNDA:16,(anonymous_1)
FNDA:10,(anonymous_2)
FNDA:20,(anonymous_3)
FNDA:8,(anonymous_4)
FNDA:8,(anonymous_5)
FNDA:6,(anonymous_6)
FNDA:8,(anonymous_7)
FNDA:8,(anonymous_8)
FNDA:11,(anonymous_9)
FNDA:10,(anonymous_10)
FNDA:3,(anonymous_11)
FNDA:26,(anonymous_12)
FNDA:2,(anonymous_13)
FNDA:23,(anonymous_14)
FNDA:0,(anonymous_15)
FNDA:2,(anonymous_16)
FNDA:15,(anonymous_17)
FNDA:0,(anonymous_18)
FNDA:4,(anonymous_19)
FNDA:3,(anonymous_20)
FNDA:2,(anonymous_21)
FNDA:2,(anonymous_22)
DA:23,1
DA:24,1
DA:25,1
DA:26,1
DA:27,1
DA:32,16
DA:33,1
DA:35,16
DA:40,10
DA:42,20
DA:44,10
DA:49,8
DA:50,8
DA:52,1
DA:53,1
DA:58,8
DA:59,1
DA:60,1
DA:61,1
DA:63,7
DA:68,6
DA:72,6
DA:77,8
DA:82,11
DA:84,11
DA:85,19
DA:86,19
DA:88,19
DA:97,12
DA:98,8
DA:102,4
DA:103,0
DA:106,4
DA:108,11
DA:109,11
DA:111,11
DA:112,8
DA:117,3
DA:127,10
DA:130,10
DA:131,10
DA:132,10
DA:134,10
DA:135,0
DA:138,10
DA:141,10
DA:142,5
DA:143,5
DA:144,1
DA:148,9
DA:149,9
DA:151,9
DA:152,7
DA:154,7
DA:157,7
DA:158,3
DA:161,7
DA:163,2
DA:164,2
DA:170,3
DA:172,3
DA:173,3
DA:174,3
DA:175,0
DA:179,3
DA:180,3
DA:181,26
DA:183,3
DA:184,3
DA:187,3
DA:189,0
DA:190,0
DA:196,2
DA:197,2
DA:198,2
DA:200,2
DA:201,23
DA:204,0
DA:205,0
DA:211,0
DA:212,0
DA:214,0
DA:215,0
DA:221,2
DA:222,2
DA:223,2
DA:225,2
DA:226,1
DA:228,1
DA:229,1
DA:235,15
DA:236,15
DA:241,0
DA:242,0
DA:252,4
DA:253,4
DA:255,4
DA:265,2
DA:278,2
DA:280,2
DA:281,2
DA:282,1
DA:284,1
DA:290,1
DA:292,1
DA:301,1
LF:106
LH:93
BRDA:32,0,0,1
BRDA:39,1,0,0
BRDA:50,2,0,7
BRDA:58,3,0,1
BRDA:81,4,0,11
BRDA:97,5,0,8
BRDA:102,6,0,0
BRDA:102,7,0,4
BRDA:102,7,1,4
BRDA:111,8,0,8
BRDA:117,9,0,3
BRDA:117,9,1,0
BRDA:121,10,0,5
BRDA:127,11,0,8
BRDA:127,12,0,10
BRDA:127,13,0,5
BRDA:134,14,0,0
BRDA:141,15,0,5
BRDA:143,16,0,1
BRDA:157,17,0,3
BRDA:169,18,0,3
BRDA:172,19,0,3
BRDA:174,20,0,0
BRDA:183,21,0,3
BRDA:195,22,0,1
BRDA:210,23,0,0
BRDA:258,24,0,2
BRDA:258,24,1,2
BRDA:259,25,0,2
BRDA:259,25,1,2
BRF:30
BRH:24
end_of_record
TN:
SF:src\services\mlKitService.ts
FN:114,(anonymous_1)
FN:121,(anonymous_2)
FN:139,(anonymous_3)
FN:145,(anonymous_4)
FN:174,(anonymous_5)
FN:179,(anonymous_6)
FN:199,(anonymous_7)
FN:215,(anonymous_8)
FN:216,(anonymous_9)
FN:223,(anonymous_10)
FN:242,(anonymous_11)
FN:243,(anonymous_12)
FN:280,(anonymous_13)
FN:327,(anonymous_14)
FN:329,(anonymous_15)
FN:338,(anonymous_16)
FN:356,(anonymous_17)
FN:358,(anonymous_18)
FN:360,(anonymous_19)
FN:374,(anonymous_20)
FN:430,(anonymous_21)
FN:431,(anonymous_22)
FN:448,(anonymous_23)
FN:465,(anonymous_24)
FN:493,(anonymous_25)
FN:498,(anonymous_26)
FN:541,(anonymous_27)
FN:543,(anonymous_28)
FN:545,(anonymous_29)
FN:552,(anonymous_30)
FNF:30
FNH:16
FNDA:10,(anonymous_1)
FNDA:10,(anonymous_2)
FNDA:3,(anonymous_3)
FNDA:1,(anonymous_4)
FNDA:0,(anonymous_5)
FNDA:0,(anonymous_6)
FNDA:0,(anonymous_7)
FNDA:10,(anonymous_8)
FNDA:10,(anonymous_9)
FNDA:40,(anonymous_10)
FNDA:10,(anonymous_11)
FNDA:40,(anonymous_12)
FNDA:10,(anonymous_13)
FNDA:10,(anonymous_14)
FNDA:20,(anonymous_15)
FNDA:10,(anonymous_16)
FNDA:10,(anonymous_17)
FNDA:270,(anonymous_18)
FNDA:20,(anonymous_19)
FNDA:0,(anonymous_20)
FNDA:0,(anonymous_21)
FNDA:0,(anonymous_22)
FNDA:0,(anonymous_23)
FNDA:0,(anonymous_24)
FNDA:0,(anonymous_25)
FNDA:0,(anonymous_26)
FNDA:0,(anonymous_27)
FNDA:0,(anonymous_28)
FNDA:0,(anonymous_29)
FNDA:0,(anonymous_30)
DA:2,1
DA:3,1
DA:47,1
DA:78,1
DA:109,1
DA:115,10
DA:122,10
DA:124,10
DA:125,0
DA:126,0
DA:129,10
DA:130,10
DA:131,10
DA:134,10
DA:136,2
DA:139,3
DA:145,1
DA:151,0
DA:153,0
DA:163,10
DA:166,10
DA:167,10
DA:175,0
DA:176,0
DA:179,0
DA:182,0
DA:183,0
DA:184,0
DA:185,0
DA:188,0
DA:189,0
DA:192,0
DA:193,0
DA:194,0
DA:195,0
DA:196,0
DA:197,0
DA:198,0
DA:199,0
DA:201,0
DA:216,10
DA:218,10
DA:219,10
DA:220,10
DA:222,10
DA:223,40
DA:228,10
DA:243,40
DA:246,10
DA:249,10
DA:251,10
DA:252,0
DA:253,10
DA:254,3
DA:255,7
DA:256,3
DA:257,4
DA:258,2
DA:259,2
DA:260,2
DA:263,10
DA:264,10
DA:266,10
DA:268,10
DA:281,10
DA:320,10
DA:321,10
DA:329,20
DA:339,10
DA:357,10
DA:358,270
DA:360,20
DA:368,10
DA:375,0
DA:423,0
DA:424,0
DA:431,0
DA:449,0
DA:458,0
DA:459,0
DA:466,0
DA:487,0
DA:494,0
DA:497,0
DA:498,0
DA:500,0
DA:501,0
DA:503,0
DA:504,0
DA:507,0
DA:508,0
DA:509,0
DA:510,0
DA:511,0
DA:512,0
DA:513,0
DA:514,0
DA:515,0
DA:516,0
DA:517,0
DA:518,0
DA:519,0
DA:520,0
DA:521,0
DA:524,0
DA:526,0
DA:527,0
DA:529,0
DA:542,0
DA:543,0
DA:545,0
DA:552,0
DA:554,0
DA:559,1
DA:560,1
LF:115
LH:52
BRDA:115,0,0,10
BRDA:115,0,1,0
BRDA:124,1,0,0
BRDA:246,2,0,10
BRDA:246,2,1,0
BRDA:251,3,0,0
BRDA:251,3,1,10
BRDA:251,4,0,10
BRDA:251,4,1,10
BRDA:253,5,0,3
BRDA:253,5,1,7
BRDA:253,6,0,10
BRDA:253,6,1,7
BRDA:253,6,2,7
BRDA:255,7,0,3
BRDA:255,7,1,4
BRDA:255,8,0,7
BRDA:255,8,1,4
BRDA:255,8,2,4
BRDA:257,9,0,2
BRDA:257,9,1,2
BRDA:257,10,0,4
BRDA:257,10,1,2
BRDA:259,11,0,2
BRDA:259,12,0,2
BRDA:259,12,1,0
BRDA:259,12,2,0
BRDA:264,13,0,10
BRDA:264,13,1,0
BRDA:497,14,0,0
BRDA:497,14,1,0
BRDA:504,15,0,0
BRDA:504,15,1,0
BRDA:507,16,0,0
BRDA:507,16,1,0
BRDA:507,17,0,0
BRDA:507,17,1,0
BRDA:510,18,0,0
BRDA:510,18,1,0
BRDA:510,19,0,0
BRDA:510,19,1,0
BRDA:513,20,0,0
BRDA:513,20,1,0
BRDA:513,21,0,0
BRDA:513,21,1,0
BRDA:516,22,0,0
BRDA:516,22,1,0
BRDA:516,23,0,0
BRDA:516,23,1,0
BRDA:519,24,0,0
BRDA:519,25,0,0
BRDA:519,25,1,0
BRF:52
BRH:22
end_of_record
TN:
SF:src\styles\colors.ts
FNF:0
FNH:0
DA:1,1
LF:1
LH:1
BRF:0
BRH:0
end_of_record
TN:
SF:src\styles\global.ts
FN:5,(anonymous_0)
FNF:1
FNH:0
FNDA:0,(anonymous_0)
DA:1,1
DA:2,1
DA:5,1
DA:156,1
LF:4
LH:4
BRF:0
BRH:0
end_of_record
